INFO:Reinforcement.Functions:settings:[{'minGameScore': 2736, u'TAU': 0.001, u'minGameScoreRatio': 0.95, u'batchSize': 256, u'nGamesPerSave': 50, u'nEpochs': 1, u'minGameSequence': 500, u'nModelBackups': 3, u'gameMinutesLength': 2880, u'dequeSize': 50000, u'learningRate': 0.001, u'gamma': 0.95, u'trainSetSize': 256}]
INFO:Reinforcement.Functions:args:[{'random': True, 'gpuFrac': 0.3, 'sequential': False, 'gpuNum': 1, 'settings': '/home/yochaiz/SmartHome/Reinforcement/settings.json'}]
INFO:Reinforcement.Functions:results:[{'loss': [], 'score': []}]
INFO:Reinforcement.Functions:Actor:[{'epsilon_decay': 0.99, 'epsilon': 1.0, 'curBackupIdx': 0, 'epsilon_min': 0.01, 'TAU': 0.001, 'nBackups': 3, 'k': 10, 'actionDim': 5}]
INFO:Reinforcement.Functions:Critic:[{'TAU': 0.001, 'nBackups': 3, 'curBackupIdx': 0, 'actionDim': 5}]
INFO:Reinforcement.Functions:policy:[{'numOfDevices': 5, 'stateDim': (1, 8), 'seqLen': 1, 'policyJSON': {u'10': [{u'days': u'weekdays', u'times': [[u'21:00', u'23:29']]}, {u'days': [5], u'times': [[u'21:00', u'23:29']]}], u'6': [{u'days': u'weekdays', u'times': [[u'20:40', u'23:59'], [u'00:00', u'00:14']]}, {u'days': [4], u'times': [[u'00:00', u'00:14']]}, {u'days': [5], u'times': [[u'21:00', u'23:59']]}], u'weekdays': [0, 1, 2, 3, 6], u'Devices': [u'Room light1', u'Room light2', u'Room light3 (backdoor)', u'Kitchen light', u'Toilets light'], u'days': [u'Monday', u'Tuesday', u'Wednesday', u'Thursday', u'Friday', u'Saturday', u'Sunday'], u'1': [{u'days': [0, 1, 2, 3, 6], u'times': [[u'08:30', u'08:59'], [u'20:30', u'21:29']]}, {u'days': [4], u'times': [[u'10:00', u'13:29']]}, {u'days': [5], u'times': [[u'18:00', u'18:59']]}], u'0': [{u'days': [0, 1, 2, 3, 6], u'times': [[u'00:00', u'00:29'], [u'08:00', u'08:59'], [u'20:30', u'23:59']]}, {u'days': [4], u'times': [[u'00:00', u'00:59'], [u'09:30', u'13:29']]}, {u'days': [5], u'times': [[u'18:00', u'23:59']]}], u'3': [{u'days': [0, 1, 2, 3, 6], u'times': [[u'08:30', u'08:44'], [u'20:45', u'21:29'], [u'23:15', u'23:44']]}, {u'days': [4], u'times': [[u'10:00', u'10:59'], [u'12:45', u'13:14']]}, {u'days': [5], u'times': [[u'18:00', u'19:59'], [u'21:00', u'23:14']]}], u'2': [{u'days': [0, 1, 2, 3, 6], u'times': [[u'00:30', u'01:09']]}, {u'days': [4], u'times': [[u'00:30', u'01:09']]}], u'5': [{u'days': u'weekdays', u'times': [[u'08:35', u'08:42'], [u'21:09', u'21:11'], [u'00:05', u'00:24']]}, {u'days': [4], u'times': [[u'10:18', u'10:29'], [u'00:05', u'00:24']]}, {u'days': [5], u'times': [[u'19:09', u'19:09'], [u'21:34', u'21:34']]}], u'4': [{u'days': [0, 1, 2, 3, 6], u'times': [[u'08:30', u'08:34'], [u'21:05', u'21:08']]}, {u'days': [4], u'times': [[u'10:10', u'10:17']]}, {u'days': [5], u'times': [[u'19:05', u'19:08'], [u'21:20', u'21:33']]}], u'7': [{u'days': u'weekdays', u'times': [[u'20:40', u'23:59'], [u'00:00', u'00:14']]}, {u'days': [4], u'times': [[u'00:00', u'00:14']]}, {u'days': [5], u'times': [[u'21:00', u'23:59']]}], u'Time format': u'%H:%M', u'9': [{u'days': u'weekdays', u'times': [[u'09:00', u'09:00'], [u'20:30', u'20:30']]}, {u'days': [4], u'times': [[u'13:29', u'13:29']]}, {u'days': [5], u'times': [[u'18:00', u'18:00']]}], u'8': [{u'days': u'weekdays', u'times': [[u'20:31', u'20:54']]}, {u'days': [5], u'times': [[u'18:00', u'18:59']]}], u'weekend': [4, 5]}}]
INFO:Reinforcement.Functions:Saving [Actor] main model as [results/D-18-3-H-16-45-9/Actor-main-model-0.h5]
INFO:Reinforcement.Functions:Saving [Actor] target model as [results/D-18-3-H-16-45-9/Actor-target-model-0.h5]
INFO:Reinforcement.Functions:Saving [Critic] main model as [results/D-18-3-H-16-45-9/Critic-main-model-0.h5]
INFO:Reinforcement.Functions:Saving [Critic] target model as [results/D-18-3-H-16-45-9/Critic-target-model-0.h5]
INFO:Reinforcement.Functions:[Actor] model architecture:
INFO:Reinforcement.Functions:_________________________________________________________________
INFO:Reinforcement.Functions:Layer (type)                 Output Shape              Param #   
INFO:Reinforcement.Functions:=================================================================
INFO:Reinforcement.Functions:input_1 (InputLayer)         (None, 1, 8)              0         
INFO:Reinforcement.Functions:_________________________________________________________________
INFO:Reinforcement.Functions:dense_1 (Dense)              (None, 1, 2048)           18432     
INFO:Reinforcement.Functions:_________________________________________________________________
INFO:Reinforcement.Functions:dense_2 (Dense)              (None, 1, 2048)           4196352   
INFO:Reinforcement.Functions:_________________________________________________________________
INFO:Reinforcement.Functions:dense_3 (Dense)              (None, 1, 5)              10245     
INFO:Reinforcement.Functions:_________________________________________________________________
INFO:Reinforcement.Functions:reshape_1 (Reshape)          (None, 5)                 0         
INFO:Reinforcement.Functions:=================================================================
INFO:Reinforcement.Functions:Total params: 4,225,029
INFO:Reinforcement.Functions:Trainable params: 4,225,029
INFO:Reinforcement.Functions:Non-trainable params: 0
INFO:Reinforcement.Functions:_________________________________________________________________
INFO:Reinforcement.Functions:[Critic] model architecture:
INFO:Reinforcement.Functions:__________________________________________________________________________________________________
INFO:Reinforcement.Functions:Layer (type)                    Output Shape         Param #     Connected to                     
INFO:Reinforcement.Functions:==================================================================================================
INFO:Reinforcement.Functions:input_2 (InputLayer)            (None, 1, 8)         0                                            
INFO:Reinforcement.Functions:__________________________________________________________________________________________________
INFO:Reinforcement.Functions:dense_4 (Dense)                 (None, 1, 2048)      18432       input_2[0][0]                    
INFO:Reinforcement.Functions:__________________________________________________________________________________________________
INFO:Reinforcement.Functions:input_3 (InputLayer)            (None, 5)            0                                            
INFO:Reinforcement.Functions:__________________________________________________________________________________________________
INFO:Reinforcement.Functions:dense_5 (Dense)                 (None, 1, 2048)      4196352     dense_4[0][0]                    
INFO:Reinforcement.Functions:__________________________________________________________________________________________________
INFO:Reinforcement.Functions:dense_6 (Dense)                 (None, 2048)         12288       input_3[0][0]                    
INFO:Reinforcement.Functions:__________________________________________________________________________________________________
INFO:Reinforcement.Functions:add_1 (Add)                     (None, 1, 2048)      0           dense_5[0][0]                    
INFO:Reinforcement.Functions:                                                                 dense_6[0][0]                    
INFO:Reinforcement.Functions:__________________________________________________________________________________________________
INFO:Reinforcement.Functions:activation_1 (Activation)       (None, 1, 2048)      0           add_1[0][0]                      
INFO:Reinforcement.Functions:__________________________________________________________________________________________________
INFO:Reinforcement.Functions:dense_7 (Dense)                 (None, 1, 1)         2049        activation_1[0][0]               
INFO:Reinforcement.Functions:__________________________________________________________________________________________________
INFO:Reinforcement.Functions:reshape_2 (Reshape)             (None, 1)            0           dense_7[0][0]                    
INFO:Reinforcement.Functions:==================================================================================================
INFO:Reinforcement.Functions:Total params: 4,229,121
INFO:Reinforcement.Functions:Trainable params: 4,229,121
INFO:Reinforcement.Functions:Non-trainable params: 0
INFO:Reinforcement.Functions:__________________________________________________________________________________________________
INFO:Reinforcement.Functions:episode: 1, score:[1544.00], loss:[27.92041], sequence:[0], isInPoolRatio:[0.87], optActionSelectedRatio:[0.04], optActionInPoolButNotSelected:[0.96], random actions:[115], eInit:[1.0000], init state:[ 3 21 11  1  1  0  1  0], end state:[ 5 21 11  1  0  0  0  0]
INFO:Reinforcement.Functions:episode: 2, score:[2278.00], loss:[28.05445], sequence:[0], isInPoolRatio:[0.92], optActionSelectedRatio:[0.66], optActionInPoolButNotSelected:[0.25], random actions:[124], eInit:[0.9900], init state:[ 1 18 25  0  0  0  0  0], end state:[ 3 18 25  1  0  0  0  0]
INFO:Reinforcement.Functions:episode: 3, score:[2304.80], loss:[20.74436], sequence:[0], isInPoolRatio:[0.95], optActionSelectedRatio:[0.68], optActionInPoolButNotSelected:[0.26], random actions:[118], eInit:[0.9801], init state:[ 5 15 54  0  0  0  0  0], end state:[ 0 15 54  0  0  0  0  0]
INFO:Reinforcement.Functions:episode: 4, score:[2411.60], loss:[18.12558], sequence:[0], isInPoolRatio:[0.94], optActionSelectedRatio:[0.78], optActionInPoolButNotSelected:[0.14], random actions:[116], eInit:[0.9703], init state:[ 0  5 24  0  0  0  0  0], end state:[ 2  5 24  0  0  0  0  0]
INFO:Reinforcement.Functions:episode: 5, score:[2332.00], loss:[13.81652], sequence:[0], isInPoolRatio:[0.97], optActionSelectedRatio:[0.68], optActionInPoolButNotSelected:[0.27], random actions:[122], eInit:[0.9606], init state:[ 4 12 37  1  1  0  0  0], end state:[ 6 12 37  0  0  0  0  0]
INFO:Reinforcement.Functions:episode: 6, score:[2470.00], loss:[9.98185], sequence:[0], isInPoolRatio:[0.98], optActionSelectedRatio:[0.75], optActionInPoolButNotSelected:[0.21], random actions:[113], eInit:[0.9510], init state:[ 4 17  2  0  0  0  0  0], end state:[ 6 17  2  0  0  0  0  0]
INFO:Reinforcement.Functions:episode: 7, score:[2276.80], loss:[12.24524], sequence:[0], isInPoolRatio:[0.93], optActionSelectedRatio:[0.69], optActionInPoolButNotSelected:[0.23], random actions:[135], eInit:[0.9415], init state:[ 3  4 15  0  0  0  0  0], end state:[ 5  4 15  1  0  0  0  1]
INFO:Reinforcement.Functions:episode: 8, score:[2542.80], loss:[11.07755], sequence:[0], isInPoolRatio:[0.96], optActionSelectedRatio:[0.84], optActionInPoolButNotSelected:[0.10], random actions:[110], eInit:[0.9321], init state:[ 1 10 53  0  0  0  0  0], end state:[ 3 10 53  0  0  0  0  0]
INFO:Reinforcement.Functions:episode: 9, score:[2464.40], loss:[10.35452], sequence:[0], isInPoolRatio:[0.96], optActionSelectedRatio:[0.77], optActionInPoolButNotSelected:[0.16], random actions:[122], eInit:[0.9227], init state:[ 5  2 17  0  0  0  0  0], end state:[ 0  2 17  0  0  0  0  0]
INFO:Reinforcement.Functions:episode: 10, score:[2510.40], loss:[10.19698], sequence:[0], isInPoolRatio:[0.96], optActionSelectedRatio:[0.79], optActionInPoolButNotSelected:[0.15], random actions:[105], eInit:[0.9135], init state:[ 5 23 37  1  0  0  0  0], end state:[ 0 23 37  1  0  0  0  0]
INFO:Reinforcement.Functions:episode: 11, score:[2489.60], loss:[9.91538], sequence:[0], isInPoolRatio:[0.95], optActionSelectedRatio:[0.78], optActionInPoolButNotSelected:[0.15], random actions:[107], eInit:[0.9044], init state:[ 5 13 21  0  0  0  0  0], end state:[ 0 13 21  0  0  0  0  0]
INFO:Reinforcement.Functions:episode: 12, score:[2540.80], loss:[9.38475], sequence:[0], isInPoolRatio:[0.96], optActionSelectedRatio:[0.80], optActionInPoolButNotSelected:[0.13], random actions:[121], eInit:[0.8953], init state:[ 5 12 14  0  0  0  0  0], end state:[ 0 12 14  0  0  0  0  0]
INFO:Reinforcement.Functions:episode: 13, score:[2368.00], loss:[9.57352], sequence:[0], isInPoolRatio:[0.93], optActionSelectedRatio:[0.74], optActionInPoolButNotSelected:[0.17], random actions:[127], eInit:[0.8864], init state:[ 3  1 21  0  0  0  0  0], end state:[ 5  1 21  0  0  0  0  0]
INFO:Reinforcement.Functions:episode: 14, score:[2462.80], loss:[9.42454], sequence:[0], isInPoolRatio:[0.94], optActionSelectedRatio:[0.76], optActionInPoolButNotSelected:[0.16], random actions:[102], eInit:[0.8775], init state:[ 3  0 43  0  0  1  0  0], end state:[ 5  0 43  0  0  0  0  0]
INFO:Reinforcement.Functions:episode: 15, score:[2616.80], loss:[9.17812], sequence:[0], isInPoolRatio:[0.97], optActionSelectedRatio:[0.87], optActionInPoolButNotSelected:[0.08], random actions:[116], eInit:[0.8687], init state:[ 1 19 48  0  0  0  0  0], end state:[ 3 19 48  0  0  0  0  0]
INFO:Reinforcement.Functions:episode: 16, score:[2609.20], loss:[8.64245], sequence:[0], isInPoolRatio:[0.95], optActionSelectedRatio:[0.85], optActionInPoolButNotSelected:[0.08], random actions:[93], eInit:[0.8601], init state:[ 4 10 44  1  1  0  1  0], end state:[ 6 10 44  0  0  0  0  0]
INFO:Reinforcement.Functions:episode: 17, score:[2616.40], loss:[8.25929], sequence:[0], isInPoolRatio:[0.98], optActionSelectedRatio:[0.86], optActionInPoolButNotSelected:[0.09], random actions:[109], eInit:[0.8515], init state:[ 2  1 34  0  0  0  0  0], end state:[ 4  1 34  0  0  0  0  0]
INFO:Reinforcement.Functions:episode: 18, score:[2648.00], loss:[7.75811], sequence:[0], isInPoolRatio:[0.98], optActionSelectedRatio:[0.89], optActionInPoolButNotSelected:[0.06], random actions:[110], eInit:[0.8429], init state:[ 2  9 23  0  0  0  0  0], end state:[ 4  9 23  0  0  0  0  0]
INFO:Reinforcement.Functions:episode: 19, score:[2608.80], loss:[7.71768], sequence:[0], isInPoolRatio:[0.97], optActionSelectedRatio:[0.86], optActionInPoolButNotSelected:[0.08], random actions:[116], eInit:[0.8345], init state:[ 5  7 13  0  0  0  0  0], end state:[ 0  7 13  0  0  0  0  0]
INFO:Reinforcement.Functions:episode: 20, score:[2617.60], loss:[7.26697], sequence:[0], isInPoolRatio:[0.96], optActionSelectedRatio:[0.85], optActionInPoolButNotSelected:[0.08], random actions:[115], eInit:[0.8262], init state:[ 5  6 16  0  0  0  0  0], end state:[ 0  6 16  0  0  0  0  0]
INFO:Reinforcement.Functions:episode: 21, score:[2630.80], loss:[6.46259], sequence:[0], isInPoolRatio:[0.96], optActionSelectedRatio:[0.86], optActionInPoolButNotSelected:[0.07], random actions:[115], eInit:[0.8179], init state:[ 5  4 51  0  0  0  0  0], end state:[ 0  4 51  0  0  0  0  0]
INFO:Reinforcement.Functions:episode: 22, score:[2668.40], loss:[6.47242], sequence:[0], isInPoolRatio:[0.97], optActionSelectedRatio:[0.91], optActionInPoolButNotSelected:[0.05], random actions:[108], eInit:[0.8097], init state:[ 1 15 56  0  0  0  0  0], end state:[ 3 15 56  0  0  0  0  0]
INFO:Reinforcement.Functions:episode: 23, score:[2613.20], loss:[6.40879], sequence:[0], isInPoolRatio:[0.98], optActionSelectedRatio:[0.87], optActionInPoolButNotSelected:[0.09], random actions:[113], eInit:[0.8016], init state:[ 0  9 15  0  0  0  0  0], end state:[ 2  9 15  0  0  0  0  0]
INFO:Reinforcement.Functions:episode: 24, score:[2623.20], loss:[6.46049], sequence:[0], isInPoolRatio:[0.97], optActionSelectedRatio:[0.87], optActionInPoolButNotSelected:[0.07], random actions:[102], eInit:[0.7936], init state:[ 4 12 48  1  1  0  1  0], end state:[ 6 12 48  0  0  0  0  0]
INFO:Reinforcement.Functions:episode: 25, score:[2574.40], loss:[6.45992], sequence:[0], isInPoolRatio:[0.97], optActionSelectedRatio:[0.84], optActionInPoolButNotSelected:[0.10], random actions:[111], eInit:[0.7857], init state:[ 2 21 53  1  0  0  0  0], end state:[ 4 21 53  0  0  0  0  0]
INFO:Reinforcement.Functions:episode: 26, score:[2600.80], loss:[6.81098], sequence:[0], isInPoolRatio:[0.95], optActionSelectedRatio:[0.87], optActionInPoolButNotSelected:[0.06], random actions:[96], eInit:[0.7778], init state:[ 5 12  2  0  0  0  0  0], end state:[ 0 12  2  0  0  0  0  0]
INFO:Reinforcement.Functions:episode: 27, score:[2725.20], loss:[6.12941], sequence:[0], isInPoolRatio:[0.99], optActionSelectedRatio:[0.93], optActionInPoolButNotSelected:[0.03], random actions:[104], eInit:[0.7700], init state:[ 2  9 30  0  0  0  0  0], end state:[ 4  9 30  0  0  0  0  0]
INFO:Reinforcement.Functions:episode: 28, score:[2514.80], loss:[6.29417], sequence:[0], isInPoolRatio:[0.96], optActionSelectedRatio:[0.82], optActionInPoolButNotSelected:[0.12], random actions:[94], eInit:[0.7623], init state:[ 3  6 42  0  0  0  0  0], end state:[ 5  6 42  0  0  0  0  0]
INFO:Reinforcement.Functions:episode: 29, score:[2610.00], loss:[5.84599], sequence:[0], isInPoolRatio:[0.97], optActionSelectedRatio:[0.87], optActionInPoolButNotSelected:[0.07], random actions:[111], eInit:[0.7547], init state:[ 5 13  8  0  0  0  0  0], end state:[ 0 13  8  0  0  0  0  0]
INFO:Reinforcement.Functions:episode: 30, score:[2673.20], loss:[5.43247], sequence:[0], isInPoolRatio:[0.98], optActionSelectedRatio:[0.90], optActionInPoolButNotSelected:[0.06], random actions:[94], eInit:[0.7472], init state:[ 6 14 33  0  0  0  0  0], end state:[ 1 14 33  0  0  0  0  0]
INFO:Reinforcement.Functions:episode: 31, score:[2647.20], loss:[5.65906], sequence:[0], isInPoolRatio:[0.97], optActionSelectedRatio:[0.89], optActionInPoolButNotSelected:[0.05], random actions:[95], eInit:[0.7397], init state:[ 6  8 59  1  1  0  0  0], end state:[ 1  8 59  1  1  0  0  0]
INFO:Reinforcement.Functions:episode: 32, score:[2680.00], loss:[5.45529], sequence:[0], isInPoolRatio:[0.98], optActionSelectedRatio:[0.90], optActionInPoolButNotSelected:[0.05], random actions:[97], eInit:[0.7323], init state:[ 6 18 44  0  0  0  0  0], end state:[ 1 18 44  0  0  0  0  0]
INFO:Reinforcement.Functions:episode: 33, score:[2674.40], loss:[5.31937], sequence:[0], isInPoolRatio:[0.98], optActionSelectedRatio:[0.90], optActionInPoolButNotSelected:[0.05], random actions:[97], eInit:[0.7250], init state:[ 1 17 49  0  0  0  0  0], end state:[ 3 17 49  0  0  0  0  0]
INFO:Reinforcement.Functions:episode: 34, score:[2712.00], loss:[5.09312], sequence:[0], isInPoolRatio:[0.99], optActionSelectedRatio:[0.92], optActionInPoolButNotSelected:[0.04], random actions:[97], eInit:[0.7177], init state:[ 6  9 30  0  0  0  0  0], end state:[ 1  9 30  0  0  0  0  0]
INFO:Reinforcement.Functions:episode: 35, score:[2700.80], loss:[4.93862], sequence:[0], isInPoolRatio:[0.99], optActionSelectedRatio:[0.92], optActionInPoolButNotSelected:[0.04], random actions:[97], eInit:[0.7106], init state:[ 2  7 11  0  0  0  0  0], end state:[ 4  7 11  0  0  0  0  0]
INFO:Reinforcement.Functions:episode: 36, score:[2721.60], loss:[4.72228], sequence:[0], isInPoolRatio:[0.99], optActionSelectedRatio:[0.93], optActionInPoolButNotSelected:[0.04], random actions:[100], eInit:[0.7034], init state:[ 6 10 30  0  0  0  0  0], end state:[ 1 10 30  0  0  0  0  0]
INFO:Reinforcement.Functions:episode: 37, score:[2639.60], loss:[4.94075], sequence:[0], isInPoolRatio:[0.97], optActionSelectedRatio:[0.90], optActionInPoolButNotSelected:[0.05], random actions:[96], eInit:[0.6964], init state:[ 3  8 45  1  1  0  0  0], end state:[ 5  8 45  0  0  0  0  0]
INFO:Reinforcement.Functions:episode: 38, score:[2638.40], loss:[4.74195], sequence:[0], isInPoolRatio:[0.98], optActionSelectedRatio:[0.89], optActionInPoolButNotSelected:[0.06], random actions:[95], eInit:[0.6894], init state:[ 4 18  7  0  0  0  0  0], end state:[ 6 18  7  0  0  0  0  0]
INFO:Reinforcement.Functions:episode: 39, score:[2682.40], loss:[4.54206], sequence:[0], isInPoolRatio:[0.98], optActionSelectedRatio:[0.90], optActionInPoolButNotSelected:[0.05], random actions:[101], eInit:[0.6826], init state:[ 5 12 24  0  0  0  0  0], end state:[ 0 12 24  0  0  0  0  0]
INFO:Reinforcement.Functions:episode: 40, score:[2674.00], loss:[4.26360], sequence:[0], isInPoolRatio:[0.98], optActionSelectedRatio:[0.89], optActionInPoolButNotSelected:[0.07], random actions:[89], eInit:[0.6757], init state:[ 5  9 30  0  0  0  0  0], end state:[ 0  9 30  0  0  0  0  0]
INFO:Reinforcement.Functions:episode: 41, score:[2652.80], loss:[4.35755], sequence:[0], isInPoolRatio:[0.98], optActionSelectedRatio:[0.89], optActionInPoolButNotSelected:[0.07], random actions:[95], eInit:[0.6690], init state:[ 4  3 55  0  0  0  0  0], end state:[ 6  3 55  0  0  0  0  0]
INFO:Reinforcement.Functions:episode: 42, score:[2690.80], loss:[4.08326], sequence:[0], isInPoolRatio:[0.99], optActionSelectedRatio:[0.90], optActionInPoolButNotSelected:[0.06], random actions:[94], eInit:[0.6623], init state:[ 5  8 45  0  0  0  0  0], end state:[ 0  8 45  1  1  0  0  0]
INFO:Reinforcement.Functions:episode: 43, score:[2712.40], loss:[3.76380], sequence:[0], isInPoolRatio:[0.99], optActionSelectedRatio:[0.91], optActionInPoolButNotSelected:[0.05], random actions:[87], eInit:[0.6557], init state:[ 6  2 19  0  0  0  0  0], end state:[ 1  2 19  0  0  0  0  0]
INFO:Reinforcement.Functions:episode: 44, score:[2646.40], loss:[3.73467], sequence:[0], isInPoolRatio:[0.98], optActionSelectedRatio:[0.89], optActionInPoolButNotSelected:[0.06], random actions:[94], eInit:[0.6491], init state:[ 5  1 48  0  0  0  0  0], end state:[ 0  1 48  0  0  0  0  0]
INFO:Reinforcement.Functions:episode: 45, score:[2714.40], loss:[3.60314], sequence:[0], isInPoolRatio:[0.99], optActionSelectedRatio:[0.91], optActionInPoolButNotSelected:[0.05], random actions:[94], eInit:[0.6426], init state:[ 0  0 11  1  0  0  0  0], end state:[ 2  0 11  1  0  0  0  0]
INFO:Reinforcement.Functions:episode: 46, score:[2659.60], loss:[3.57666], sequence:[0], isInPoolRatio:[0.98], optActionSelectedRatio:[0.89], optActionInPoolButNotSelected:[0.07], random actions:[83], eInit:[0.6362], init state:[ 2 20 28  0  0  0  0  0], end state:[ 4 20 28  0  0  0  0  0]
INFO:Reinforcement.Functions:episode: 47, score:[2726.80], loss:[3.42768], sequence:[0], isInPoolRatio:[0.99], optActionSelectedRatio:[0.93], optActionInPoolButNotSelected:[0.04], random actions:[84], eInit:[0.6298], init state:[ 6 10 30  0  0  0  0  0], end state:[ 1 10 30  0  0  0  0  0]
INFO:Reinforcement.Functions:episode: 48, score:[2754.40], loss:[3.54054], sequence:[1], isInPoolRatio:[0.99], optActionSelectedRatio:[0.94], optActionInPoolButNotSelected:[0.02], random actions:[91], eInit:[0.6235], init state:[ 1  5 33  0  0  0  0  0], end state:[ 3  5 33  0  0  0  0  0]
INFO:Reinforcement.Functions:episode: 49, score:[2673.60], loss:[3.70300], sequence:[0], isInPoolRatio:[0.98], optActionSelectedRatio:[0.90], optActionInPoolButNotSelected:[0.05], random actions:[95], eInit:[0.6173], init state:[ 4 11 12  1  1  0  0  0], end state:[ 6 11 12  0  0  0  0  0]
INFO:Reinforcement.Functions:episode: 50, score:[2710.80], loss:[3.47729], sequence:[0], isInPoolRatio:[0.98], optActionSelectedRatio:[0.92], optActionInPoolButNotSelected:[0.04], random actions:[87], eInit:[0.6111], init state:[ 6 17 25  0  0  0  0  0], end state:[ 1 17 25  0  0  0  0  0]
INFO:Reinforcement.Functions:Saving [Actor] main model as [results/D-18-3-H-16-45-9/Actor-main-model-1.h5]
INFO:Reinforcement.Functions:Saving [Actor] target model as [results/D-18-3-H-16-45-9/Actor-target-model-1.h5]
INFO:Reinforcement.Functions:Saving [Critic] main model as [results/D-18-3-H-16-45-9/Critic-main-model-1.h5]
INFO:Reinforcement.Functions:Saving [Critic] target model as [results/D-18-3-H-16-45-9/Critic-target-model-1.h5]
INFO:Reinforcement.Functions:maxScore:(2754.399999999996, [48]) , maxSequence:(1, [48])
INFO:Reinforcement.Functions:episode: 51, score:[2685.20], loss:[3.30028], sequence:[0], isInPoolRatio:[0.98], optActionSelectedRatio:[0.91], optActionInPoolButNotSelected:[0.04], random actions:[77], eInit:[0.6050], init state:[ 4 15 27  0  0  0  0  0], end state:[ 6 15 27  0  0  0  0  0]
INFO:Reinforcement.Functions:episode: 52, score:[2727.20], loss:[3.45737], sequence:[0], isInPoolRatio:[0.99], optActionSelectedRatio:[0.92], optActionInPoolButNotSelected:[0.04], random actions:[80], eInit:[0.5990], init state:[ 6  6 19  0  0  0  0  0], end state:[ 1  6 19  0  0  0  0  0]
INFO:Reinforcement.Functions:episode: 53, score:[2758.40], loss:[3.12995], sequence:[1], isInPoolRatio:[0.99], optActionSelectedRatio:[0.94], optActionInPoolButNotSelected:[0.03], random actions:[79], eInit:[0.5930], init state:[ 6 13  4  0  0  0  0  0], end state:[ 1 13  4  0  0  0  0  0]
INFO:Reinforcement.Functions:episode: 54, score:[2705.20], loss:[3.13131], sequence:[0], isInPoolRatio:[0.99], optActionSelectedRatio:[0.91], optActionInPoolButNotSelected:[0.05], random actions:[67], eInit:[0.5870], init state:[ 2 11 40  0  0  0  0  0], end state:[ 4 11 40  1  1  0  0  0]
INFO:Reinforcement.Functions:episode: 55, score:[2753.20], loss:[3.10871], sequence:[1], isInPoolRatio:[0.99], optActionSelectedRatio:[0.94], optActionInPoolButNotSelected:[0.02], random actions:[81], eInit:[0.5812], init state:[0 1 1 0 0 1 0 0], end state:[2 1 1 0 0 1 0 0]
INFO:Reinforcement.Functions:episode: 56, score:[2718.80], loss:[2.97030], sequence:[0], isInPoolRatio:[0.99], optActionSelectedRatio:[0.92], optActionInPoolButNotSelected:[0.04], random actions:[81], eInit:[0.5754], init state:[ 4 18 49  0  0  0  0  0], end state:[ 6 18 49  0  0  0  0  0]
INFO:Reinforcement.Functions:episode: 57, score:[2733.20], loss:[2.93529], sequence:[0], isInPoolRatio:[0.99], optActionSelectedRatio:[0.93], optActionInPoolButNotSelected:[0.03], random actions:[84], eInit:[0.5696], init state:[ 0 13 58  0  0  0  0  0], end state:[ 2 13 58  0  0  0  0  0]
INFO:Reinforcement.Functions:episode: 58, score:[2717.20], loss:[3.05930], sequence:[0], isInPoolRatio:[0.98], optActionSelectedRatio:[0.92], optActionInPoolButNotSelected:[0.04], random actions:[84], eInit:[0.5639], init state:[ 5 20 14  1  0  0  0  0], end state:[ 0 20 14  0  0  0  0  0]
INFO:Reinforcement.Functions:episode: 59, score:[2727.60], loss:[2.99075], sequence:[0], isInPoolRatio:[0.98], optActionSelectedRatio:[0.93], optActionInPoolButNotSelected:[0.04], random actions:[74], eInit:[0.5583], init state:[ 4 11 18  1  1  0  0  0], end state:[ 6 11 18  0  0  0  0  0]
INFO:Reinforcement.Functions:episode: 60, score:[2698.00], loss:[3.16150], sequence:[0], isInPoolRatio:[0.98], optActionSelectedRatio:[0.92], optActionInPoolButNotSelected:[0.04], random actions:[68], eInit:[0.5527], init state:[ 3 17 16  0  0  0  0  0], end state:[ 5 17 16  0  0  0  0  0]
INFO:Reinforcement.Functions:episode: 61, score:[2724.00], loss:[2.73712], sequence:[0], isInPoolRatio:[0.99], optActionSelectedRatio:[0.92], optActionInPoolButNotSelected:[0.04], random actions:[78], eInit:[0.5472], init state:[ 3 17 18  0  0  0  0  0], end state:[ 5 17 18  0  0  0  0  0]
INFO:Reinforcement.Functions:episode: 62, score:[2715.20], loss:[2.94624], sequence:[0], isInPoolRatio:[0.99], optActionSelectedRatio:[0.93], optActionInPoolButNotSelected:[0.03], random actions:[85], eInit:[0.5417], init state:[ 4 12 50  1  1  0  1  0], end state:[ 6 12 50  0  0  0  0  0]
INFO:Reinforcement.Functions:episode: 63, score:[2720.00], loss:[3.03406], sequence:[0], isInPoolRatio:[0.98], optActionSelectedRatio:[0.92], optActionInPoolButNotSelected:[0.04], random actions:[81], eInit:[0.5363], init state:[ 4 11 18  1  1  0  0  0], end state:[ 6 11 18  0  0  0  0  0]
INFO:Reinforcement.Functions:episode: 64, score:[2750.40], loss:[2.76232], sequence:[1], isInPoolRatio:[0.99], optActionSelectedRatio:[0.94], optActionInPoolButNotSelected:[0.03], random actions:[75], eInit:[0.5309], init state:[ 1  6 56  0  0  0  0  0], end state:[ 3  6 56  0  0  0  0  0]
INFO:Reinforcement.Functions:episode: 65, score:[2720.40], loss:[2.82855], sequence:[0], isInPoolRatio:[0.99], optActionSelectedRatio:[0.92], optActionInPoolButNotSelected:[0.05], random actions:[70], eInit:[0.5256], init state:[ 4  6 46  0  0  0  0  0], end state:[ 6  6 46  0  0  0  0  0]
INFO:Reinforcement.Functions:episode: 66, score:[2762.80], loss:[2.65432], sequence:[1], isInPoolRatio:[0.99], optActionSelectedRatio:[0.94], optActionInPoolButNotSelected:[0.03], random actions:[76], eInit:[0.5203], init state:[ 3 14  9  0  0  0  0  0], end state:[ 5 14  9  0  0  0  0  0]
INFO:Reinforcement.Functions:episode: 67, score:[2759.20], loss:[2.36121], sequence:[2], isInPoolRatio:[0.99], optActionSelectedRatio:[0.95], optActionInPoolButNotSelected:[0.02], random actions:[66], eInit:[0.5151], init state:[ 0 13 26  0  0  0  0  0], end state:[ 2 13 26  0  0  0  0  0]
INFO:Reinforcement.Functions:episode: 68, score:[2723.20], loss:[2.35047], sequence:[0], isInPoolRatio:[0.99], optActionSelectedRatio:[0.92], optActionInPoolButNotSelected:[0.05], random actions:[62], eInit:[0.5100], init state:[ 5  2 38  0  0  0  0  0], end state:[ 0  2 38  0  0  0  0  0]
INFO:Reinforcement.Functions:episode: 69, score:[2774.00], loss:[2.40678], sequence:[1], isInPoolRatio:[0.99], optActionSelectedRatio:[0.95], optActionInPoolButNotSelected:[0.01], random actions:[73], eInit:[0.5049], init state:[ 0  6 20  0  0  0  0  0], end state:[ 2  6 20  0  0  0  0  0]
INFO:Reinforcement.Functions:episode: 70, score:[2739.60], loss:[2.44334], sequence:[2], isInPoolRatio:[0.99], optActionSelectedRatio:[0.94], optActionInPoolButNotSelected:[0.02], random actions:[72], eInit:[0.4998], init state:[ 6 20 18  0  0  0  0  0], end state:[ 1 20 18  0  0  0  0  0]
INFO:Reinforcement.Functions:episode: 71, score:[2766.80], loss:[2.09672], sequence:[3], isInPoolRatio:[0.99], optActionSelectedRatio:[0.95], optActionInPoolButNotSelected:[0.02], random actions:[64], eInit:[0.4948], init state:[ 1 12 57  0  0  0  0  0], end state:[ 3 12 57  0  0  0  0  0]
INFO:Reinforcement.Functions:episode: 72, score:[2751.60], loss:[2.34379], sequence:[4], isInPoolRatio:[0.99], optActionSelectedRatio:[0.93], optActionInPoolButNotSelected:[0.04], random actions:[68], eInit:[0.4899], init state:[ 2  5 49  0  0  0  0  0], end state:[ 4  5 49  0  0  0  0  0]
INFO:Reinforcement.Functions:episode: 73, score:[2725.20], loss:[2.30815], sequence:[0], isInPoolRatio:[0.98], optActionSelectedRatio:[0.93], optActionInPoolButNotSelected:[0.03], random actions:[82], eInit:[0.4850], init state:[ 2  0 34  0  0  1  0  0], end state:[ 4  0 34  1  0  1  0  0]
INFO:Reinforcement.Functions:episode: 74, score:[2708.40], loss:[2.34511], sequence:[0], isInPoolRatio:[0.99], optActionSelectedRatio:[0.91], optActionInPoolButNotSelected:[0.05], random actions:[75], eInit:[0.4801], init state:[ 2 20 34  1  1  0  0  0], end state:[ 4 20 34  0  0  0  0  0]
INFO:Reinforcement.Functions:episode: 75, score:[2700.80], loss:[2.18087], sequence:[0], isInPoolRatio:[0.98], optActionSelectedRatio:[0.91], optActionInPoolButNotSelected:[0.05], random actions:[69], eInit:[0.4753], init state:[ 3  3 51  0  0  0  0  0], end state:[ 5  3 51  0  0  0  0  0]
INFO:Reinforcement.Functions:episode: 76, score:[2748.00], loss:[2.24234], sequence:[1], isInPoolRatio:[0.99], optActionSelectedRatio:[0.94], optActionInPoolButNotSelected:[0.03], random actions:[60], eInit:[0.4706], init state:[ 5 20 28  1  0  0  0  0], end state:[ 0 20 28  0  0  0  0  0]
INFO:Reinforcement.Functions:episode: 77, score:[2722.80], loss:[2.27012], sequence:[0], isInPoolRatio:[0.98], optActionSelectedRatio:[0.93], optActionInPoolButNotSelected:[0.04], random actions:[59], eInit:[0.4659], init state:[ 3 18 53  0  0  0  0  0], end state:[ 5 18 53  0  0  1  1  0]
INFO:Reinforcement.Functions:episode: 78, score:[2728.40], loss:[2.31050], sequence:[0], isInPoolRatio:[0.99], optActionSelectedRatio:[0.92], optActionInPoolButNotSelected:[0.05], random actions:[67], eInit:[0.4612], init state:[ 3 22 20  1  0  0  0  0], end state:[ 5 22 20  1  0  0  1  0]
INFO:Reinforcement.Functions:episode: 79, score:[2733.60], loss:[2.35755], sequence:[0], isInPoolRatio:[0.99], optActionSelectedRatio:[0.94], optActionInPoolButNotSelected:[0.02], random actions:[77], eInit:[0.4566], init state:[ 1  6 17  0  0  0  0  0], end state:[ 3  6 17  0  0  0  0  0]
INFO:Reinforcement.Functions:episode: 80, score:[2749.60], loss:[2.06363], sequence:[1], isInPoolRatio:[0.99], optActionSelectedRatio:[0.94], optActionInPoolButNotSelected:[0.02], random actions:[79], eInit:[0.4520], init state:[ 0 17 13  0  0  0  0  0], end state:[ 2 17 13  0  0  0  0  0]
INFO:Reinforcement.Functions:episode: 81, score:[2734.40], loss:[2.04638], sequence:[0], isInPoolRatio:[0.99], optActionSelectedRatio:[0.91], optActionInPoolButNotSelected:[0.06], random actions:[75], eInit:[0.4475], init state:[ 3 15 11  0  0  0  0  0], end state:[ 5 15 11  0  0  0  0  0]
INFO:Reinforcement.Functions:episode: 82, score:[2746.80], loss:[1.91297], sequence:[1], isInPoolRatio:[0.99], optActionSelectedRatio:[0.95], optActionInPoolButNotSelected:[0.02], random actions:[71], eInit:[0.4430], init state:[ 4 14 50  0  0  0  0  0], end state:[ 6 14 50  0  0  0  0  0]
INFO:Reinforcement.Functions:episode: 83, score:[2776.80], loss:[2.01388], sequence:[2], isInPoolRatio:[0.99], optActionSelectedRatio:[0.95], optActionInPoolButNotSelected:[0.01], random actions:[72], eInit:[0.4386], init state:[ 0 11  8  0  0  0  0  0], end state:[ 2 11  8  0  0  0  0  0]
INFO:Reinforcement.Functions:episode: 84, score:[2680.80], loss:[2.57183], sequence:[0], isInPoolRatio:[0.98], optActionSelectedRatio:[0.91], optActionInPoolButNotSelected:[0.05], random actions:[68], eInit:[0.4342], init state:[ 4  6 34  0  0  0  0  0], end state:[ 6  6 34  0  0  0  0  0]
INFO:Reinforcement.Functions:episode: 85, score:[2774.40], loss:[2.06103], sequence:[1], isInPoolRatio:[0.99], optActionSelectedRatio:[0.95], optActionInPoolButNotSelected:[0.02], random actions:[68], eInit:[0.4299], init state:[ 1 10 25  0  0  0  0  0], end state:[ 3 10 25  0  0  0  0  0]
INFO:Reinforcement.Functions:episode: 86, score:[2709.60], loss:[2.15235], sequence:[0], isInPoolRatio:[0.98], optActionSelectedRatio:[0.92], optActionInPoolButNotSelected:[0.05], random actions:[67], eInit:[0.4256], init state:[ 3 22 14  1  0  0  0  0], end state:[ 5 22 14  1  0  0  1  0]
INFO:Reinforcement.Functions:episode: 87, score:[2771.20], loss:[1.88228], sequence:[1], isInPoolRatio:[0.99], optActionSelectedRatio:[0.95], optActionInPoolButNotSelected:[0.02], random actions:[66], eInit:[0.4213], init state:[1 9 7 0 0 0 0 0], end state:[3 9 7 0 0 0 0 0]
INFO:Reinforcement.Functions:episode: 88, score:[2747.60], loss:[2.08753], sequence:[2], isInPoolRatio:[1.00], optActionSelectedRatio:[0.94], optActionInPoolButNotSelected:[0.03], random actions:[70], eInit:[0.4171], init state:[ 3 17  0  0  0  0  0  0], end state:[ 5 17  0  0  0  0  0  0]
INFO:Reinforcement.Functions:episode: 89, score:[2728.40], loss:[2.40459], sequence:[0], isInPoolRatio:[0.97], optActionSelectedRatio:[0.94], optActionInPoolButNotSelected:[0.02], random actions:[60], eInit:[0.4129], init state:[ 5 11  7  0  0  0  0  0], end state:[ 0 11  7  0  0  0  0  0]
INFO:Reinforcement.Functions:episode: 90, score:[2762.40], loss:[2.34472], sequence:[1], isInPoolRatio:[0.99], optActionSelectedRatio:[0.95], optActionInPoolButNotSelected:[0.02], random actions:[69], eInit:[0.4088], init state:[ 1 20  2  0  0  0  0  0], end state:[ 3 20  2  0  0  0  0  0]
INFO:Reinforcement.Functions:episode: 91, score:[2737.60], loss:[2.24043], sequence:[2], isInPoolRatio:[0.99], optActionSelectedRatio:[0.93], optActionInPoolButNotSelected:[0.04], random actions:[67], eInit:[0.4047], init state:[ 4 15 29  0  0  0  0  0], end state:[ 6 15 29  0  0  0  0  0]
INFO:Reinforcement.Functions:episode: 92, score:[2772.40], loss:[2.08216], sequence:[3], isInPoolRatio:[0.99], optActionSelectedRatio:[0.95], optActionInPoolButNotSelected:[0.02], random actions:[69], eInit:[0.4007], init state:[ 1  0 54  0  0  1  0  0], end state:[ 3  0 54  0  0  1  0  0]
INFO:Reinforcement.Functions:episode: 93, score:[2730.40], loss:[2.11250], sequence:[0], isInPoolRatio:[0.99], optActionSelectedRatio:[0.94], optActionInPoolButNotSelected:[0.03], random actions:[75], eInit:[0.3967], init state:[ 5  6 12  0  0  0  0  0], end state:[ 0  6 12  0  0  0  0  0]
INFO:Reinforcement.Functions:episode: 94, score:[2756.40], loss:[2.09779], sequence:[1], isInPoolRatio:[0.99], optActionSelectedRatio:[0.94], optActionInPoolButNotSelected:[0.04], random actions:[56], eInit:[0.3927], init state:[ 3 13 28  0  0  0  0  0], end state:[ 5 13 28  0  0  0  0  0]
INFO:Reinforcement.Functions:episode: 95, score:[2717.20], loss:[2.12831], sequence:[0], isInPoolRatio:[0.97], optActionSelectedRatio:[0.92], optActionInPoolButNotSelected:[0.05], random actions:[63], eInit:[0.3888], init state:[ 5 19 39  1  0  0  1  0], end state:[ 0 19 39  0  0  0  0  0]
INFO:Reinforcement.Functions:episode: 96, score:[2782.80], loss:[2.16932], sequence:[1], isInPoolRatio:[0.99], optActionSelectedRatio:[0.96], optActionInPoolButNotSelected:[0.01], random actions:[57], eInit:[0.3849], init state:[ 1 14 13  0  0  0  0  0], end state:[ 3 14 13  0  0  0  0  0]
INFO:Reinforcement.Functions:episode: 97, score:[2780.00], loss:[1.95349], sequence:[2], isInPoolRatio:[0.99], optActionSelectedRatio:[0.96], optActionInPoolButNotSelected:[0.02], random actions:[61], eInit:[0.3810], init state:[ 0 10 44  0  0  0  0  0], end state:[ 2 10 44  0  0  0  0  0]
INFO:Reinforcement.Functions:episode: 98, score:[2712.40], loss:[2.08583], sequence:[0], isInPoolRatio:[0.98], optActionSelectedRatio:[0.92], optActionInPoolButNotSelected:[0.04], random actions:[60], eInit:[0.3772], init state:[ 5 15 21  0  0  0  0  0], end state:[ 0 15 21  0  0  0  0  0]
INFO:Reinforcement.Functions:episode: 99, score:[2786.00], loss:[2.05647], sequence:[1], isInPoolRatio:[1.00], optActionSelectedRatio:[0.95], optActionInPoolButNotSelected:[0.02], random actions:[60], eInit:[0.3735], init state:[ 2  9 50  0  0  0  0  0], end state:[ 4  9 50  1  1  0  0  0]
INFO:Reinforcement.Functions:episode: 100, score:[2784.00], loss:[1.82517], sequence:[2], isInPoolRatio:[0.99], optActionSelectedRatio:[0.96], optActionInPoolButNotSelected:[0.02], random actions:[58], eInit:[0.3697], init state:[ 2  4 56  0  0  0  0  0], end state:[ 4  4 56  0  0  0  0  0]
INFO:Reinforcement.Functions:Saving [Actor] main model as [results/D-18-3-H-16-45-9/Actor-main-model-2.h5]
INFO:Reinforcement.Functions:Saving [Actor] target model as [results/D-18-3-H-16-45-9/Actor-target-model-2.h5]
INFO:Reinforcement.Functions:Saving [Critic] main model as [results/D-18-3-H-16-45-9/Critic-main-model-2.h5]
INFO:Reinforcement.Functions:Saving [Critic] target model as [results/D-18-3-H-16-45-9/Critic-target-model-2.h5]
INFO:Reinforcement.Functions:maxScore:(2785.9999999999945, [99]) , maxSequence:(4, [72])
INFO:Reinforcement.Functions:episode: 101, score:[2716.00], loss:[2.01600], sequence:[0], isInPoolRatio:[0.98], optActionSelectedRatio:[0.92], optActionInPoolButNotSelected:[0.03], random actions:[62], eInit:[0.3660], init state:[ 4 21  6  0  0  0  0  0], end state:[ 6 21  6  1  1  0  1  0]
INFO:Reinforcement.Functions:episode: 102, score:[2761.60], loss:[2.39306], sequence:[1], isInPoolRatio:[0.99], optActionSelectedRatio:[0.95], optActionInPoolButNotSelected:[0.03], random actions:[54], eInit:[0.3624], init state:[ 6  7 16  0  0  0  0  0], end state:[ 1  7 16  0  0  0  0  0]
INFO:Reinforcement.Functions:episode: 103, score:[2788.40], loss:[2.07822], sequence:[2], isInPoolRatio:[0.99], optActionSelectedRatio:[0.96], optActionInPoolButNotSelected:[0.01], random actions:[62], eInit:[0.3587], init state:[ 1 12 15  0  0  0  0  0], end state:[ 3 12 15  0  0  0  0  0]
INFO:Reinforcement.Functions:episode: 104, score:[2793.60], loss:[1.87910], sequence:[3], isInPoolRatio:[1.00], optActionSelectedRatio:[0.95], optActionInPoolButNotSelected:[0.03], random actions:[51], eInit:[0.3552], init state:[ 2  9 26  0  0  0  0  0], end state:[ 4  9 26  0  0  0  0  0]
INFO:Reinforcement.Functions:episode: 105, score:[2779.60], loss:[2.12720], sequence:[4], isInPoolRatio:[0.99], optActionSelectedRatio:[0.95], optActionInPoolButNotSelected:[0.02], random actions:[52], eInit:[0.3516], init state:[ 5 21 43  1  0  0  1  0], end state:[ 0 21 43  1  0  0  0  0]
INFO:Reinforcement.Functions:episode: 106, score:[2757.60], loss:[2.15285], sequence:[5], isInPoolRatio:[0.98], optActionSelectedRatio:[0.94], optActionInPoolButNotSelected:[0.03], random actions:[59], eInit:[0.3481], init state:[ 3 16 12  0  0  0  0  0], end state:[ 5 16 12  0  0  0  0  0]
INFO:Reinforcement.Functions:episode: 107, score:[2772.00], loss:[1.81408], sequence:[6], isInPoolRatio:[1.00], optActionSelectedRatio:[0.94], optActionInPoolButNotSelected:[0.04], random actions:[53], eInit:[0.3446], init state:[ 2 17 18  0  0  0  0  0], end state:[ 4 17 18  0  0  0  0  0]
INFO:Reinforcement.Functions:episode: 108, score:[2741.60], loss:[2.07224], sequence:[7], isInPoolRatio:[0.98], optActionSelectedRatio:[0.94], optActionInPoolButNotSelected:[0.03], random actions:[57], eInit:[0.3412], init state:[ 2 17 37  0  0  0  0  0], end state:[ 4 17 37  0  0  0  0  0]
INFO:Reinforcement.Functions:episode: 109, score:[2784.40], loss:[1.80942], sequence:[8], isInPoolRatio:[0.99], optActionSelectedRatio:[0.95], optActionInPoolButNotSelected:[0.03], random actions:[45], eInit:[0.3378], init state:[ 6 15 42  0  0  0  0  0], end state:[ 1 15 42  0  0  0  0  0]
INFO:Reinforcement.Functions:episode: 110, score:[2785.60], loss:[1.81101], sequence:[9], isInPoolRatio:[1.00], optActionSelectedRatio:[0.96], optActionInPoolButNotSelected:[0.02], random actions:[62], eInit:[0.3344], init state:[ 2  7 30  0  0  0  0  0], end state:[ 4  7 30  0  0  0  0  0]
INFO:Reinforcement.Functions:episode: 111, score:[2770.00], loss:[1.67586], sequence:[10], isInPoolRatio:[0.99], optActionSelectedRatio:[0.95], optActionInPoolButNotSelected:[0.02], random actions:[67], eInit:[0.3310], init state:[ 5  5 12  0  0  0  0  0], end state:[ 0  5 12  0  0  0  0  0]
INFO:Reinforcement.Functions:episode: 112, score:[2770.40], loss:[1.68453], sequence:[11], isInPoolRatio:[0.99], optActionSelectedRatio:[0.95], optActionInPoolButNotSelected:[0.02], random actions:[61], eInit:[0.3277], init state:[ 2 13 30  0  0  0  0  0], end state:[ 4 13 30  1  1  0  0  0]
INFO:Reinforcement.Functions:episode: 113, score:[2777.20], loss:[1.77291], sequence:[12], isInPoolRatio:[0.99], optActionSelectedRatio:[0.95], optActionInPoolButNotSelected:[0.02], random actions:[48], eInit:[0.3244], init state:[ 5  2 43  0  0  0  0  0], end state:[ 0  2 43  0  0  0  0  0]
INFO:Reinforcement.Functions:episode: 114, score:[2791.20], loss:[1.76914], sequence:[13], isInPoolRatio:[0.99], optActionSelectedRatio:[0.96], optActionInPoolButNotSelected:[0.02], random actions:[45], eInit:[0.3212], init state:[6 8 3 1 0 0 0 0], end state:[1 8 3 1 0 0 0 0]
INFO:Reinforcement.Functions:episode: 115, score:[2778.40], loss:[1.84914], sequence:[14], isInPoolRatio:[0.99], optActionSelectedRatio:[0.95], optActionInPoolButNotSelected:[0.02], random actions:[52], eInit:[0.3180], init state:[ 5 23 35  1  0  0  0  0], end state:[ 0 23 35  1  0  0  1  0]
INFO:Reinforcement.Functions:episode: 116, score:[2789.60], loss:[1.58862], sequence:[15], isInPoolRatio:[0.99], optActionSelectedRatio:[0.96], optActionInPoolButNotSelected:[0.02], random actions:[47], eInit:[0.3148], init state:[ 3 15 55  0  0  0  0  0], end state:[ 5 15 55  0  0  0  0  0]
INFO:Reinforcement.Functions:episode: 117, score:[2763.20], loss:[1.59051], sequence:[16], isInPoolRatio:[0.99], optActionSelectedRatio:[0.95], optActionInPoolButNotSelected:[0.02], random actions:[57], eInit:[0.3117], init state:[ 4 15 12  0  0  0  0  0], end state:[ 6 15 12  0  0  0  0  0]
INFO:Reinforcement.Functions:episode: 118, score:[2762.40], loss:[1.79784], sequence:[17], isInPoolRatio:[0.99], optActionSelectedRatio:[0.94], optActionInPoolButNotSelected:[0.03], random actions:[53], eInit:[0.3085], init state:[ 0  7 43  0  0  0  0  0], end state:[ 2  7 43  0  0  0  0  0]
INFO:Reinforcement.Functions:episode: 119, score:[2788.80], loss:[1.78164], sequence:[18], isInPoolRatio:[0.99], optActionSelectedRatio:[0.96], optActionInPoolButNotSelected:[0.02], random actions:[52], eInit:[0.3055], init state:[ 3  7 18  0  0  0  0  0], end state:[ 5  7 18  0  0  0  0  0]
INFO:Reinforcement.Functions:episode: 120, score:[2806.40], loss:[1.58138], sequence:[19], isInPoolRatio:[0.99], optActionSelectedRatio:[0.96], optActionInPoolButNotSelected:[0.01], random actions:[46], eInit:[0.3024], init state:[ 4 19  1  0  0  0  0  0], end state:[ 6 19  1  0  0  0  0  0]
INFO:Reinforcement.Functions:episode: 121, score:[2713.20], loss:[1.83432], sequence:[0], isInPoolRatio:[0.98], optActionSelectedRatio:[0.93], optActionInPoolButNotSelected:[0.03], random actions:[54], eInit:[0.2994], init state:[ 5  0 13  0  0  0  0  0], end state:[ 0  0 13  1  0  0  0  0]
INFO:Reinforcement.Functions:episode: 122, score:[2787.20], loss:[1.55497], sequence:[1], isInPoolRatio:[0.99], optActionSelectedRatio:[0.95], optActionInPoolButNotSelected:[0.03], random actions:[49], eInit:[0.2964], init state:[ 6  9 46  0  0  0  0  0], end state:[ 1  9 46  0  0  0  0  0]
INFO:Reinforcement.Functions:episode: 123, score:[2687.60], loss:[1.91506], sequence:[0], isInPoolRatio:[0.97], optActionSelectedRatio:[0.91], optActionInPoolButNotSelected:[0.05], random actions:[52], eInit:[0.2934], init state:[ 3 23 22  1  0  0  1  0], end state:[ 5 23 22  1  0  0  0  0]
INFO:Reinforcement.Functions:episode: 124, score:[2761.20], loss:[1.93273], sequence:[1], isInPoolRatio:[0.99], optActionSelectedRatio:[0.93], optActionInPoolButNotSelected:[0.04], random actions:[54], eInit:[0.2905], init state:[ 5 10 31  0  0  0  0  0], end state:[ 0 10 31  0  0  0  0  0]
INFO:Reinforcement.Functions:episode: 125, score:[2792.40], loss:[1.66724], sequence:[2], isInPoolRatio:[0.99], optActionSelectedRatio:[0.96], optActionInPoolButNotSelected:[0.01], random actions:[44], eInit:[0.2876], init state:[ 0 20 36  1  1  0  0  0], end state:[ 2 20 36  1  1  0  0  0]
INFO:Reinforcement.Functions:episode: 126, score:[2781.20], loss:[1.61286], sequence:[3], isInPoolRatio:[1.00], optActionSelectedRatio:[0.95], optActionInPoolButNotSelected:[0.03], random actions:[49], eInit:[0.2847], init state:[ 4  2 28  0  0  0  0  0], end state:[ 6  2 28  0  0  0  0  0]
INFO:Reinforcement.Functions:episode: 127, score:[2809.20], loss:[1.50861], sequence:[4], isInPoolRatio:[1.00], optActionSelectedRatio:[0.97], optActionInPoolButNotSelected:[0.02], random actions:[46], eInit:[0.2819], init state:[ 3 14  1  0  0  0  0  0], end state:[ 5 14  1  0  0  0  0  0]
INFO:Reinforcement.Functions:episode: 128, score:[2778.40], loss:[1.48537], sequence:[5], isInPoolRatio:[0.99], optActionSelectedRatio:[0.95], optActionInPoolButNotSelected:[0.03], random actions:[40], eInit:[0.2790], init state:[ 5  7 55  0  0  0  0  0], end state:[ 0  7 55  0  0  0  0  0]
INFO:Reinforcement.Functions:episode: 129, score:[2743.60], loss:[1.81434], sequence:[6], isInPoolRatio:[0.98], optActionSelectedRatio:[0.94], optActionInPoolButNotSelected:[0.03], random actions:[49], eInit:[0.2763], init state:[ 0 18 17  0  0  0  0  0], end state:[ 2 18 17  0  0  0  0  0]
INFO:Reinforcement.Functions:episode: 130, score:[2750.40], loss:[1.53505], sequence:[7], isInPoolRatio:[0.99], optActionSelectedRatio:[0.93], optActionInPoolButNotSelected:[0.04], random actions:[49], eInit:[0.2735], init state:[ 4 22 52  0  0  0  0  0], end state:[ 6 22 52  1  0  0  0  0]
INFO:Reinforcement.Functions:episode: 131, score:[2792.00], loss:[1.60777], sequence:[8], isInPoolRatio:[0.99], optActionSelectedRatio:[0.96], optActionInPoolButNotSelected:[0.01], random actions:[51], eInit:[0.2708], init state:[ 4 13 26  1  1  0  0  0], end state:[ 6 13 26  0  0  0  0  0]
INFO:Reinforcement.Functions:episode: 132, score:[2733.60], loss:[1.74582], sequence:[0], isInPoolRatio:[0.98], optActionSelectedRatio:[0.92], optActionInPoolButNotSelected:[0.05], random actions:[55], eInit:[0.2680], init state:[ 5 10 43  0  0  0  0  0], end state:[ 0 10 43  0  0  0  0  0]
INFO:Reinforcement.Functions:episode: 133, score:[2788.80], loss:[1.65768], sequence:[1], isInPoolRatio:[0.99], optActionSelectedRatio:[0.96], optActionInPoolButNotSelected:[0.02], random actions:[45], eInit:[0.2654], init state:[ 1  1 40  0  0  0  0  0], end state:[ 3  1 40  0  0  0  0  0]
INFO:Reinforcement.Functions:episode: 134, score:[2757.20], loss:[1.71545], sequence:[2], isInPoolRatio:[0.99], optActionSelectedRatio:[0.95], optActionInPoolButNotSelected:[0.02], random actions:[67], eInit:[0.2627], init state:[ 2  1 44  0  0  0  0  0], end state:[ 4  1 44  0  0  0  0  0]
INFO:Reinforcement.Functions:episode: 135, score:[2738.80], loss:[2.10929], sequence:[3], isInPoolRatio:[0.98], optActionSelectedRatio:[0.94], optActionInPoolButNotSelected:[0.03], random actions:[46], eInit:[0.2601], init state:[ 4  8 43  0  0  0  0  0], end state:[ 6  8 43  0  1  0  0  0]
INFO:Reinforcement.Functions:episode: 136, score:[2726.40], loss:[1.96725], sequence:[0], isInPoolRatio:[0.99], optActionSelectedRatio:[0.92], optActionInPoolButNotSelected:[0.05], random actions:[61], eInit:[0.2575], init state:[ 3 17 39  0  0  0  0  0], end state:[ 5 17 39  0  0  0  0  0]
INFO:Reinforcement.Functions:episode: 137, score:[2780.40], loss:[1.83723], sequence:[1], isInPoolRatio:[0.99], optActionSelectedRatio:[0.95], optActionInPoolButNotSelected:[0.02], random actions:[51], eInit:[0.2549], init state:[6 2 4 0 0 0 0 0], end state:[1 2 4 0 0 0 0 0]
INFO:Reinforcement.Functions:episode: 138, score:[2808.00], loss:[1.68942], sequence:[2], isInPoolRatio:[0.99], optActionSelectedRatio:[0.97], optActionInPoolButNotSelected:[0.01], random actions:[40], eInit:[0.2524], init state:[ 4 14  3  0  0  0  0  0], end state:[ 6 14  3  0  0  0  0  0]
INFO:Reinforcement.Functions:episode: 139, score:[2794.40], loss:[1.65564], sequence:[3], isInPoolRatio:[0.99], optActionSelectedRatio:[0.96], optActionInPoolButNotSelected:[0.01], random actions:[53], eInit:[0.2498], init state:[ 4 18 14  0  0  0  0  0], end state:[ 6 18 14  0  0  0  0  0]
INFO:Reinforcement.Functions:episode: 140, score:[2813.60], loss:[1.47156], sequence:[4], isInPoolRatio:[0.99], optActionSelectedRatio:[0.97], optActionInPoolButNotSelected:[0.01], random actions:[44], eInit:[0.2473], init state:[ 4 18  2  0  0  0  0  0], end state:[ 6 18  2  0  0  0  0  0]
INFO:Reinforcement.Functions:episode: 141, score:[2782.80], loss:[1.33020], sequence:[5], isInPoolRatio:[0.99], optActionSelectedRatio:[0.95], optActionInPoolButNotSelected:[0.02], random actions:[43], eInit:[0.2449], init state:[ 5  5 13  0  0  0  0  0], end state:[ 0  5 13  0  0  0  0  0]
INFO:Reinforcement.Functions:episode: 142, score:[2789.20], loss:[1.41901], sequence:[6], isInPoolRatio:[0.99], optActionSelectedRatio:[0.95], optActionInPoolButNotSelected:[0.03], random actions:[44], eInit:[0.2424], init state:[ 4 23 57  0  0  0  0  0], end state:[ 6 23 57  1  0  0  0  0]
INFO:Reinforcement.Functions:episode: 143, score:[2810.00], loss:[1.31176], sequence:[7], isInPoolRatio:[1.00], optActionSelectedRatio:[0.97], optActionInPoolButNotSelected:[0.01], random actions:[46], eInit:[0.2400], init state:[ 1  0 49  0  0  1  0  0], end state:[ 3  0 49  0  0  1  0  0]
INFO:Reinforcement.Functions:episode: 144, score:[2804.00], loss:[1.52073], sequence:[8], isInPoolRatio:[0.99], optActionSelectedRatio:[0.96], optActionInPoolButNotSelected:[0.02], random actions:[39], eInit:[0.2376], init state:[ 0  5 43  0  0  0  0  0], end state:[ 2  5 43  0  0  0  0  0]
INFO:Reinforcement.Functions:episode: 145, score:[2797.20], loss:[1.46196], sequence:[9], isInPoolRatio:[0.99], optActionSelectedRatio:[0.96], optActionInPoolButNotSelected:[0.02], random actions:[36], eInit:[0.2352], init state:[ 0 15 41  0  0  0  0  0], end state:[ 2 15 41  0  0  0  0  0]
INFO:Reinforcement.Functions:episode: 146, score:[2775.20], loss:[1.53282], sequence:[10], isInPoolRatio:[0.99], optActionSelectedRatio:[0.95], optActionInPoolButNotSelected:[0.03], random actions:[49], eInit:[0.2329], init state:[ 2 18 24  0  0  0  0  0], end state:[ 4 18 24  0  0  0  0  0]
INFO:Reinforcement.Functions:episode: 147, score:[2836.80], loss:[1.27971], sequence:[11], isInPoolRatio:[1.00], optActionSelectedRatio:[0.98], optActionInPoolButNotSelected:[0.01], random actions:[35], eInit:[0.2305], init state:[ 1  1 32  0  0  0  0  0], end state:[ 3  1 32  0  0  0  0  0]
INFO:Reinforcement.Functions:episode: 148, score:[2795.20], loss:[1.33139], sequence:[12], isInPoolRatio:[0.99], optActionSelectedRatio:[0.96], optActionInPoolButNotSelected:[0.01], random actions:[44], eInit:[0.2282], init state:[ 3 17 29  0  0  0  0  0], end state:[ 5 17 29  0  0  0  0  0]
INFO:Reinforcement.Functions:episode: 149, score:[2771.60], loss:[1.39980], sequence:[13], isInPoolRatio:[0.99], optActionSelectedRatio:[0.95], optActionInPoolButNotSelected:[0.03], random actions:[48], eInit:[0.2259], init state:[ 3  3 57  0  0  0  0  0], end state:[ 5  3 57  0  0  0  0  0]
INFO:Reinforcement.Functions:episode: 150, score:[2772.00], loss:[1.31520], sequence:[14], isInPoolRatio:[0.99], optActionSelectedRatio:[0.94], optActionInPoolButNotSelected:[0.04], random actions:[39], eInit:[0.2237], init state:[ 6 12 14  0  0  0  0  0], end state:[ 1 12 14  0  0  0  0  0]
INFO:Reinforcement.Functions:Saving [Actor] main model as [results/D-18-3-H-16-45-9/Actor-main-model-0.h5]
INFO:Reinforcement.Functions:Saving [Actor] target model as [results/D-18-3-H-16-45-9/Actor-target-model-0.h5]
INFO:Reinforcement.Functions:Saving [Critic] main model as [results/D-18-3-H-16-45-9/Critic-main-model-0.h5]
INFO:Reinforcement.Functions:Saving [Critic] target model as [results/D-18-3-H-16-45-9/Critic-target-model-0.h5]
INFO:Reinforcement.Functions:maxScore:(2836.7999999999993, [147]) , maxSequence:(19, [120])
INFO:Reinforcement.Functions:episode: 151, score:[2707.60], loss:[1.39322], sequence:[0], isInPoolRatio:[0.98], optActionSelectedRatio:[0.91], optActionInPoolButNotSelected:[0.06], random actions:[35], eInit:[0.2215], init state:[ 3 21 21  1  1  0  1  0], end state:[ 5 21 21  1  0  0  1  1]
INFO:Reinforcement.Functions:episode: 152, score:[2750.00], loss:[1.70977], sequence:[1], isInPoolRatio:[0.99], optActionSelectedRatio:[0.93], optActionInPoolButNotSelected:[0.04], random actions:[51], eInit:[0.2192], init state:[ 2 20  6  0  0  0  0  0], end state:[ 4 20  6  0  0  0  0  0]
INFO:Reinforcement.Functions:episode: 153, score:[2722.00], loss:[1.60381], sequence:[0], isInPoolRatio:[0.98], optActionSelectedRatio:[0.93], optActionInPoolButNotSelected:[0.03], random actions:[48], eInit:[0.2170], init state:[ 4  2 57  0  0  0  0  0], end state:[ 6  2 57  0  0  0  0  0]
INFO:Reinforcement.Functions:episode: 154, score:[2794.80], loss:[1.64078], sequence:[1], isInPoolRatio:[0.99], optActionSelectedRatio:[0.96], optActionInPoolButNotSelected:[0.02], random actions:[38], eInit:[0.2149], init state:[ 2  4 45  0  0  0  0  0], end state:[ 4  4 45  0  0  0  0  0]
INFO:Reinforcement.Functions:episode: 155, score:[2719.60], loss:[2.21487], sequence:[0], isInPoolRatio:[0.98], optActionSelectedRatio:[0.93], optActionInPoolButNotSelected:[0.04], random actions:[52], eInit:[0.2127], init state:[ 6 19 42  0  0  0  0  0], end state:[ 1 19 42  0  0  0  0  0]
INFO:Reinforcement.Functions:episode: 156, score:[2752.40], loss:[1.80958], sequence:[1], isInPoolRatio:[0.99], optActionSelectedRatio:[0.93], optActionInPoolButNotSelected:[0.04], random actions:[59], eInit:[0.2106], init state:[ 4 22 10  0  0  0  0  0], end state:[ 6 22 10  0  0  1  0  1]
INFO:Reinforcement.Functions:episode: 157, score:[2744.00], loss:[1.80746], sequence:[2], isInPoolRatio:[0.98], optActionSelectedRatio:[0.94], optActionInPoolButNotSelected:[0.03], random actions:[51], eInit:[0.2085], init state:[ 6  5 57  0  0  0  0  0], end state:[ 1  5 57  0  0  0  0  0]
INFO:Reinforcement.Functions:episode: 158, score:[2789.60], loss:[1.64446], sequence:[3], isInPoolRatio:[0.99], optActionSelectedRatio:[0.96], optActionInPoolButNotSelected:[0.01], random actions:[57], eInit:[0.2064], init state:[ 1  7 37  0  0  0  0  0], end state:[ 3  7 37  0  0  0  0  0]
INFO:Reinforcement.Functions:episode: 159, score:[2771.60], loss:[1.44002], sequence:[4], isInPoolRatio:[0.99], optActionSelectedRatio:[0.94], optActionInPoolButNotSelected:[0.03], random actions:[44], eInit:[0.2043], init state:[ 2 12 51  0  0  0  0  0], end state:[ 4 12 51  1  1  0  1  0]
INFO:Reinforcement.Functions:episode: 160, score:[2803.60], loss:[1.44800], sequence:[5], isInPoolRatio:[1.00], optActionSelectedRatio:[0.96], optActionInPoolButNotSelected:[0.03], random actions:[39], eInit:[0.2023], init state:[ 2 10 35  0  0  0  0  0], end state:[ 4 10 35  1  1  0  1  0]
INFO:Reinforcement.Functions:episode: 161, score:[2760.00], loss:[1.66139], sequence:[6], isInPoolRatio:[0.99], optActionSelectedRatio:[0.95], optActionInPoolButNotSelected:[0.02], random actions:[51], eInit:[0.2003], init state:[ 6 22 23  1  0  0  0  0], end state:[ 1 22 23  1  0  0  0  0]
INFO:Reinforcement.Functions:episode: 162, score:[2775.60], loss:[1.33785], sequence:[7], isInPoolRatio:[0.99], optActionSelectedRatio:[0.96], optActionInPoolButNotSelected:[0.02], random actions:[53], eInit:[0.1983], init state:[ 6 12 52  0  0  0  0  0], end state:[ 1 12 52  0  0  0  0  0]
INFO:Reinforcement.Functions:episode: 163, score:[2764.80], loss:[1.46254], sequence:[8], isInPoolRatio:[0.99], optActionSelectedRatio:[0.94], optActionInPoolButNotSelected:[0.04], random actions:[47], eInit:[0.1963], init state:[5 1 0 0 0 0 0 0], end state:[0 1 0 0 0 1 0 0]
INFO:Reinforcement.Functions:episode: 164, score:[2828.00], loss:[1.30844], sequence:[9], isInPoolRatio:[1.00], optActionSelectedRatio:[0.98], optActionInPoolButNotSelected:[0.01], random actions:[34], eInit:[0.1943], init state:[ 1  8 40  1  1  0  1  0], end state:[ 3  8 40  1  1  0  1  0]
INFO:Reinforcement.Functions:episode: 165, score:[2740.40], loss:[1.63934], sequence:[10], isInPoolRatio:[0.99], optActionSelectedRatio:[0.94], optActionInPoolButNotSelected:[0.04], random actions:[50], eInit:[0.1924], init state:[ 4  0 56  1  0  1  0  0], end state:[ 6  0 56  0  0  1  0  0]
INFO:Reinforcement.Functions:episode: 166, score:[2824.40], loss:[1.33038], sequence:[11], isInPoolRatio:[1.00], optActionSelectedRatio:[0.97], optActionInPoolButNotSelected:[0.01], random actions:[38], eInit:[0.1905], init state:[ 2  7 38  0  0  0  0  0], end state:[ 4  7 38  0  0  0  0  0]
INFO:Reinforcement.Functions:episode: 167, score:[2783.20], loss:[1.28139], sequence:[12], isInPoolRatio:[0.99], optActionSelectedRatio:[0.96], optActionInPoolButNotSelected:[0.02], random actions:[35], eInit:[0.1886], init state:[ 4  3 45  0  0  0  0  0], end state:[ 6  3 45  0  0  0  0  0]
INFO:Reinforcement.Functions:episode: 168, score:[2800.40], loss:[1.51021], sequence:[13], isInPoolRatio:[0.99], optActionSelectedRatio:[0.96], optActionInPoolButNotSelected:[0.01], random actions:[45], eInit:[0.1867], init state:[ 6 20 39  1  1  0  0  0], end state:[ 1 20 39  1  1  0  0  0]
INFO:Reinforcement.Functions:episode: 169, score:[2800.80], loss:[1.42641], sequence:[14], isInPoolRatio:[0.99], optActionSelectedRatio:[0.96], optActionInPoolButNotSelected:[0.01], random actions:[39], eInit:[0.1848], init state:[ 6 15 17  0  0  0  0  0], end state:[ 1 15 17  0  0  0  0  0]
INFO:Reinforcement.Functions:episode: 170, score:[2718.80], loss:[1.89395], sequence:[0], isInPoolRatio:[0.98], optActionSelectedRatio:[0.92], optActionInPoolButNotSelected:[0.04], random actions:[51], eInit:[0.1830], init state:[ 5 14 43  0  0  0  0  0], end state:[ 0 14 43  0  0  0  0  0]
INFO:Reinforcement.Functions:episode: 171, score:[2762.40], loss:[1.76766], sequence:[1], isInPoolRatio:[0.98], optActionSelectedRatio:[0.94], optActionInPoolButNotSelected:[0.02], random actions:[41], eInit:[0.1811], init state:[ 2 18 17  0  0  0  0  0], end state:[ 4 18 17  0  0  0  0  0]
INFO:Reinforcement.Functions:episode: 172, score:[2732.00], loss:[1.91843], sequence:[0], isInPoolRatio:[0.98], optActionSelectedRatio:[0.94], optActionInPoolButNotSelected:[0.03], random actions:[50], eInit:[0.1793], init state:[ 6 18 41  0  0  0  0  0], end state:[ 1 18 41  0  0  0  0  0]
INFO:Reinforcement.Functions:episode: 173, score:[2793.20], loss:[1.51673], sequence:[1], isInPoolRatio:[1.00], optActionSelectedRatio:[0.96], optActionInPoolButNotSelected:[0.02], random actions:[43], eInit:[0.1775], init state:[ 1  8 52  1  1  0  0  0], end state:[ 3  8 52  1  1  0  0  0]
INFO:Reinforcement.Functions:episode: 174, score:[2789.60], loss:[1.32215], sequence:[2], isInPoolRatio:[0.99], optActionSelectedRatio:[0.95], optActionInPoolButNotSelected:[0.03], random actions:[41], eInit:[0.1757], init state:[ 2 14 17  0  0  0  0  0], end state:[ 4 14 17  0  0  0  0  0]
INFO:Reinforcement.Functions:episode: 175, score:[2770.40], loss:[1.61445], sequence:[3], isInPoolRatio:[0.99], optActionSelectedRatio:[0.94], optActionInPoolButNotSelected:[0.03], random actions:[45], eInit:[0.1740], init state:[ 3 18 51  0  0  0  0  0], end state:[ 5 18 51  1  1  0  1  0]
INFO:Reinforcement.Functions:episode: 176, score:[2792.80], loss:[1.38461], sequence:[4], isInPoolRatio:[0.99], optActionSelectedRatio:[0.96], optActionInPoolButNotSelected:[0.01], random actions:[39], eInit:[0.1722], init state:[ 6 13 21  0  0  0  0  0], end state:[ 1 13 21  0  0  0  0  0]
INFO:Reinforcement.Functions:episode: 177, score:[2730.80], loss:[1.50284], sequence:[0], isInPoolRatio:[0.97], optActionSelectedRatio:[0.93], optActionInPoolButNotSelected:[0.03], random actions:[44], eInit:[0.1705], init state:[ 5  7 58  0  0  0  0  0], end state:[ 0  7 58  0  0  0  0  0]
INFO:Reinforcement.Functions:episode: 178, score:[2792.00], loss:[1.33192], sequence:[1], isInPoolRatio:[0.99], optActionSelectedRatio:[0.96], optActionInPoolButNotSelected:[0.01], random actions:[45], eInit:[0.1688], init state:[ 1 13 27  0  0  0  0  0], end state:[ 3 13 27  0  0  0  0  0]
INFO:Reinforcement.Functions:episode: 179, score:[2798.40], loss:[1.48052], sequence:[2], isInPoolRatio:[0.99], optActionSelectedRatio:[0.96], optActionInPoolButNotSelected:[0.02], random actions:[41], eInit:[0.1671], init state:[ 4 20  9  0  0  0  0  0], end state:[ 6 20  9  0  0  0  1  1]
INFO:Reinforcement.Functions:episode: 180, score:[2806.80], loss:[1.36591], sequence:[3], isInPoolRatio:[0.99], optActionSelectedRatio:[0.97], optActionInPoolButNotSelected:[0.01], random actions:[39], eInit:[0.1655], init state:[ 0 20 41  1  1  0  0  0], end state:[ 2 20 41  1  1  0  0  0]
INFO:Reinforcement.Functions:episode: 181, score:[2817.60], loss:[1.22691], sequence:[4], isInPoolRatio:[0.99], optActionSelectedRatio:[0.97], optActionInPoolButNotSelected:[0.01], random actions:[37], eInit:[0.1638], init state:[ 1  9 35  0  0  0  0  0], end state:[ 3  9 35  0  0  0  0  0]
INFO:Reinforcement.Functions:episode: 182, score:[2763.20], loss:[1.24876], sequence:[5], isInPoolRatio:[0.98], optActionSelectedRatio:[0.95], optActionInPoolButNotSelected:[0.02], random actions:[43], eInit:[0.1622], init state:[ 5 10  9  0  0  0  0  0], end state:[ 0 10  9  0  0  0  0  0]
INFO:Reinforcement.Functions:episode: 183, score:[2803.60], loss:[1.27768], sequence:[6], isInPoolRatio:[0.99], optActionSelectedRatio:[0.97], optActionInPoolButNotSelected:[0.01], random actions:[36], eInit:[0.1605], init state:[ 0 20 40  1  1  0  0  0], end state:[ 2 20 40  1  1  0  0  0]
INFO:Reinforcement.Functions:episode: 184, score:[2796.80], loss:[1.41666], sequence:[7], isInPoolRatio:[0.99], optActionSelectedRatio:[0.96], optActionInPoolButNotSelected:[0.02], random actions:[38], eInit:[0.1589], init state:[ 5 14 22  0  0  0  0  0], end state:[ 0 14 22  0  0  0  0  0]
INFO:Reinforcement.Functions:episode: 185, score:[2780.00], loss:[1.29984], sequence:[8], isInPoolRatio:[0.99], optActionSelectedRatio:[0.95], optActionInPoolButNotSelected:[0.02], random actions:[47], eInit:[0.1574], init state:[ 4 18  4  0  0  0  0  0], end state:[ 6 18  4  0  0  0  0  0]
INFO:Reinforcement.Functions:episode: 186, score:[2786.40], loss:[1.57369], sequence:[9], isInPoolRatio:[0.99], optActionSelectedRatio:[0.96], optActionInPoolButNotSelected:[0.02], random actions:[45], eInit:[0.1558], init state:[ 6 20  8  0  0  0  0  0], end state:[ 1 20  8  0  0  0  0  0]
INFO:Reinforcement.Functions:episode: 187, score:[2825.60], loss:[1.14239], sequence:[10], isInPoolRatio:[1.00], optActionSelectedRatio:[0.98], optActionInPoolButNotSelected:[0.01], random actions:[34], eInit:[0.1542], init state:[ 0  7 44  0  0  0  0  0], end state:[ 2  7 44  0  0  0  0  0]
INFO:Reinforcement.Functions:episode: 188, score:[2807.60], loss:[1.13886], sequence:[11], isInPoolRatio:[0.99], optActionSelectedRatio:[0.96], optActionInPoolButNotSelected:[0.02], random actions:[32], eInit:[0.1527], init state:[4 2 9 0 0 0 0 0], end state:[6 2 9 0 0 0 0 0]
INFO:Reinforcement.Functions:episode: 189, score:[2802.80], loss:[1.08936], sequence:[12], isInPoolRatio:[0.99], optActionSelectedRatio:[0.97], optActionInPoolButNotSelected:[0.01], random actions:[50], eInit:[0.1512], init state:[ 1  1 49  0  0  0  0  0], end state:[ 3  1 49  0  0  0  0  0]
INFO:Reinforcement.Functions:episode: 190, score:[2801.60], loss:[1.12859], sequence:[13], isInPoolRatio:[0.99], optActionSelectedRatio:[0.97], optActionInPoolButNotSelected:[0.01], random actions:[41], eInit:[0.1496], init state:[ 1 19 47  0  0  0  0  0], end state:[ 3 19 47  0  0  0  0  0]
INFO:Reinforcement.Functions:episode: 191, score:[2819.60], loss:[1.19872], sequence:[14], isInPoolRatio:[1.00], optActionSelectedRatio:[0.97], optActionInPoolButNotSelected:[0.01], random actions:[41], eInit:[0.1481], init state:[ 0 21 49  1  0  0  0  0], end state:[ 2 21 49  1  0  0  0  0]
INFO:Reinforcement.Functions:episode: 192, score:[2780.00], loss:[1.09954], sequence:[15], isInPoolRatio:[0.99], optActionSelectedRatio:[0.96], optActionInPoolButNotSelected:[0.02], random actions:[44], eInit:[0.1467], init state:[2 0 3 1 0 0 0 0], end state:[4 0 3 0 0 0 1 0]
INFO:Reinforcement.Functions:episode: 193, score:[2796.40], loss:[1.18317], sequence:[16], isInPoolRatio:[0.99], optActionSelectedRatio:[0.96], optActionInPoolButNotSelected:[0.02], random actions:[37], eInit:[0.1452], init state:[ 2 16 26  0  0  0  0  0], end state:[ 4 16 26  0  0  0  0  0]
INFO:Reinforcement.Functions:episode: 194, score:[2775.60], loss:[1.09165], sequence:[17], isInPoolRatio:[1.00], optActionSelectedRatio:[0.95], optActionInPoolButNotSelected:[0.03], random actions:[49], eInit:[0.1437], init state:[ 3 12  2  0  0  0  0  0], end state:[ 5 12  2  0  0  0  0  0]
INFO:Reinforcement.Functions:episode: 195, score:[2794.40], loss:[0.88460], sequence:[18], isInPoolRatio:[1.00], optActionSelectedRatio:[0.95], optActionInPoolButNotSelected:[0.03], random actions:[45], eInit:[0.1423], init state:[ 2 11 11  0  0  0  0  0], end state:[ 4 11 11  1  1  0  0  0]
INFO:Reinforcement.Functions:episode: 196, score:[2823.20], loss:[0.98122], sequence:[19], isInPoolRatio:[1.00], optActionSelectedRatio:[0.98], optActionInPoolButNotSelected:[0.01], random actions:[45], eInit:[0.1409], init state:[ 0  5 16  0  0  0  0  0], end state:[ 2  5 16  0  0  0  0  0]
INFO:Reinforcement.Functions:episode: 197, score:[2816.80], loss:[0.90677], sequence:[20], isInPoolRatio:[1.00], optActionSelectedRatio:[0.97], optActionInPoolButNotSelected:[0.02], random actions:[39], eInit:[0.1395], init state:[ 2 11 36  0  0  0  0  0], end state:[ 4 11 36  1  1  0  0  0]
INFO:Reinforcement.Functions:episode: 198, score:[2789.20], loss:[1.05835], sequence:[21], isInPoolRatio:[0.99], optActionSelectedRatio:[0.96], optActionInPoolButNotSelected:[0.01], random actions:[57], eInit:[0.1381], init state:[ 0 16 13  0  0  0  0  0], end state:[ 2 16 13  0  0  0  0  0]
INFO:Reinforcement.Functions:episode: 199, score:[2735.60], loss:[1.05035], sequence:[0], isInPoolRatio:[0.98], optActionSelectedRatio:[0.92], optActionInPoolButNotSelected:[0.05], random actions:[39], eInit:[0.1367], init state:[ 3 21 31  1  0  0  0  0], end state:[ 5 21 31  1  0  0  1  1]
INFO:Reinforcement.Functions:episode: 200, score:[2823.20], loss:[1.02565], sequence:[1], isInPoolRatio:[1.00], optActionSelectedRatio:[0.97], optActionInPoolButNotSelected:[0.02], random actions:[29], eInit:[0.1353], init state:[ 3 19 32  0  0  0  0  0], end state:[ 5 19 32  1  0  0  1  0]
INFO:Reinforcement.Functions:Saving [Actor] main model as [results/D-18-3-H-16-45-9/Actor-main-model-1.h5]
INFO:Reinforcement.Functions:Saving [Actor] target model as [results/D-18-3-H-16-45-9/Actor-target-model-1.h5]
INFO:Reinforcement.Functions:Saving [Critic] main model as [results/D-18-3-H-16-45-9/Critic-main-model-1.h5]
INFO:Reinforcement.Functions:Saving [Critic] target model as [results/D-18-3-H-16-45-9/Critic-target-model-1.h5]
INFO:Reinforcement.Functions:maxScore:(2836.7999999999993, [147]) , maxSequence:(21, [198])
INFO:Reinforcement.Functions:episode: 201, score:[2801.20], loss:[0.94176], sequence:[2], isInPoolRatio:[0.99], optActionSelectedRatio:[0.96], optActionInPoolButNotSelected:[0.02], random actions:[31], eInit:[0.1340], init state:[ 4 10 23  1  1  0  1  0], end state:[ 6 10 23  0  0  0  0  0]
INFO:Reinforcement.Functions:episode: 202, score:[2802.80], loss:[0.85704], sequence:[3], isInPoolRatio:[0.99], optActionSelectedRatio:[0.96], optActionInPoolButNotSelected:[0.02], random actions:[44], eInit:[0.1326], init state:[ 0  3 34  0  0  0  0  0], end state:[ 2  3 34  0  0  0  0  0]
INFO:Reinforcement.Functions:episode: 203, score:[2835.60], loss:[0.86006], sequence:[4], isInPoolRatio:[1.00], optActionSelectedRatio:[0.98], optActionInPoolButNotSelected:[0.01], random actions:[29], eInit:[0.1313], init state:[ 0  3 51  0  0  0  0  0], end state:[ 2  3 51  0  0  0  0  0]
INFO:Reinforcement.Functions:episode: 204, score:[2762.80], loss:[1.07997], sequence:[5], isInPoolRatio:[0.98], optActionSelectedRatio:[0.95], optActionInPoolButNotSelected:[0.03], random actions:[33], eInit:[0.1300], init state:[ 3 21 53  1  0  0  0  0], end state:[ 5 21 53  1  0  0  1  0]
INFO:Reinforcement.Functions:episode: 205, score:[2781.60], loss:[1.12580], sequence:[6], isInPoolRatio:[0.99], optActionSelectedRatio:[0.95], optActionInPoolButNotSelected:[0.02], random actions:[39], eInit:[0.1287], init state:[4 9 3 0 0 0 0 0], end state:[6 9 3 0 0 0 0 0]
INFO:Reinforcement.Functions:episode: 206, score:[2825.60], loss:[0.96900], sequence:[7], isInPoolRatio:[0.99], optActionSelectedRatio:[0.97], optActionInPoolButNotSelected:[0.01], random actions:[25], eInit:[0.1274], init state:[ 4 15 23  0  0  0  0  0], end state:[ 6 15 23  0  0  0  0  0]
INFO:Reinforcement.Functions:episode: 207, score:[2765.60], loss:[0.99653], sequence:[8], isInPoolRatio:[0.99], optActionSelectedRatio:[0.94], optActionInPoolButNotSelected:[0.04], random actions:[36], eInit:[0.1261], init state:[ 5 22 16  1  0  0  1  0], end state:[ 0 22 16  1  0  0  0  0]
INFO:Reinforcement.Functions:episode: 208, score:[2779.60], loss:[1.14529], sequence:[9], isInPoolRatio:[0.99], optActionSelectedRatio:[0.95], optActionInPoolButNotSelected:[0.02], random actions:[37], eInit:[0.1249], init state:[ 2 23 22  1  0  0  1  0], end state:[ 4 23 22  0  0  0  0  0]
INFO:Reinforcement.Functions:episode: 209, score:[2831.60], loss:[1.02425], sequence:[10], isInPoolRatio:[1.00], optActionSelectedRatio:[0.98], optActionInPoolButNotSelected:[0.01], random actions:[30], eInit:[0.1236], init state:[ 0 18 34  0  0  0  0  0], end state:[ 2 18 34  0  0  0  0  0]
INFO:Reinforcement.Functions:episode: 210, score:[2773.60], loss:[1.10869], sequence:[11], isInPoolRatio:[0.98], optActionSelectedRatio:[0.95], optActionInPoolButNotSelected:[0.02], random actions:[38], eInit:[0.1224], init state:[ 4 12 50  1  1  0  1  0], end state:[ 6 12 50  0  0  0  0  0]
INFO:Reinforcement.Functions:episode: 211, score:[2784.00], loss:[1.09995], sequence:[12], isInPoolRatio:[0.98], optActionSelectedRatio:[0.96], optActionInPoolButNotSelected:[0.02], random actions:[42], eInit:[0.1212], init state:[ 4 21 40  0  0  0  0  0], end state:[ 6 21 40  1  0  0  0  0]
INFO:Reinforcement.Functions:episode: 212, score:[2782.00], loss:[1.26838], sequence:[13], isInPoolRatio:[0.99], optActionSelectedRatio:[0.96], optActionInPoolButNotSelected:[0.02], random actions:[37], eInit:[0.1200], init state:[ 2 20 31  1  1  0  0  0], end state:[ 4 20 31  0  0  0  0  0]
INFO:Reinforcement.Functions:episode: 213, score:[2827.20], loss:[1.09206], sequence:[14], isInPoolRatio:[0.99], optActionSelectedRatio:[0.98], optActionInPoolButNotSelected:[0.01], random actions:[33], eInit:[0.1188], init state:[ 0  2 35  0  0  0  0  0], end state:[ 2  2 35  0  0  0  0  0]
INFO:Reinforcement.Functions:episode: 214, score:[2813.20], loss:[1.06817], sequence:[15], isInPoolRatio:[0.99], optActionSelectedRatio:[0.97], optActionInPoolButNotSelected:[0.01], random actions:[35], eInit:[0.1176], init state:[ 1  1 29  0  0  0  0  0], end state:[ 3  1 29  0  0  0  0  0]
INFO:Reinforcement.Functions:episode: 215, score:[2772.80], loss:[1.05289], sequence:[16], isInPoolRatio:[0.99], optActionSelectedRatio:[0.96], optActionInPoolButNotSelected:[0.02], random actions:[37], eInit:[0.1164], init state:[ 1 12 10  0  0  0  0  0], end state:[ 3 12 10  0  0  0  0  0]
INFO:Reinforcement.Functions:episode: 216, score:[2783.60], loss:[1.27289], sequence:[17], isInPoolRatio:[0.99], optActionSelectedRatio:[0.95], optActionInPoolButNotSelected:[0.03], random actions:[36], eInit:[0.1152], init state:[ 6 18 39  0  0  0  0  0], end state:[ 1 18 39  0  0  0  0  0]
INFO:Reinforcement.Functions:episode: 217, score:[2753.20], loss:[1.25344], sequence:[18], isInPoolRatio:[0.98], optActionSelectedRatio:[0.94], optActionInPoolButNotSelected:[0.03], random actions:[41], eInit:[0.1141], init state:[ 6  0 57  0  0  1  0  0], end state:[ 1  0 57  0  0  1  0  0]
INFO:Reinforcement.Functions:episode: 218, score:[2781.60], loss:[1.30457], sequence:[19], isInPoolRatio:[0.99], optActionSelectedRatio:[0.96], optActionInPoolButNotSelected:[0.02], random actions:[35], eInit:[0.1129], init state:[ 6 15 30  0  0  0  0  0], end state:[ 1 15 30  0  0  0  0  0]
INFO:Reinforcement.Functions:episode: 219, score:[2801.20], loss:[1.12548], sequence:[20], isInPoolRatio:[0.98], optActionSelectedRatio:[0.96], optActionInPoolButNotSelected:[0.01], random actions:[35], eInit:[0.1118], init state:[6 8 1 1 0 0 0 0], end state:[1 8 1 1 0 0 0 0]
INFO:Reinforcement.Functions:episode: 220, score:[2833.60], loss:[1.08563], sequence:[21], isInPoolRatio:[1.00], optActionSelectedRatio:[0.98], optActionInPoolButNotSelected:[0.01], random actions:[31], eInit:[0.1107], init state:[ 1  7 32  0  0  0  0  0], end state:[ 3  7 32  0  0  0  0  0]
INFO:Reinforcement.Functions:episode: 221, score:[2770.40], loss:[1.28831], sequence:[22], isInPoolRatio:[0.98], optActionSelectedRatio:[0.94], optActionInPoolButNotSelected:[0.03], random actions:[28], eInit:[0.1096], init state:[ 4 11 29  1  1  0  0  0], end state:[ 6 11 29  0  0  0  0  0]
INFO:Reinforcement.Functions:episode: 222, score:[2826.00], loss:[1.23104], sequence:[23], isInPoolRatio:[1.00], optActionSelectedRatio:[0.98], optActionInPoolButNotSelected:[0.01], random actions:[33], eInit:[0.1085], init state:[ 2  4 56  0  0  0  0  0], end state:[ 4  4 56  0  0  0  0  0]
INFO:Reinforcement.Functions:episode: 223, score:[2815.60], loss:[1.04095], sequence:[24], isInPoolRatio:[0.99], optActionSelectedRatio:[0.98], optActionInPoolButNotSelected:[0.01], random actions:[34], eInit:[0.1074], init state:[ 0  5 44  0  0  0  0  0], end state:[ 2  5 44  0  0  0  0  0]
INFO:Reinforcement.Functions:episode: 224, score:[2787.60], loss:[1.25562], sequence:[25], isInPoolRatio:[0.98], optActionSelectedRatio:[0.96], optActionInPoolButNotSelected:[0.01], random actions:[34], eInit:[0.1063], init state:[ 0 10  0  0  0  0  0  0], end state:[ 2 10  0  0  0  0  0  0]
INFO:Reinforcement.Functions:episode: 225, score:[2846.40], loss:[0.98008], sequence:[26], isInPoolRatio:[1.00], optActionSelectedRatio:[0.98], optActionInPoolButNotSelected:[0.01], random actions:[26], eInit:[0.1053], init state:[ 6  9 55  0  0  0  0  0], end state:[ 1  9 55  0  0  0  0  0]
INFO:Reinforcement.Functions:episode: 226, score:[2802.40], loss:[1.14630], sequence:[27], isInPoolRatio:[0.99], optActionSelectedRatio:[0.96], optActionInPoolButNotSelected:[0.03], random actions:[27], eInit:[0.1042], init state:[ 5  7 54  0  0  0  0  0], end state:[ 0  7 54  0  0  0  0  0]
INFO:Reinforcement.Functions:episode: 227, score:[2786.00], loss:[1.08743], sequence:[28], isInPoolRatio:[0.99], optActionSelectedRatio:[0.95], optActionInPoolButNotSelected:[0.02], random actions:[45], eInit:[0.1032], init state:[ 6 12  0  0  0  0  0  0], end state:[ 1 12  0  0  0  0  0  0]
INFO:Reinforcement.Functions:episode: 228, score:[2791.60], loss:[1.12676], sequence:[29], isInPoolRatio:[0.99], optActionSelectedRatio:[0.95], optActionInPoolButNotSelected:[0.03], random actions:[31], eInit:[0.1021], init state:[ 2 21 33  1  0  0  0  0], end state:[ 4 21 33  0  0  0  0  0]
INFO:Reinforcement.Functions:episode: 229, score:[2810.80], loss:[0.92776], sequence:[30], isInPoolRatio:[0.98], optActionSelectedRatio:[0.96], optActionInPoolButNotSelected:[0.01], random actions:[36], eInit:[0.1011], init state:[ 0 18 50  0  0  0  0  0], end state:[ 2 18 50  0  0  0  0  0]
INFO:Reinforcement.Functions:episode: 230, score:[2816.00], loss:[0.93332], sequence:[31], isInPoolRatio:[0.98], optActionSelectedRatio:[0.97], optActionInPoolButNotSelected:[0.01], random actions:[28], eInit:[0.1001], init state:[ 1 10  4  0  0  0  0  0], end state:[ 3 10  4  0  0  0  0  0]
INFO:Reinforcement.Functions:episode: 231, score:[2824.40], loss:[0.77172], sequence:[32], isInPoolRatio:[0.99], optActionSelectedRatio:[0.97], optActionInPoolButNotSelected:[0.01], random actions:[29], eInit:[0.0991], init state:[ 0 22 45  1  0  0  0  0], end state:[ 2 22 45  1  0  0  0  0]
INFO:Reinforcement.Functions:episode: 232, score:[2720.00], loss:[1.16555], sequence:[0], isInPoolRatio:[0.97], optActionSelectedRatio:[0.92], optActionInPoolButNotSelected:[0.04], random actions:[40], eInit:[0.0981], init state:[ 3  8 24  1  0  0  0  0], end state:[ 5  8 24  0  0  0  0  0]
INFO:Reinforcement.Functions:episode: 233, score:[2816.40], loss:[0.95340], sequence:[1], isInPoolRatio:[0.99], optActionSelectedRatio:[0.97], optActionInPoolButNotSelected:[0.01], random actions:[40], eInit:[0.0971], init state:[ 1  1 39  0  0  0  0  0], end state:[ 3  1 39  1  0  0  0  0]
INFO:Reinforcement.Functions:episode: 234, score:[2732.80], loss:[1.27621], sequence:[0], isInPoolRatio:[0.98], optActionSelectedRatio:[0.92], optActionInPoolButNotSelected:[0.06], random actions:[31], eInit:[0.0962], init state:[ 5 12 21  0  0  0  0  0], end state:[ 0 12 21  0  0  0  0  0]
INFO:Reinforcement.Functions:episode: 235, score:[2762.40], loss:[1.33378], sequence:[1], isInPoolRatio:[0.99], optActionSelectedRatio:[0.94], optActionInPoolButNotSelected:[0.04], random actions:[34], eInit:[0.0952], init state:[ 4  5 16  0  0  0  0  0], end state:[ 6  5 16  0  0  0  0  0]
INFO:Reinforcement.Functions:episode: 236, score:[2810.40], loss:[1.22736], sequence:[2], isInPoolRatio:[1.00], optActionSelectedRatio:[0.96], optActionInPoolButNotSelected:[0.02], random actions:[36], eInit:[0.0942], init state:[ 5  5 23  0  0  0  0  0], end state:[ 0  5 23  0  0  0  0  0]
INFO:Reinforcement.Functions:episode: 237, score:[2817.20], loss:[1.12895], sequence:[3], isInPoolRatio:[0.99], optActionSelectedRatio:[0.97], optActionInPoolButNotSelected:[0.01], random actions:[31], eInit:[0.0933], init state:[ 6 19 21  0  0  0  0  0], end state:[ 1 19 21  0  0  0  0  0]
INFO:Reinforcement.Functions:episode: 238, score:[2789.60], loss:[1.20315], sequence:[4], isInPoolRatio:[0.98], optActionSelectedRatio:[0.96], optActionInPoolButNotSelected:[0.01], random actions:[36], eInit:[0.0924], init state:[ 6 20 24  0  0  0  0  0], end state:[ 1 20 24  1  0  0  0  0]
INFO:Reinforcement.Functions:episode: 239, score:[2814.00], loss:[1.11597], sequence:[5], isInPoolRatio:[0.99], optActionSelectedRatio:[0.97], optActionInPoolButNotSelected:[0.01], random actions:[40], eInit:[0.0914], init state:[ 1  0 16  1  0  0  0  0], end state:[ 3  0 16  1  0  0  0  0]
INFO:Reinforcement.Functions:episode: 240, score:[2839.20], loss:[1.02005], sequence:[6], isInPoolRatio:[1.00], optActionSelectedRatio:[0.98], optActionInPoolButNotSelected:[0.01], random actions:[32], eInit:[0.0905], init state:[ 0 15 45  0  0  0  0  0], end state:[ 2 15 45  0  0  0  0  0]
INFO:Reinforcement.Functions:episode: 241, score:[2790.00], loss:[1.08482], sequence:[7], isInPoolRatio:[0.99], optActionSelectedRatio:[0.94], optActionInPoolButNotSelected:[0.05], random actions:[30], eInit:[0.0896], init state:[ 4  8 26  0  0  0  0  0], end state:[ 6  8 26  1  0  0  0  0]
INFO:Reinforcement.Functions:episode: 242, score:[2813.20], loss:[1.15397], sequence:[8], isInPoolRatio:[0.99], optActionSelectedRatio:[0.97], optActionInPoolButNotSelected:[0.01], random actions:[30], eInit:[0.0887], init state:[ 6 20 53  1  1  0  1  0], end state:[ 1 20 53  1  1  0  1  0]
INFO:Reinforcement.Functions:episode: 243, score:[2738.40], loss:[1.22430], sequence:[9], isInPoolRatio:[0.99], optActionSelectedRatio:[0.93], optActionInPoolButNotSelected:[0.04], random actions:[35], eInit:[0.0878], init state:[5 7 6 0 0 0 0 0], end state:[0 7 6 0 0 0 0 0]
INFO:Reinforcement.Functions:episode: 244, score:[2803.20], loss:[1.10493], sequence:[10], isInPoolRatio:[0.99], optActionSelectedRatio:[0.96], optActionInPoolButNotSelected:[0.02], random actions:[28], eInit:[0.0870], init state:[ 6 21 27  1  1  0  1  0], end state:[ 1 21 27  1  1  0  1  0]
INFO:Reinforcement.Functions:episode: 245, score:[2718.00], loss:[1.35397], sequence:[0], isInPoolRatio:[0.97], optActionSelectedRatio:[0.93], optActionInPoolButNotSelected:[0.02], random actions:[41], eInit:[0.0861], init state:[ 4  9 45  1  0  0  0  0], end state:[ 6  9 45  0  0  0  0  0]
INFO:Reinforcement.Functions:episode: 246, score:[2766.80], loss:[1.25806], sequence:[1], isInPoolRatio:[0.97], optActionSelectedRatio:[0.94], optActionInPoolButNotSelected:[0.02], random actions:[30], eInit:[0.0852], init state:[6 1 8 0 0 1 0 0], end state:[1 1 8 0 0 1 0 0]
