INFO:__main__:policy:[{u'10': [{u'days': u'weekdays', u'times': [[u'21:00', u'23:29']]}, {u'days': [5], u'times': [[u'21:00', u'23:29']]}], u'6': [{u'days': u'weekdays', u'times': [[u'20:40', u'23:59'], [u'00:00', u'00:14']]}, {u'days': [4], u'times': [[u'00:00', u'00:14']]}, {u'days': [5], u'times': [[u'21:00', u'23:59']]}], u'weekdays': [0, 1, 2, 3, 6], u'Devices': [u'Room light1', u'Room light2', u'Room light3 (backdoor)'], u'days': [u'Monday', u'Tuesday', u'Wednesday', u'Thursday', u'Friday', u'Saturday', u'Sunday'], u'1': [{u'days': [0, 1, 2, 3, 6], u'times': [[u'08:30', u'08:59'], [u'20:30', u'21:29']]}, {u'days': [4], u'times': [[u'10:00', u'13:29']]}, {u'days': [5], u'times': [[u'18:00', u'18:59']]}], u'0': [{u'days': [0, 1, 2, 3, 6], u'times': [[u'00:00', u'00:29'], [u'08:00', u'08:59'], [u'20:30', u'23:59']]}, {u'days': [4], u'times': [[u'00:00', u'00:59'], [u'09:30', u'13:29']]}, {u'days': [5], u'times': [[u'18:00', u'23:59']]}], u'3': [{u'days': u'weekdays', u'times': [[u'08:30', u'08:44'], [u'20:45', u'21:29'], [u'23:15', u'23:44']]}, {u'days': [4], u'times': [[u'10:00', u'10:59'], [u'12:45', u'13:14']]}, {u'days': [5], u'times': [[u'18:00', u'19:59'], [u'21:00', u'23:14']]}], u'2': [{u'days': [0, 1, 2, 3, 6], u'times': [[u'00:30', u'01:09']]}, {u'days': [4], u'times': [[u'00:30', u'01:09']]}], u'5': [{u'days': u'weekdays', u'times': [[u'08:35', u'08:42'], [u'21:09', u'21:11'], [u'00:05', u'00:24']]}, {u'days': [4], u'times': [[u'10:18', u'10:29'], [u'00:05', u'00:24']]}, {u'days': [5], u'times': [[u'19:09', u'19:09'], [u'21:34', u'21:34']]}], u'4': [{u'days': u'weekdays', u'times': [[u'08:30', u'08:34'], [u'21:05', u'21:08']]}, {u'days': [4], u'times': [[u'10:10', u'10:17']]}, {u'days': [5], u'times': [[u'19:05', u'19:08'], [u'21:20', u'21:33']]}], u'7': [{u'days': u'weekdays', u'times': [[u'20:40', u'23:59'], [u'00:00', u'00:14']]}, {u'days': [4], u'times': [[u'00:00', u'00:14']]}, {u'days': [5], u'times': [[u'21:00', u'23:59']]}], u'Time format': u'%H:%M', u'9': [{u'days': u'weekdays', u'times': [[u'09:00', u'09:00'], [u'20:30', u'20:30']]}, {u'days': [4], u'times': [[u'13:29', u'13:29']]}, {u'days': [5], u'times': [[u'18:00', u'18:00']]}], u'8': [{u'days': u'weekdays', u'times': [[u'20:31', u'20:54']]}, {u'days': [5], u'times': [[u'18:00', u'18:59']]}], u'weekend': [4, 5]}]
INFO:__main__:args:[{'random': True, 'gpuFrac': 0.3, 'sequential': False, 'gpuNum': 6, 'settings': 'settings.json'}]
INFO:__main__:agent:[{'epsilon_decay': 0.99, 'nBackups': 3, 'epsilon': 1.0, 'learning_rate': 0.001, 'curBackupIdx': 0, 'epsilon_min': 0.01, 'gamma': 0.95}]
INFO:__main__:settings:[{u'minGameScoreRatio': 0.85, u'batchSize': 128, u'nGamesPerSave': 100, u'nEpochs': 10, u'minGameSequence': 500, u'nModelBackups': 3, u'gameMinutesLength': 2880, u'trainSetSize': 50000, u'dequeSize': 50000}]
INFO:__main__:Saving model as [results/D-5-3-H-19-19-28/model-0.h5]
INFO:__main__:_________________________________________________________________
INFO:__main__:Layer (type)                 Output Shape              Param #   
INFO:__main__:=================================================================
INFO:__main__:lstm_1 (LSTM)                (None, 10, 8)             480       
INFO:__main__:_________________________________________________________________
INFO:__main__:batch_normalization_1 (Batch (None, 10, 8)             32        
INFO:__main__:_________________________________________________________________
INFO:__main__:lstm_2 (LSTM)                (None, 8)                 544       
INFO:__main__:=================================================================
INFO:__main__:Total params: 1,056
INFO:__main__:Trainable params: 1,040
INFO:__main__:Non-trainable params: 16
INFO:__main__:_________________________________________________________________
INFO:__main__:episode: 1, score:[-15.33], loss:[0.22668], sequence:[0], random actions:[2880], e:[0.9900], init state:[[ 6 19  9  0  0  0]]
INFO:__main__:episode: 2, score:[-39.33], loss:[0.05299], sequence:[0], random actions:[2855], e:[0.9801], init state:[[ 3  9 33  0  0  0]]
INFO:__main__:episode: 3, score:[-61.33], loss:[0.04200], sequence:[0], random actions:[2820], e:[0.9703], init state:[[ 2  6 56  0  0  0]]
INFO:__main__:episode: 4, score:[67.33], loss:[0.04115], sequence:[0], random actions:[2774], e:[0.9606], init state:[[ 2  5 43  0  0  0]]
INFO:__main__:episode: 5, score:[-34.00], loss:[0.04125], sequence:[0], random actions:[2779], e:[0.9510], init state:[[ 4  5 30  0  0  0]]
INFO:__main__:episode: 6, score:[46.00], loss:[0.04117], sequence:[0], random actions:[2746], e:[0.9415], init state:[[ 3  7 15  0  0  0]]
INFO:__main__:episode: 7, score:[-0.00], loss:[0.04103], sequence:[0], random actions:[2722], e:[0.9321], init state:[[ 5 17 44  0  0  0]]
INFO:__main__:episode: 8, score:[30.67], loss:[0.04102], sequence:[0], random actions:[2730], e:[0.9227], init state:[[ 3 16 47  0  0  0]]
INFO:__main__:episode: 9, score:[-26.00], loss:[0.04101], sequence:[0], random actions:[2646], e:[0.9135], init state:[[ 0 22 36  1  0  0]]
INFO:__main__:episode: 10, score:[9.33], loss:[0.04121], sequence:[0], random actions:[2638], e:[0.9044], init state:[[1 8 1 1 0 0]]
INFO:__main__:episode: 11, score:[-13.33], loss:[0.04091], sequence:[0], random actions:[2597], e:[0.8953], init state:[[ 4  3 36  0  0  0]]
INFO:__main__:episode: 12, score:[145.33], loss:[0.04023], sequence:[0], random actions:[2567], e:[0.8864], init state:[[ 0 11 32  0  0  0]]
INFO:__main__:episode: 13, score:[168.00], loss:[0.03981], sequence:[0], random actions:[2516], e:[0.8775], init state:[[ 5 21 15  1  0  0]]
INFO:__main__:episode: 14, score:[150.67], loss:[0.03724], sequence:[0], random actions:[2513], e:[0.8687], init state:[[ 5  9 44  0  0  0]]
INFO:__main__:episode: 15, score:[205.33], loss:[0.03558], sequence:[0], random actions:[2513], e:[0.8601], init state:[[ 1 18 17  0  0  0]]
INFO:__main__:episode: 16, score:[266.00], loss:[0.03494], sequence:[0], random actions:[2477], e:[0.8515], init state:[[ 4  2 52  0  0  0]]
INFO:__main__:episode: 17, score:[142.00], loss:[0.03509], sequence:[0], random actions:[2495], e:[0.8429], init state:[[ 2 18 44  0  0  0]]
INFO:__main__:episode: 18, score:[186.67], loss:[0.03514], sequence:[0], random actions:[2435], e:[0.8345], init state:[[ 5  7 59  0  0  0]]
INFO:__main__:episode: 19, score:[227.33], loss:[0.03582], sequence:[0], random actions:[2421], e:[0.8262], init state:[[ 6 14 23  0  0  0]]
INFO:__main__:episode: 20, score:[210.67], loss:[0.03650], sequence:[0], random actions:[2397], e:[0.8179], init state:[[ 4 10 33  1  1  0]]
INFO:__main__:episode: 21, score:[247.33], loss:[0.03758], sequence:[0], random actions:[2340], e:[0.8097], init state:[[ 3 13 37  0  0  0]]
INFO:__main__:episode: 22, score:[219.33], loss:[0.03783], sequence:[0], random actions:[2345], e:[0.8016], init state:[[ 1  9 18  0  0  0]]
INFO:__main__:episode: 23, score:[246.67], loss:[0.03870], sequence:[0], random actions:[2288], e:[0.7936], init state:[[ 5  2 37  0  0  0]]
INFO:__main__:episode: 24, score:[258.00], loss:[0.03993], sequence:[0], random actions:[2275], e:[0.7857], init state:[[ 0 23 12  1  0  0]]
INFO:__main__:episode: 25, score:[270.00], loss:[0.04122], sequence:[0], random actions:[2252], e:[0.7778], init state:[[ 1  1 28  0  0  0]]
INFO:__main__:episode: 26, score:[272.67], loss:[0.04316], sequence:[0], random actions:[2230], e:[0.7700], init state:[[ 5 11 23  0  0  0]]
INFO:__main__:episode: 27, score:[333.33], loss:[0.04484], sequence:[0], random actions:[2204], e:[0.7623], init state:[[ 1  5 44  0  0  0]]
INFO:__main__:episode: 28, score:[308.00], loss:[0.04740], sequence:[0], random actions:[2178], e:[0.7547], init state:[[ 3  4 11  0  0  0]]
INFO:__main__:episode: 29, score:[282.00], loss:[0.04841], sequence:[0], random actions:[2198], e:[0.7472], init state:[[ 6 23 56  1  0  0]]
INFO:__main__:episode: 30, score:[309.33], loss:[0.04880], sequence:[0], random actions:[2134], e:[0.7397], init state:[[ 0 12 17  0  0  0]]
INFO:__main__:episode: 31, score:[331.33], loss:[0.04944], sequence:[0], random actions:[2114], e:[0.7323], init state:[[ 6 11 52  0  0  0]]
INFO:__main__:episode: 32, score:[340.00], loss:[0.05004], sequence:[0], random actions:[2127], e:[0.7250], init state:[[ 5  5 56  0  0  0]]
INFO:__main__:episode: 33, score:[346.67], loss:[0.05197], sequence:[0], random actions:[2071], e:[0.7177], init state:[[ 4  4 33  0  0  0]]
INFO:__main__:episode: 34, score:[362.67], loss:[0.05347], sequence:[0], random actions:[2041], e:[0.7106], init state:[[ 2 16 50  0  0  0]]
INFO:__main__:episode: 35, score:[350.67], loss:[0.05549], sequence:[0], random actions:[2045], e:[0.7034], init state:[[ 6 11 26  0  0  0]]
INFO:__main__:episode: 36, score:[294.00], loss:[0.05884], sequence:[0], random actions:[2044], e:[0.6964], init state:[[ 1  6 28  0  0  0]]
INFO:__main__:episode: 37, score:[312.00], loss:[0.06150], sequence:[0], random actions:[2027], e:[0.6894], init state:[[ 6 13 29  0  0  0]]
INFO:__main__:episode: 38, score:[392.00], loss:[0.06383], sequence:[0], random actions:[1983], e:[0.6826], init state:[[6 5 5 0 0 0]]
INFO:__main__:episode: 39, score:[357.33], loss:[0.06588], sequence:[0], random actions:[1981], e:[0.6757], init state:[[ 3 12 59  0  0  0]]
INFO:__main__:episode: 40, score:[367.33], loss:[0.06803], sequence:[0], random actions:[1960], e:[0.6690], init state:[[ 6  4 52  0  0  0]]
INFO:__main__:episode: 41, score:[386.67], loss:[0.06938], sequence:[0], random actions:[1887], e:[0.6623], init state:[[ 2 17 39  0  0  0]]
INFO:__main__:episode: 42, score:[388.00], loss:[0.07089], sequence:[0], random actions:[1902], e:[0.6557], init state:[[ 4  1 44  0  0  0]]
INFO:__main__:episode: 43, score:[368.67], loss:[0.07292], sequence:[0], random actions:[1928], e:[0.6491], init state:[[ 2 23 41  1  0  0]]
INFO:__main__:episode: 44, score:[386.00], loss:[0.07303], sequence:[0], random actions:[1921], e:[0.6426], init state:[[ 4  3 14  0  0  0]]
INFO:__main__:episode: 45, score:[439.33], loss:[0.07641], sequence:[0], random actions:[1902], e:[0.6362], init state:[[ 1  9 24  0  0  0]]
INFO:__main__:episode: 46, score:[426.00], loss:[0.08000], sequence:[0], random actions:[1871], e:[0.6298], init state:[[ 5  8 56  0  0  0]]
INFO:__main__:episode: 47, score:[441.33], loss:[0.08574], sequence:[0], random actions:[1792], e:[0.6235], init state:[[ 0 16  4  0  0  0]]
INFO:__main__:episode: 48, score:[386.00], loss:[0.08876], sequence:[0], random actions:[1833], e:[0.6173], init state:[[ 4 18 24  0  0  0]]
INFO:__main__:episode: 49, score:[471.33], loss:[0.09128], sequence:[0], random actions:[1759], e:[0.6111], init state:[[ 0  2 41  0  0  0]]
INFO:__main__:episode: 50, score:[414.00], loss:[0.09500], sequence:[0], random actions:[1748], e:[0.6050], init state:[[ 1 21 56  1  0  0]]
INFO:__main__:episode: 51, score:[490.00], loss:[0.09766], sequence:[0], random actions:[1770], e:[0.5990], init state:[[ 0 18 13  0  0  0]]
INFO:__main__:episode: 52, score:[503.33], loss:[0.10012], sequence:[0], random actions:[1688], e:[0.5930], init state:[[ 3  3 17  0  0  0]]
INFO:__main__:episode: 53, score:[482.00], loss:[0.10137], sequence:[0], random actions:[1696], e:[0.5870], init state:[[ 2  4 34  0  0  0]]
INFO:__main__:episode: 54, score:[418.67], loss:[0.10380], sequence:[0], random actions:[1739], e:[0.5812], init state:[[ 0 14 37  0  0  0]]
INFO:__main__:episode: 55, score:[486.67], loss:[0.10677], sequence:[0], random actions:[1653], e:[0.5754], init state:[[ 4  2 36  0  0  0]]
INFO:__main__:episode: 56, score:[468.00], loss:[0.10785], sequence:[0], random actions:[1671], e:[0.5696], init state:[[ 5 23  0  1  0  0]]
INFO:__main__:episode: 57, score:[494.67], loss:[0.11133], sequence:[0], random actions:[1643], e:[0.5639], init state:[[ 0  6 32  0  0  0]]
INFO:__main__:episode: 58, score:[520.00], loss:[0.11511], sequence:[0], random actions:[1652], e:[0.5583], init state:[[ 3 16 40  0  0  0]]
INFO:__main__:episode: 59, score:[479.33], loss:[0.11837], sequence:[0], random actions:[1631], e:[0.5527], init state:[[ 3 17 58  0  0  0]]
INFO:__main__:episode: 60, score:[496.00], loss:[0.12325], sequence:[0], random actions:[1615], e:[0.5472], init state:[[ 2 10 36  0  0  0]]
INFO:__main__:episode: 61, score:[541.33], loss:[0.12626], sequence:[0], random actions:[1562], e:[0.5417], init state:[[ 6 23 11  1  0  0]]
INFO:__main__:episode: 62, score:[531.33], loss:[0.12715], sequence:[0], random actions:[1579], e:[0.5363], init state:[[ 6  0 49  0  0  1]]
INFO:__main__:episode: 63, score:[530.00], loss:[0.13229], sequence:[0], random actions:[1527], e:[0.5309], init state:[[ 3  7 51  0  0  0]]
INFO:__main__:episode: 64, score:[514.00], loss:[0.13272], sequence:[0], random actions:[1524], e:[0.5256], init state:[[6 4 9 0 0 0]]
INFO:__main__:episode: 65, score:[508.00], loss:[0.13582], sequence:[0], random actions:[1472], e:[0.5203], init state:[[ 6 17  5  0  0  0]]
INFO:__main__:episode: 66, score:[466.67], loss:[0.13908], sequence:[0], random actions:[1538], e:[0.5151], init state:[[ 6  1 12  0  0  0]]
INFO:__main__:episode: 67, score:[546.00], loss:[0.14509], sequence:[0], random actions:[1487], e:[0.5100], init state:[[ 0 20 34  1  1  0]]
INFO:__main__:episode: 68, score:[578.00], loss:[0.15158], sequence:[0], random actions:[1463], e:[0.5049], init state:[[ 0  2 26  0  0  0]]
INFO:__main__:episode: 69, score:[558.00], loss:[0.15585], sequence:[0], random actions:[1437], e:[0.4998], init state:[[ 2  0 31  0  0  1]]
INFO:__main__:episode: 70, score:[554.00], loss:[0.16092], sequence:[0], random actions:[1417], e:[0.4948], init state:[[ 5  7 26  0  0  0]]
INFO:__main__:episode: 71, score:[529.33], loss:[0.15971], sequence:[0], random actions:[1435], e:[0.4899], init state:[[ 6 15 43  0  0  0]]
INFO:__main__:episode: 72, score:[500.67], loss:[0.16265], sequence:[0], random actions:[1496], e:[0.4850], init state:[[ 4  5 41  0  0  0]]
INFO:__main__:episode: 73, score:[518.67], loss:[0.16471], sequence:[0], random actions:[1421], e:[0.4801], init state:[[ 3 13 45  0  0  0]]
INFO:__main__:episode: 74, score:[549.33], loss:[0.16762], sequence:[0], random actions:[1388], e:[0.4753], init state:[[ 2  4 46  0  0  0]]
INFO:__main__:episode: 75, score:[552.67], loss:[0.16816], sequence:[0], random actions:[1358], e:[0.4706], init state:[[ 2 20  9  0  0  0]]
INFO:__main__:episode: 76, score:[546.67], loss:[0.16511], sequence:[0], random actions:[1334], e:[0.4659], init state:[[ 6 18 34  0  0  0]]
INFO:__main__:episode: 77, score:[574.67], loss:[0.16491], sequence:[0], random actions:[1331], e:[0.4612], init state:[[ 4  9 44  1  0  0]]
INFO:__main__:episode: 78, score:[579.33], loss:[0.16848], sequence:[0], random actions:[1286], e:[0.4566], init state:[[ 3 12 46  0  0  0]]
INFO:__main__:episode: 79, score:[532.00], loss:[0.16961], sequence:[0], random actions:[1319], e:[0.4520], init state:[[ 2 10 43  0  0  0]]
INFO:__main__:episode: 80, score:[528.00], loss:[0.17421], sequence:[0], random actions:[1279], e:[0.4475], init state:[[ 2 22  1  1  0  0]]
INFO:__main__:episode: 81, score:[550.00], loss:[0.15716], sequence:[0], random actions:[1289], e:[0.4430], init state:[[ 5  4 56  0  0  0]]
INFO:__main__:episode: 82, score:[564.00], loss:[0.14761], sequence:[0], random actions:[1297], e:[0.4386], init state:[[ 3 10  9  0  0  0]]
INFO:__main__:episode: 83, score:[566.67], loss:[0.13793], sequence:[0], random actions:[1271], e:[0.4342], init state:[[ 5 20  7  1  0  0]]
INFO:__main__:episode: 84, score:[606.00], loss:[0.13030], sequence:[0], random actions:[1251], e:[0.4299], init state:[[6 5 7 0 0 0]]
INFO:__main__:episode: 85, score:[548.00], loss:[0.12316], sequence:[0], random actions:[1221], e:[0.4256], init state:[[ 6 14 13  0  0  0]]
INFO:__main__:episode: 86, score:[574.67], loss:[0.11341], sequence:[0], random actions:[1267], e:[0.4213], init state:[[ 5 19 45  1  0  0]]
INFO:__main__:episode: 87, score:[550.67], loss:[0.10431], sequence:[0], random actions:[1219], e:[0.4171], init state:[[ 3 23 19  1  0  0]]
INFO:__main__:episode: 88, score:[564.00], loss:[0.10018], sequence:[0], random actions:[1214], e:[0.4129], init state:[[ 6  6 43  0  0  0]]
INFO:__main__:episode: 89, score:[574.67], loss:[0.09633], sequence:[0], random actions:[1159], e:[0.4088], init state:[[ 1 13 37  0  0  0]]
INFO:__main__:episode: 90, score:[670.67], loss:[0.08958], sequence:[0], random actions:[1109], e:[0.4047], init state:[[ 0  0 54  0  0  1]]
INFO:__main__:episode: 91, score:[556.67], loss:[0.08747], sequence:[0], random actions:[1134], e:[0.4007], init state:[[ 4  2 10  0  0  0]]
INFO:__main__:episode: 92, score:[622.00], loss:[0.08335], sequence:[0], random actions:[1092], e:[0.3967], init state:[[ 1  3 45  0  0  0]]
INFO:__main__:episode: 93, score:[604.00], loss:[0.07871], sequence:[0], random actions:[1160], e:[0.3927], init state:[[ 5  6 55  0  0  0]]
INFO:__main__:episode: 94, score:[602.00], loss:[0.07544], sequence:[0], random actions:[1164], e:[0.3888], init state:[[ 2 14 47  0  0  0]]
INFO:__main__:episode: 95, score:[626.67], loss:[0.07228], sequence:[0], random actions:[1108], e:[0.3849], init state:[[ 5 20  5  1  0  0]]
INFO:__main__:episode: 96, score:[596.00], loss:[0.06635], sequence:[0], random actions:[1086], e:[0.3810], init state:[[ 6 16 33  0  0  0]]
INFO:__main__:episode: 97, score:[660.00], loss:[0.06180], sequence:[0], random actions:[1086], e:[0.3772], init state:[[ 3  3 15  0  0  0]]
INFO:__main__:episode: 98, score:[619.33], loss:[0.06023], sequence:[0], random actions:[1094], e:[0.3735], init state:[[ 1 23  5  1  0  0]]
INFO:__main__:episode: 99, score:[606.67], loss:[0.05681], sequence:[0], random actions:[1129], e:[0.3697], init state:[[ 5  5 14  0  0  0]]
INFO:__main__:episode: 100, score:[643.33], loss:[0.05565], sequence:[0], random actions:[1043], e:[0.3660], init state:[[ 3  7 11  0  0  0]]
INFO:__main__:Saving model as [results/D-5-3-H-19-19-28/model-1.h5]
INFO:__main__:maxScore:(670.66666666666993, [90]) , maxSequence:(0, [1, 2, 3, 4, 5, 6, 7, 8, 9, 10, 11, 12, 13, 14, 15, 16, 17, 18, 19, 20, 21, 22, 23, 24, 25, 26, 27, 28, 29, 30, 31, 32, 33, 34, 35, 36, 37, 38, 39, 40, 41, 42, 43, 44, 45, 46, 47, 48, 49, 50, 51, 52, 53, 54, 55, 56, 57, 58, 59, 60, 61, 62, 63, 64, 65, 66, 67, 68, 69, 70, 71, 72, 73, 74, 75, 76, 77, 78, 79, 80, 81, 82, 83, 84, 85, 86, 87, 88, 89, 90, 91, 92, 93, 94, 95, 96, 97, 98, 99, 100])
INFO:__main__:episode: 101, score:[635.33], loss:[0.05307], sequence:[0], random actions:[1059], e:[0.3624], init state:[[ 2  0 27  1  0  0]]
INFO:__main__:episode: 102, score:[640.67], loss:[0.05481], sequence:[0], random actions:[1067], e:[0.3587], init state:[[ 1 18 49  0  0  0]]
INFO:__main__:episode: 103, score:[621.33], loss:[0.05310], sequence:[0], random actions:[1057], e:[0.3552], init state:[[ 0 19  8  0  0  0]]
INFO:__main__:episode: 104, score:[654.00], loss:[0.05279], sequence:[0], random actions:[1023], e:[0.3516], init state:[[ 1  9 52  0  0  0]]
INFO:__main__:episode: 105, score:[646.67], loss:[0.05089], sequence:[0], random actions:[1026], e:[0.3481], init state:[[ 6  8 16  1  0  0]]
INFO:__main__:episode: 106, score:[646.67], loss:[0.04894], sequence:[0], random actions:[1054], e:[0.3446], init state:[[ 1  0 37  0  0  1]]
INFO:__main__:episode: 107, score:[655.33], loss:[0.04828], sequence:[0], random actions:[980], e:[0.3412], init state:[[ 1  7 40  0  0  0]]
INFO:__main__:episode: 108, score:[638.67], loss:[0.05060], sequence:[0], random actions:[1004], e:[0.3378], init state:[[0 2 4 0 0 0]]
INFO:__main__:episode: 109, score:[677.33], loss:[0.05096], sequence:[0], random actions:[972], e:[0.3344], init state:[[ 6 23 40  1  0  0]]
INFO:__main__:episode: 110, score:[640.00], loss:[0.05288], sequence:[0], random actions:[966], e:[0.3310], init state:[[ 5 16 56  0  0  0]]
INFO:__main__:episode: 111, score:[664.67], loss:[0.05449], sequence:[0], random actions:[944], e:[0.3277], init state:[[ 6  5 36  0  0  0]]
INFO:__main__:episode: 112, score:[667.33], loss:[0.05173], sequence:[0], random actions:[909], e:[0.3244], init state:[[ 5 18 18  1  1  0]]
INFO:__main__:episode: 113, score:[651.33], loss:[0.05091], sequence:[0], random actions:[942], e:[0.3212], init state:[[ 1 14 31  0  0  0]]
INFO:__main__:episode: 114, score:[696.00], loss:[0.04972], sequence:[0], random actions:[914], e:[0.3180], init state:[[ 4  3 23  0  0  0]]
INFO:__main__:episode: 115, score:[646.00], loss:[0.04774], sequence:[0], random actions:[935], e:[0.3148], init state:[[ 2 14  3  0  0  0]]
INFO:__main__:episode: 116, score:[666.67], loss:[0.04805], sequence:[0], random actions:[908], e:[0.3117], init state:[[ 6 20 21  0  0  0]]
INFO:__main__:episode: 117, score:[720.00], loss:[0.04819], sequence:[0], random actions:[908], e:[0.3085], init state:[[ 4  5 29  0  0  0]]
INFO:__main__:episode: 118, score:[664.67], loss:[0.04658], sequence:[0], random actions:[926], e:[0.3055], init state:[[ 6  2 35  0  0  0]]
INFO:__main__:episode: 119, score:[677.33], loss:[0.04566], sequence:[0], random actions:[885], e:[0.3024], init state:[[ 0 15 35  0  0  0]]
INFO:__main__:episode: 120, score:[667.33], loss:[0.04425], sequence:[0], random actions:[877], e:[0.2994], init state:[[ 0 20 10  0  0  0]]
INFO:__main__:episode: 121, score:[705.33], loss:[0.04409], sequence:[0], random actions:[839], e:[0.2964], init state:[[ 1 11  0  0  0  0]]
INFO:__main__:episode: 122, score:[720.67], loss:[0.04205], sequence:[0], random actions:[828], e:[0.2934], init state:[[3 3 0 0 0 0]]
INFO:__main__:episode: 123, score:[682.00], loss:[0.04105], sequence:[0], random actions:[859], e:[0.2905], init state:[[1 6 3 0 0 0]]
INFO:__main__:episode: 124, score:[700.00], loss:[0.04051], sequence:[0], random actions:[819], e:[0.2876], init state:[[ 1  4 37  0  0  0]]
INFO:__main__:episode: 125, score:[644.00], loss:[0.04019], sequence:[0], random actions:[858], e:[0.2847], init state:[[ 2 21 28  1  1  0]]
INFO:__main__:episode: 126, score:[723.33], loss:[0.03988], sequence:[0], random actions:[775], e:[0.2819], init state:[[ 3 18 43  0  0  0]]
INFO:__main__:episode: 127, score:[690.67], loss:[0.04089], sequence:[0], random actions:[849], e:[0.2790], init state:[[ 2  2 36  0  0  0]]
INFO:__main__:episode: 128, score:[710.00], loss:[0.03965], sequence:[0], random actions:[799], e:[0.2763], init state:[[ 5 19 37  1  0  0]]
INFO:__main__:episode: 129, score:[703.33], loss:[0.03882], sequence:[0], random actions:[821], e:[0.2735], init state:[[ 2  4 49  0  0  0]]
INFO:__main__:episode: 130, score:[677.33], loss:[0.03878], sequence:[0], random actions:[783], e:[0.2708], init state:[[ 6 13 58  0  0  0]]
INFO:__main__:episode: 131, score:[700.67], loss:[0.03808], sequence:[0], random actions:[800], e:[0.2680], init state:[[ 1 19  7  0  0  0]]
INFO:__main__:episode: 132, score:[709.33], loss:[0.03696], sequence:[0], random actions:[775], e:[0.2654], init state:[[ 1 20 28  0  0  0]]
INFO:__main__:episode: 133, score:[697.33], loss:[0.03751], sequence:[0], random actions:[786], e:[0.2627], init state:[[ 2 23 33  1  0  0]]
INFO:__main__:episode: 134, score:[674.00], loss:[0.03538], sequence:[0], random actions:[752], e:[0.2601], init state:[[ 2  1 28  0  0  0]]
INFO:__main__:episode: 135, score:[736.00], loss:[0.03493], sequence:[0], random actions:[758], e:[0.2575], init state:[[ 1 10 21  0  0  0]]
INFO:__main__:episode: 136, score:[696.00], loss:[0.03477], sequence:[0], random actions:[748], e:[0.2549], init state:[[ 3 16 59  0  0  0]]
INFO:__main__:episode: 137, score:[672.67], loss:[0.03311], sequence:[0], random actions:[776], e:[0.2524], init state:[[ 0 19 32  0  0  0]]
INFO:__main__:episode: 138, score:[700.67], loss:[0.03140], sequence:[0], random actions:[730], e:[0.2498], init state:[[ 1 12 13  0  0  0]]
INFO:__main__:episode: 139, score:[706.00], loss:[0.03022], sequence:[0], random actions:[698], e:[0.2473], init state:[[ 3 17 24  0  0  0]]
INFO:__main__:episode: 140, score:[730.00], loss:[0.03039], sequence:[0], random actions:[711], e:[0.2449], init state:[[ 1 15 37  0  0  0]]
INFO:__main__:episode: 141, score:[724.00], loss:[0.03022], sequence:[0], random actions:[685], e:[0.2424], init state:[[ 1 19  8  0  0  0]]
INFO:__main__:episode: 142, score:[709.33], loss:[0.03002], sequence:[0], random actions:[689], e:[0.2400], init state:[[ 6  7 51  0  0  0]]
INFO:__main__:episode: 143, score:[742.00], loss:[0.02990], sequence:[0], random actions:[675], e:[0.2376], init state:[[ 5 22  0  1  0  0]]
INFO:__main__:episode: 144, score:[762.67], loss:[0.02877], sequence:[0], random actions:[674], e:[0.2352], init state:[[ 2  4 22  0  0  0]]
INFO:__main__:episode: 145, score:[741.33], loss:[0.02815], sequence:[0], random actions:[669], e:[0.2329], init state:[[ 6 19 36  0  0  0]]
INFO:__main__:episode: 146, score:[749.33], loss:[0.02685], sequence:[0], random actions:[654], e:[0.2305], init state:[[ 3  4 38  0  0  0]]
INFO:__main__:episode: 147, score:[760.00], loss:[0.02700], sequence:[0], random actions:[620], e:[0.2282], init state:[[ 1 12 30  0  0  0]]
INFO:__main__:episode: 148, score:[720.67], loss:[0.02652], sequence:[0], random actions:[683], e:[0.2259], init state:[[ 2 17 50  0  0  0]]
INFO:__main__:episode: 149, score:[757.33], loss:[0.02690], sequence:[0], random actions:[666], e:[0.2237], init state:[[ 3 12 57  0  0  0]]
INFO:__main__:episode: 150, score:[762.67], loss:[0.02686], sequence:[0], random actions:[642], e:[0.2215], init state:[[ 0 17 12  0  0  0]]
INFO:__main__:episode: 151, score:[727.33], loss:[0.02680], sequence:[0], random actions:[611], e:[0.2192], init state:[[ 6 23 24  1  0  0]]
INFO:__main__:episode: 152, score:[768.00], loss:[0.02756], sequence:[0], random actions:[649], e:[0.2170], init state:[[ 3  2 16  0  0  0]]
INFO:__main__:episode: 153, score:[740.67], loss:[0.02670], sequence:[0], random actions:[615], e:[0.2149], init state:[[ 2  7 26  0  0  0]]
INFO:__main__:episode: 154, score:[761.33], loss:[0.02504], sequence:[0], random actions:[599], e:[0.2127], init state:[[ 0  6 20  0  0  0]]
INFO:__main__:episode: 155, score:[756.67], loss:[0.02583], sequence:[0], random actions:[615], e:[0.2106], init state:[[ 3 21 12  1  1  0]]
INFO:__main__:episode: 156, score:[790.00], loss:[0.02447], sequence:[0], random actions:[583], e:[0.2085], init state:[[ 4 18 37  0  0  0]]
INFO:__main__:episode: 157, score:[787.33], loss:[0.02422], sequence:[0], random actions:[568], e:[0.2064], init state:[[ 6 20 50  1  1  0]]
INFO:__main__:episode: 158, score:[786.67], loss:[0.02355], sequence:[0], random actions:[612], e:[0.2043], init state:[[ 4 20 54  0  0  0]]
INFO:__main__:episode: 159, score:[748.00], loss:[0.02348], sequence:[0], random actions:[569], e:[0.2023], init state:[[ 1 13 10  0  0  0]]
INFO:__main__:episode: 160, score:[770.00], loss:[0.02233], sequence:[0], random actions:[583], e:[0.2003], init state:[[ 5  7 28  0  0  0]]
INFO:__main__:episode: 161, score:[701.33], loss:[0.02291], sequence:[0], random actions:[592], e:[0.1983], init state:[[ 1 11 14  0  0  0]]
INFO:__main__:episode: 162, score:[800.00], loss:[0.02268], sequence:[0], random actions:[549], e:[0.1963], init state:[[ 2 19  3  0  0  0]]
INFO:__main__:episode: 163, score:[807.33], loss:[0.02318], sequence:[0], random actions:[555], e:[0.1943], init state:[[ 3 13 51  0  0  0]]
INFO:__main__:episode: 164, score:[827.33], loss:[0.02287], sequence:[0], random actions:[546], e:[0.1924], init state:[[ 2 23 40  1  0  0]]
INFO:__main__:episode: 165, score:[749.33], loss:[0.02233], sequence:[0], random actions:[567], e:[0.1905], init state:[[ 0 18 37  0  0  0]]
INFO:__main__:episode: 166, score:[774.00], loss:[0.02216], sequence:[0], random actions:[518], e:[0.1886], init state:[[5 5 0 0 0 0]]
INFO:__main__:episode: 167, score:[746.67], loss:[0.02203], sequence:[0], random actions:[555], e:[0.1867], init state:[[ 2 22  6  1  0  0]]
INFO:__main__:episode: 168, score:[778.00], loss:[0.02218], sequence:[0], random actions:[540], e:[0.1848], init state:[[ 2 20 11  0  0  0]]
INFO:__main__:episode: 169, score:[754.00], loss:[0.02249], sequence:[0], random actions:[595], e:[0.1830], init state:[[ 1 14 22  0  0  0]]
INFO:__main__:episode: 170, score:[806.00], loss:[0.02167], sequence:[0], random actions:[528], e:[0.1811], init state:[[ 6  7 39  0  0  0]]
INFO:__main__:episode: 171, score:[772.00], loss:[0.02150], sequence:[0], random actions:[499], e:[0.1793], init state:[[2 2 9 0 0 0]]
INFO:__main__:episode: 172, score:[757.33], loss:[0.02174], sequence:[0], random actions:[533], e:[0.1775], init state:[[ 0  6 35  0  0  0]]
INFO:__main__:episode: 173, score:[818.67], loss:[0.02171], sequence:[0], random actions:[512], e:[0.1757], init state:[[ 1  1 19  0  0  0]]
INFO:__main__:episode: 174, score:[799.33], loss:[0.02161], sequence:[0], random actions:[461], e:[0.1740], init state:[[ 2 11 57  0  0  0]]
INFO:__main__:episode: 175, score:[966.67], loss:[0.02162], sequence:[0], random actions:[503], e:[0.1722], init state:[[ 4 23 15  0  0  0]]
INFO:__main__:episode: 176, score:[921.33], loss:[0.02192], sequence:[0], random actions:[481], e:[0.1705], init state:[[ 6 14 49  0  0  0]]
INFO:__main__:episode: 177, score:[889.33], loss:[0.02249], sequence:[0], random actions:[482], e:[0.1688], init state:[[ 1 17 41  0  0  0]]
INFO:__main__:episode: 178, score:[940.00], loss:[0.02228], sequence:[0], random actions:[497], e:[0.1671], init state:[[ 0  1 49  0  0  0]]
INFO:__main__:episode: 179, score:[882.67], loss:[0.02284], sequence:[0], random actions:[511], e:[0.1655], init state:[[ 3 23 16  1  0  0]]
INFO:__main__:episode: 180, score:[920.00], loss:[0.02313], sequence:[0], random actions:[480], e:[0.1638], init state:[[ 0  9 28  0  0  0]]
INFO:__main__:episode: 181, score:[838.67], loss:[0.02417], sequence:[0], random actions:[473], e:[0.1622], init state:[[ 3  4 54  0  0  0]]
INFO:__main__:episode: 182, score:[817.33], loss:[0.02404], sequence:[0], random actions:[500], e:[0.1605], init state:[[ 3  5 22  0  0  0]]
INFO:__main__:episode: 183, score:[912.67], loss:[0.02452], sequence:[0], random actions:[489], e:[0.1589], init state:[[ 1  9 33  0  0  0]]
INFO:__main__:episode: 184, score:[907.33], loss:[0.02562], sequence:[0], random actions:[489], e:[0.1574], init state:[[ 4  5 25  0  0  0]]
INFO:__main__:episode: 185, score:[885.33], loss:[0.02615], sequence:[0], random actions:[459], e:[0.1558], init state:[[ 0 13  6  0  0  0]]
INFO:__main__:episode: 186, score:[875.33], loss:[0.02696], sequence:[0], random actions:[427], e:[0.1542], init state:[[ 2 16  5  0  0  0]]
INFO:__main__:episode: 187, score:[992.67], loss:[0.02752], sequence:[0], random actions:[414], e:[0.1527], init state:[[ 1 16  2  0  0  0]]
INFO:__main__:episode: 188, score:[999.33], loss:[0.02894], sequence:[0], random actions:[456], e:[0.1512], init state:[[ 1 20 32  1  1  0]]
INFO:__main__:episode: 189, score:[920.67], loss:[0.02920], sequence:[0], random actions:[431], e:[0.1496], init state:[[ 3 13 11  0  0  0]]
INFO:__main__:episode: 190, score:[940.00], loss:[0.02908], sequence:[0], random actions:[422], e:[0.1481], init state:[[ 5 12  3  0  0  0]]
INFO:__main__:episode: 191, score:[864.00], loss:[0.03034], sequence:[0], random actions:[417], e:[0.1467], init state:[[ 6  0 23  1  0  0]]
INFO:__main__:episode: 192, score:[882.67], loss:[0.03143], sequence:[0], random actions:[446], e:[0.1452], init state:[[ 2 13 10  0  0  0]]
INFO:__main__:episode: 193, score:[940.00], loss:[0.03190], sequence:[0], random actions:[406], e:[0.1437], init state:[[ 6  4 59  0  0  0]]
INFO:__main__:episode: 194, score:[908.00], loss:[0.03275], sequence:[0], random actions:[430], e:[0.1423], init state:[[ 1  3 38  0  0  0]]
INFO:__main__:episode: 195, score:[892.00], loss:[0.03523], sequence:[0], random actions:[379], e:[0.1409], init state:[[ 5 11 21  0  0  0]]
INFO:__main__:episode: 196, score:[904.00], loss:[0.03555], sequence:[0], random actions:[392], e:[0.1395], init state:[[ 6 15 29  0  0  0]]
INFO:__main__:episode: 197, score:[950.00], loss:[0.03658], sequence:[0], random actions:[415], e:[0.1381], init state:[[ 5 22 57  1  0  0]]
INFO:__main__:episode: 198, score:[957.33], loss:[0.04039], sequence:[0], random actions:[396], e:[0.1367], init state:[[ 5  9 40  0  0  0]]
INFO:__main__:episode: 199, score:[1047.33], loss:[0.04085], sequence:[0], random actions:[409], e:[0.1353], init state:[[ 1 10 11  0  0  0]]
INFO:__main__:episode: 200, score:[973.33], loss:[0.04465], sequence:[0], random actions:[385], e:[0.1340], init state:[[ 4  0 56  1  0  1]]
INFO:__main__:Saving model as [results/D-5-3-H-19-19-28/model-2.h5]
INFO:__main__:maxScore:(1047.3333333333469, [199]) , maxSequence:(0, [1, 2, 3, 4, 5, 6, 7, 8, 9, 10, 11, 12, 13, 14, 15, 16, 17, 18, 19, 20, 21, 22, 23, 24, 25, 26, 27, 28, 29, 30, 31, 32, 33, 34, 35, 36, 37, 38, 39, 40, 41, 42, 43, 44, 45, 46, 47, 48, 49, 50, 51, 52, 53, 54, 55, 56, 57, 58, 59, 60, 61, 62, 63, 64, 65, 66, 67, 68, 69, 70, 71, 72, 73, 74, 75, 76, 77, 78, 79, 80, 81, 82, 83, 84, 85, 86, 87, 88, 89, 90, 91, 92, 93, 94, 95, 96, 97, 98, 99, 100, 101, 102, 103, 104, 105, 106, 107, 108, 109, 110, 111, 112, 113, 114, 115, 116, 117, 118, 119, 120, 121, 122, 123, 124, 125, 126, 127, 128, 129, 130, 131, 132, 133, 134, 135, 136, 137, 138, 139, 140, 141, 142, 143, 144, 145, 146, 147, 148, 149, 150, 151, 152, 153, 154, 155, 156, 157, 158, 159, 160, 161, 162, 163, 164, 165, 166, 167, 168, 169, 170, 171, 172, 173, 174, 175, 176, 177, 178, 179, 180, 181, 182, 183, 184, 185, 186, 187, 188, 189, 190, 191, 192, 193, 194, 195, 196, 197, 198, 199, 200])
INFO:__main__:episode: 201, score:[960.00], loss:[0.04681], sequence:[0], random actions:[370], e:[0.1326], init state:[[ 5  0 18  0  0  0]]
INFO:__main__:episode: 202, score:[1237.33], loss:[0.04947], sequence:[0], random actions:[346], e:[0.1313], init state:[[ 4 15  9  0  0  0]]
INFO:__main__:episode: 203, score:[1075.33], loss:[0.04911], sequence:[0], random actions:[375], e:[0.1300], init state:[[ 5 20 14  1  0  0]]
INFO:__main__:episode: 204, score:[1100.00], loss:[0.05097], sequence:[0], random actions:[340], e:[0.1287], init state:[[ 4 11 32  1  1  0]]
INFO:__main__:episode: 205, score:[1089.33], loss:[0.05458], sequence:[0], random actions:[384], e:[0.1274], init state:[[ 6 22 37  1  0  0]]
INFO:__main__:episode: 206, score:[1036.67], loss:[0.05657], sequence:[0], random actions:[361], e:[0.1261], init state:[[ 5 14 50  0  0  0]]
INFO:__main__:episode: 207, score:[1103.33], loss:[0.05755], sequence:[0], random actions:[368], e:[0.1249], init state:[[ 1 16 28  0  0  0]]
INFO:__main__:episode: 208, score:[1111.33], loss:[0.05957], sequence:[0], random actions:[358], e:[0.1236], init state:[[ 3  1 39  0  0  0]]
INFO:__main__:episode: 209, score:[1084.67], loss:[0.06353], sequence:[0], random actions:[343], e:[0.1224], init state:[[ 6 16 55  0  0  0]]
INFO:__main__:episode: 210, score:[936.00], loss:[0.06558], sequence:[0], random actions:[326], e:[0.1212], init state:[[ 2 18 58  0  0  0]]
INFO:__main__:episode: 211, score:[1076.00], loss:[0.06562], sequence:[0], random actions:[340], e:[0.1200], init state:[[ 0 21 31  1  0  0]]
INFO:__main__:episode: 212, score:[1126.00], loss:[0.07040], sequence:[0], random actions:[358], e:[0.1188], init state:[[ 5 22 26  1  0  0]]
INFO:__main__:episode: 213, score:[1166.00], loss:[0.07393], sequence:[0], random actions:[344], e:[0.1176], init state:[[ 5 22 20  1  0  0]]
INFO:__main__:episode: 214, score:[1030.67], loss:[0.07227], sequence:[0], random actions:[344], e:[0.1164], init state:[[ 6 19  7  0  0  0]]
INFO:__main__:episode: 215, score:[1090.00], loss:[0.07369], sequence:[0], random actions:[307], e:[0.1152], init state:[[ 2  4 20  0  0  0]]
INFO:__main__:episode: 216, score:[984.00], loss:[0.07363], sequence:[0], random actions:[298], e:[0.1141], init state:[[ 0 16  2  0  0  0]]
INFO:__main__:episode: 217, score:[1026.67], loss:[0.07513], sequence:[0], random actions:[319], e:[0.1129], init state:[[ 1 21 16  1  1  0]]
INFO:__main__:episode: 218, score:[1042.67], loss:[0.07555], sequence:[0], random actions:[315], e:[0.1118], init state:[[1 5 7 0 0 0]]
INFO:__main__:episode: 219, score:[1135.33], loss:[0.07449], sequence:[0], random actions:[295], e:[0.1107], init state:[[ 6  2 23  0  0  0]]
INFO:__main__:episode: 220, score:[975.33], loss:[0.07546], sequence:[0], random actions:[292], e:[0.1096], init state:[[ 5  5 10  0  0  0]]
INFO:__main__:episode: 221, score:[946.00], loss:[0.07557], sequence:[0], random actions:[321], e:[0.1085], init state:[[ 3  0 28  1  0  0]]
INFO:__main__:episode: 222, score:[921.33], loss:[0.07415], sequence:[0], random actions:[323], e:[0.1074], init state:[[ 2 20 14  0  0  0]]
INFO:__main__:episode: 223, score:[980.67], loss:[0.07483], sequence:[0], random actions:[348], e:[0.1063], init state:[[2 0 7 1 0 0]]
INFO:__main__:episode: 224, score:[1099.33], loss:[0.07270], sequence:[0], random actions:[300], e:[0.1053], init state:[[ 0  9 54  0  0  0]]
INFO:__main__:episode: 225, score:[1058.00], loss:[0.07375], sequence:[0], random actions:[305], e:[0.1042], init state:[[ 6 12 48  0  0  0]]
INFO:__main__:episode: 226, score:[958.67], loss:[0.07543], sequence:[0], random actions:[310], e:[0.1032], init state:[[ 1  0 11  1  0  0]]
INFO:__main__:episode: 227, score:[1027.33], loss:[0.07175], sequence:[0], random actions:[308], e:[0.1021], init state:[[ 5 22 31  1  0  0]]
INFO:__main__:episode: 228, score:[906.67], loss:[0.07137], sequence:[0], random actions:[266], e:[0.1011], init state:[[ 2 20 50  1  1  0]]
INFO:__main__:episode: 229, score:[1084.67], loss:[0.07089], sequence:[0], random actions:[266], e:[0.1001], init state:[[ 5  2 56  0  0  0]]
INFO:__main__:episode: 230, score:[1138.67], loss:[0.07038], sequence:[0], random actions:[291], e:[0.0991], init state:[[ 5 19 38  1  0  0]]
INFO:__main__:episode: 231, score:[1060.67], loss:[0.06851], sequence:[0], random actions:[319], e:[0.0981], init state:[[ 4 23 52  0  0  0]]
INFO:__main__:episode: 232, score:[1060.00], loss:[0.06702], sequence:[0], random actions:[284], e:[0.0971], init state:[[ 4 12 36  1  1  0]]
INFO:__main__:episode: 233, score:[1119.33], loss:[0.06688], sequence:[0], random actions:[280], e:[0.0962], init state:[[ 3 14 38  0  0  0]]
INFO:__main__:episode: 234, score:[1168.00], loss:[0.06829], sequence:[0], random actions:[303], e:[0.0952], init state:[[0 4 3 0 0 0]]
INFO:__main__:episode: 235, score:[1141.33], loss:[0.06762], sequence:[0], random actions:[308], e:[0.0942], init state:[[ 6 12 20  0  0  0]]
INFO:__main__:episode: 236, score:[1052.67], loss:[0.06714], sequence:[0], random actions:[263], e:[0.0933], init state:[[ 1  2 38  0  0  0]]
INFO:__main__:episode: 237, score:[1106.00], loss:[0.06770], sequence:[0], random actions:[289], e:[0.0924], init state:[[ 4 21 34  0  0  0]]
INFO:__main__:episode: 238, score:[1110.00], loss:[0.06760], sequence:[0], random actions:[263], e:[0.0914], init state:[[ 1 18  8  0  0  0]]
INFO:__main__:episode: 239, score:[1114.67], loss:[0.06813], sequence:[0], random actions:[256], e:[0.0905], init state:[[ 3  5 21  0  0  0]]
INFO:__main__:episode: 240, score:[1048.00], loss:[0.06686], sequence:[0], random actions:[257], e:[0.0896], init state:[[ 2 22 47  1  0  0]]
INFO:__main__:episode: 241, score:[989.33], loss:[0.07030], sequence:[0], random actions:[254], e:[0.0887], init state:[[1 2 9 0 0 0]]
INFO:__main__:episode: 242, score:[946.00], loss:[0.07098], sequence:[0], random actions:[253], e:[0.0878], init state:[[ 5 16 10  0  0  0]]
INFO:__main__:episode: 243, score:[1201.33], loss:[0.06781], sequence:[0], random actions:[280], e:[0.0870], init state:[[ 6 17 12  0  0  0]]
INFO:__main__:episode: 244, score:[1197.33], loss:[0.06690], sequence:[0], random actions:[229], e:[0.0861], init state:[[ 3  9 35  0  0  0]]
INFO:__main__:episode: 245, score:[1162.00], loss:[0.06660], sequence:[0], random actions:[252], e:[0.0852], init state:[[ 3  7 51  0  0  0]]
INFO:__main__:episode: 246, score:[1176.00], loss:[0.06662], sequence:[0], random actions:[225], e:[0.0844], init state:[[ 4  4 53  0  0  0]]
INFO:__main__:episode: 247, score:[1216.00], loss:[0.06604], sequence:[0], random actions:[237], e:[0.0835], init state:[[ 4 12 10  1  1  0]]
INFO:__main__:episode: 248, score:[1260.00], loss:[0.06580], sequence:[0], random actions:[236], e:[0.0827], init state:[[ 4 21 34  0  0  0]]
INFO:__main__:episode: 249, score:[1222.00], loss:[0.06468], sequence:[0], random actions:[222], e:[0.0819], init state:[[ 0  1 25  0  0  0]]
INFO:__main__:episode: 250, score:[1234.67], loss:[0.06077], sequence:[0], random actions:[217], e:[0.0811], init state:[[ 4 19 28  0  0  0]]
INFO:__main__:episode: 251, score:[1118.00], loss:[0.06085], sequence:[0], random actions:[247], e:[0.0802], init state:[[ 0 10 45  0  0  0]]
INFO:__main__:episode: 252, score:[924.67], loss:[0.05948], sequence:[0], random actions:[246], e:[0.0794], init state:[[ 2 15 11  0  0  0]]
INFO:__main__:episode: 253, score:[1142.00], loss:[0.05921], sequence:[0], random actions:[215], e:[0.0787], init state:[[ 6 16  0  0  0  0]]
INFO:__main__:episode: 254, score:[1047.33], loss:[0.05737], sequence:[0], random actions:[247], e:[0.0779], init state:[[3 4 1 0 0 0]]
INFO:__main__:episode: 255, score:[1208.67], loss:[0.05979], sequence:[0], random actions:[227], e:[0.0771], init state:[[ 6  7 18  0  0  0]]
INFO:__main__:episode: 256, score:[1144.00], loss:[0.05660], sequence:[0], random actions:[233], e:[0.0763], init state:[[5 7 2 0 0 0]]
