INFO:Reinforcement.Functions:settings:[{'minGameScore': 2736, u'TAU': 0.001, u'minGameScoreRatio': 0.95, u'batchSize': 256, u'nGamesPerSave': 50, u'nEpochs': 1, u'minGameSequence': 500, u'nModelBackups': 3, u'gameMinutesLength': 2880, u'dequeSize': 50000, u'learningRate': 0.001, u'gamma': 0.95, u'trainSetSize': 256}]
INFO:Reinforcement.Functions:args:[{'random': True, 'gpuFrac': 0.3, 'sequential': False, 'gpuNum': 2, 'settings': '/home/yochaiz/SmartHome/Reinforcement/settings.json'}]
INFO:Reinforcement.Functions:results:[{'loss': [], 'score': []}]
INFO:Reinforcement.Functions:Actor:[{'epsilon_decay': 0.99, 'epsilon': 1.0, 'curBackupIdx': 0, 'epsilon_min': 0.01, 'TAU': 0.001, 'nBackups': 3, 'k': 32, 'actionDim': 5}]
INFO:Reinforcement.Functions:Critic:[{'TAU': 0.001, 'nBackups': 3, 'curBackupIdx': 0, 'actionDim': 5}]
INFO:Reinforcement.Functions:policy:[{'numOfDevices': 5, 'stateDim': (1, 8), 'seqLen': 1, 'policyJSON': {u'10': [{u'days': u'weekdays', u'times': [[u'21:00', u'23:29']]}, {u'days': [5], u'times': [[u'21:00', u'23:29']]}], u'6': [{u'days': u'weekdays', u'times': [[u'20:40', u'23:59'], [u'00:00', u'00:14']]}, {u'days': [4], u'times': [[u'00:00', u'00:14']]}, {u'days': [5], u'times': [[u'21:00', u'23:59']]}], u'weekdays': [0, 1, 2, 3, 6], u'Devices': [u'Room light1', u'Room light2', u'Room light3 (backdoor)', u'Kitchen light', u'Toilets light'], u'days': [u'Monday', u'Tuesday', u'Wednesday', u'Thursday', u'Friday', u'Saturday', u'Sunday'], u'1': [{u'days': [0, 1, 2, 3, 6], u'times': [[u'08:30', u'08:59'], [u'20:30', u'21:29']]}, {u'days': [4], u'times': [[u'10:00', u'13:29']]}, {u'days': [5], u'times': [[u'18:00', u'18:59']]}], u'0': [{u'days': [0, 1, 2, 3, 6], u'times': [[u'00:00', u'00:29'], [u'08:00', u'08:59'], [u'20:30', u'23:59']]}, {u'days': [4], u'times': [[u'00:00', u'00:59'], [u'09:30', u'13:29']]}, {u'days': [5], u'times': [[u'18:00', u'23:59']]}], u'3': [{u'days': [0, 1, 2, 3, 6], u'times': [[u'08:30', u'08:44'], [u'20:45', u'21:29'], [u'23:15', u'23:44']]}, {u'days': [4], u'times': [[u'10:00', u'10:59'], [u'12:45', u'13:14']]}, {u'days': [5], u'times': [[u'18:00', u'19:59'], [u'21:00', u'23:14']]}], u'2': [{u'days': [0, 1, 2, 3, 6], u'times': [[u'00:30', u'01:09']]}, {u'days': [4], u'times': [[u'00:30', u'01:09']]}], u'5': [{u'days': u'weekdays', u'times': [[u'08:35', u'08:42'], [u'21:09', u'21:11'], [u'00:05', u'00:24']]}, {u'days': [4], u'times': [[u'10:18', u'10:29'], [u'00:05', u'00:24']]}, {u'days': [5], u'times': [[u'19:09', u'19:09'], [u'21:34', u'21:34']]}], u'4': [{u'days': [0, 1, 2, 3, 6], u'times': [[u'08:30', u'08:34'], [u'21:05', u'21:08']]}, {u'days': [4], u'times': [[u'10:10', u'10:17']]}, {u'days': [5], u'times': [[u'19:05', u'19:08'], [u'21:20', u'21:33']]}], u'7': [{u'days': u'weekdays', u'times': [[u'20:40', u'23:59'], [u'00:00', u'00:14']]}, {u'days': [4], u'times': [[u'00:00', u'00:14']]}, {u'days': [5], u'times': [[u'21:00', u'23:59']]}], u'Time format': u'%H:%M', u'9': [{u'days': u'weekdays', u'times': [[u'09:00', u'09:00'], [u'20:30', u'20:30']]}, {u'days': [4], u'times': [[u'13:29', u'13:29']]}, {u'days': [5], u'times': [[u'18:00', u'18:00']]}], u'8': [{u'days': u'weekdays', u'times': [[u'20:31', u'20:54']]}, {u'days': [5], u'times': [[u'18:00', u'18:59']]}], u'weekend': [4, 5]}}]
INFO:Reinforcement.Functions:Saving [Actor] main model as [results/D-18-3-H-18-58-3/Actor-main-model-0.h5]
INFO:Reinforcement.Functions:Saving [Actor] target model as [results/D-18-3-H-18-58-3/Actor-target-model-0.h5]
INFO:Reinforcement.Functions:Saving [Critic] main model as [results/D-18-3-H-18-58-3/Critic-main-model-0.h5]
INFO:Reinforcement.Functions:Saving [Critic] target model as [results/D-18-3-H-18-58-3/Critic-target-model-0.h5]
INFO:Reinforcement.Functions:[Actor] model architecture:
INFO:Reinforcement.Functions:_________________________________________________________________
INFO:Reinforcement.Functions:Layer (type)                 Output Shape              Param #   
INFO:Reinforcement.Functions:=================================================================
INFO:Reinforcement.Functions:input_1 (InputLayer)         (None, 1, 8)              0         
INFO:Reinforcement.Functions:_________________________________________________________________
INFO:Reinforcement.Functions:dense_1 (Dense)              (None, 1, 2048)           18432     
INFO:Reinforcement.Functions:_________________________________________________________________
INFO:Reinforcement.Functions:dense_2 (Dense)              (None, 1, 2048)           4196352   
INFO:Reinforcement.Functions:_________________________________________________________________
INFO:Reinforcement.Functions:dense_3 (Dense)              (None, 1, 5)              10245     
INFO:Reinforcement.Functions:_________________________________________________________________
INFO:Reinforcement.Functions:reshape_1 (Reshape)          (None, 5)                 0         
INFO:Reinforcement.Functions:=================================================================
INFO:Reinforcement.Functions:Total params: 4,225,029
INFO:Reinforcement.Functions:Trainable params: 4,225,029
INFO:Reinforcement.Functions:Non-trainable params: 0
INFO:Reinforcement.Functions:_________________________________________________________________
INFO:Reinforcement.Functions:[Critic] model architecture:
INFO:Reinforcement.Functions:__________________________________________________________________________________________________
INFO:Reinforcement.Functions:Layer (type)                    Output Shape         Param #     Connected to                     
INFO:Reinforcement.Functions:==================================================================================================
INFO:Reinforcement.Functions:input_2 (InputLayer)            (None, 1, 8)         0                                            
INFO:Reinforcement.Functions:__________________________________________________________________________________________________
INFO:Reinforcement.Functions:dense_4 (Dense)                 (None, 1, 2048)      18432       input_2[0][0]                    
INFO:Reinforcement.Functions:__________________________________________________________________________________________________
INFO:Reinforcement.Functions:input_3 (InputLayer)            (None, 5)            0                                            
INFO:Reinforcement.Functions:__________________________________________________________________________________________________
INFO:Reinforcement.Functions:dense_5 (Dense)                 (None, 1, 2048)      4196352     dense_4[0][0]                    
INFO:Reinforcement.Functions:__________________________________________________________________________________________________
INFO:Reinforcement.Functions:dense_6 (Dense)                 (None, 2048)         12288       input_3[0][0]                    
INFO:Reinforcement.Functions:__________________________________________________________________________________________________
INFO:Reinforcement.Functions:add_1 (Add)                     (None, 1, 2048)      0           dense_5[0][0]                    
INFO:Reinforcement.Functions:                                                                 dense_6[0][0]                    
INFO:Reinforcement.Functions:__________________________________________________________________________________________________
INFO:Reinforcement.Functions:activation_1 (Activation)       (None, 1, 2048)      0           add_1[0][0]                      
INFO:Reinforcement.Functions:__________________________________________________________________________________________________
INFO:Reinforcement.Functions:dense_7 (Dense)                 (None, 1, 1)         2049        activation_1[0][0]               
INFO:Reinforcement.Functions:__________________________________________________________________________________________________
INFO:Reinforcement.Functions:reshape_2 (Reshape)             (None, 1)            0           dense_7[0][0]                    
INFO:Reinforcement.Functions:==================================================================================================
INFO:Reinforcement.Functions:Total params: 4,229,121
INFO:Reinforcement.Functions:Trainable params: 4,229,121
INFO:Reinforcement.Functions:Non-trainable params: 0
INFO:Reinforcement.Functions:__________________________________________________________________________________________________
INFO:Reinforcement.Functions:episode: 1, score:[2114.00], loss:[61.15934], sequence:[0], isInPoolRatio:[1.00], optActionSelectedRatio:[0.54], optActionInPoolButNotSelected:[0.43], random actions:[133], eInit:[1.0000], init state:[ 6  6 11  0  0  0  0  0], end state:[ 1  6 11  0  0  0  0  0]
INFO:Reinforcement.Functions:episode: 2, score:[2179.20], loss:[44.52470], sequence:[0], isInPoolRatio:[1.00], optActionSelectedRatio:[0.62], optActionInPoolButNotSelected:[0.35], random actions:[128], eInit:[0.9900], init state:[ 3  5 19  0  0  0  0  0], end state:[ 5  5 19  0  0  0  0  0]
INFO:Reinforcement.Functions:episode: 3, score:[2284.80], loss:[25.38600], sequence:[0], isInPoolRatio:[1.00], optActionSelectedRatio:[0.65], optActionInPoolButNotSelected:[0.32], random actions:[128], eInit:[0.9801], init state:[ 1 18 53  0  0  0  0  0], end state:[ 3 18 53  0  0  0  0  0]
INFO:Reinforcement.Functions:episode: 4, score:[2360.40], loss:[16.68310], sequence:[0], isInPoolRatio:[1.00], optActionSelectedRatio:[0.72], optActionInPoolButNotSelected:[0.25], random actions:[115], eInit:[0.9703], init state:[ 4 15 29  0  0  0  0  0], end state:[ 6 15 29  0  0  0  0  0]
INFO:Reinforcement.Functions:episode: 5, score:[2434.80], loss:[15.71354], sequence:[0], isInPoolRatio:[1.00], optActionSelectedRatio:[0.79], optActionInPoolButNotSelected:[0.18], random actions:[121], eInit:[0.9606], init state:[ 3  5 32  0  0  0  0  0], end state:[ 5  5 32  0  0  0  0  0]
INFO:Reinforcement.Functions:episode: 6, score:[2490.40], loss:[13.17495], sequence:[0], isInPoolRatio:[1.00], optActionSelectedRatio:[0.80], optActionInPoolButNotSelected:[0.17], random actions:[129], eInit:[0.9510], init state:[1 2 2 0 0 0 0 0], end state:[3 2 2 0 0 0 0 0]
INFO:Reinforcement.Functions:episode: 7, score:[2534.80], loss:[11.45970], sequence:[0], isInPoolRatio:[1.00], optActionSelectedRatio:[0.80], optActionInPoolButNotSelected:[0.16], random actions:[120], eInit:[0.9415], init state:[ 0  9 59  0  0  0  0  0], end state:[ 2  9 59  0  0  0  0  0]
INFO:Reinforcement.Functions:episode: 8, score:[2419.20], loss:[10.18478], sequence:[0], isInPoolRatio:[1.00], optActionSelectedRatio:[0.77], optActionInPoolButNotSelected:[0.20], random actions:[126], eInit:[0.9321], init state:[ 2 13 59  0  0  0  0  0], end state:[ 4 13 59  1  1  0  0  0]
INFO:Reinforcement.Functions:episode: 9, score:[2545.20], loss:[9.92504], sequence:[0], isInPoolRatio:[1.00], optActionSelectedRatio:[0.82], optActionInPoolButNotSelected:[0.14], random actions:[123], eInit:[0.9227], init state:[ 0  5 58  0  0  0  0  0], end state:[ 2  5 58  0  0  0  0  0]
INFO:Reinforcement.Functions:episode: 10, score:[2459.20], loss:[8.98373], sequence:[0], isInPoolRatio:[1.00], optActionSelectedRatio:[0.78], optActionInPoolButNotSelected:[0.18], random actions:[125], eInit:[0.9135], init state:[ 4 15 11  0  0  0  0  0], end state:[ 6 15 11  0  0  0  0  0]
INFO:Reinforcement.Functions:episode: 11, score:[2521.60], loss:[9.19153], sequence:[0], isInPoolRatio:[1.00], optActionSelectedRatio:[0.80], optActionInPoolButNotSelected:[0.17], random actions:[113], eInit:[0.9044], init state:[ 6 20 28  0  0  0  0  0], end state:[ 1 20 28  0  0  0  0  0]
INFO:Reinforcement.Functions:episode: 12, score:[2570.80], loss:[8.76032], sequence:[0], isInPoolRatio:[1.00], optActionSelectedRatio:[0.81], optActionInPoolButNotSelected:[0.16], random actions:[104], eInit:[0.8953], init state:[ 6 20 34  1  1  0  0  0], end state:[ 1 20 34  1  1  0  0  0]
INFO:Reinforcement.Functions:episode: 13, score:[2448.00], loss:[8.86621], sequence:[0], isInPoolRatio:[1.00], optActionSelectedRatio:[0.79], optActionInPoolButNotSelected:[0.17], random actions:[112], eInit:[0.8864], init state:[ 3 20 13  0  0  0  0  0], end state:[ 5 20 13  1  0  0  0  0]
INFO:Reinforcement.Functions:episode: 14, score:[2614.80], loss:[8.30465], sequence:[0], isInPoolRatio:[1.00], optActionSelectedRatio:[0.86], optActionInPoolButNotSelected:[0.10], random actions:[124], eInit:[0.8775], init state:[ 3 10 35  0  0  0  0  0], end state:[ 5 10 35  0  0  0  0  0]
INFO:Reinforcement.Functions:episode: 15, score:[2438.00], loss:[8.60490], sequence:[0], isInPoolRatio:[1.00], optActionSelectedRatio:[0.75], optActionInPoolButNotSelected:[0.22], random actions:[109], eInit:[0.8687], init state:[ 5 12 16  0  0  0  0  0], end state:[ 0 12 16  0  0  0  0  0]
INFO:Reinforcement.Functions:episode: 16, score:[2598.00], loss:[8.15480], sequence:[0], isInPoolRatio:[1.00], optActionSelectedRatio:[0.85], optActionInPoolButNotSelected:[0.12], random actions:[106], eInit:[0.8601], init state:[ 1 16 46  0  0  0  0  0], end state:[ 3 16 46  0  0  0  0  0]
INFO:Reinforcement.Functions:episode: 17, score:[2630.00], loss:[7.70309], sequence:[0], isInPoolRatio:[1.00], optActionSelectedRatio:[0.87], optActionInPoolButNotSelected:[0.10], random actions:[110], eInit:[0.8515], init state:[ 1 21 57  1  0  0  0  0], end state:[ 3 21 57  1  0  0  0  0]
INFO:Reinforcement.Functions:episode: 18, score:[2584.00], loss:[7.79078], sequence:[0], isInPoolRatio:[1.00], optActionSelectedRatio:[0.85], optActionInPoolButNotSelected:[0.12], random actions:[119], eInit:[0.8429], init state:[ 6 17 34  0  0  0  0  0], end state:[ 1 17 34  0  0  0  0  0]
INFO:Reinforcement.Functions:episode: 19, score:[2638.00], loss:[6.96632], sequence:[0], isInPoolRatio:[1.00], optActionSelectedRatio:[0.87], optActionInPoolButNotSelected:[0.10], random actions:[103], eInit:[0.8345], init state:[ 0 17 41  0  0  0  0  0], end state:[ 2 17 41  0  0  0  0  0]
INFO:Reinforcement.Functions:episode: 20, score:[2529.60], loss:[6.50335], sequence:[0], isInPoolRatio:[1.00], optActionSelectedRatio:[0.82], optActionInPoolButNotSelected:[0.15], random actions:[112], eInit:[0.8262], init state:[ 3 21 50  1  0  0  0  0], end state:[ 5 21 50  1  0  0  0  0]
INFO:Reinforcement.Functions:episode: 21, score:[2676.00], loss:[6.61553], sequence:[0], isInPoolRatio:[1.00], optActionSelectedRatio:[0.88], optActionInPoolButNotSelected:[0.09], random actions:[91], eInit:[0.8179], init state:[ 0  5 46  0  0  0  0  0], end state:[ 2  5 46  0  0  0  0  0]
INFO:Reinforcement.Functions:episode: 22, score:[2614.40], loss:[5.81918], sequence:[0], isInPoolRatio:[1.00], optActionSelectedRatio:[0.85], optActionInPoolButNotSelected:[0.12], random actions:[104], eInit:[0.8097], init state:[ 4 14 27  0  0  0  0  0], end state:[ 6 14 27  0  0  0  0  0]
INFO:Reinforcement.Functions:episode: 23, score:[2626.00], loss:[5.91259], sequence:[0], isInPoolRatio:[1.00], optActionSelectedRatio:[0.86], optActionInPoolButNotSelected:[0.11], random actions:[87], eInit:[0.8016], init state:[ 4  3 21  0  0  0  0  0], end state:[ 6  3 21  0  0  0  0  0]
INFO:Reinforcement.Functions:episode: 24, score:[2624.80], loss:[5.74939], sequence:[0], isInPoolRatio:[1.00], optActionSelectedRatio:[0.86], optActionInPoolButNotSelected:[0.10], random actions:[106], eInit:[0.7936], init state:[ 4  0 15  1  0  0  0  0], end state:[ 6  0 15  0  0  0  0  0]
INFO:Reinforcement.Functions:episode: 25, score:[2658.40], loss:[5.70913], sequence:[0], isInPoolRatio:[1.00], optActionSelectedRatio:[0.87], optActionInPoolButNotSelected:[0.10], random actions:[87], eInit:[0.7857], init state:[ 3  3 37  0  0  0  0  0], end state:[ 5  3 37  0  0  0  0  0]
INFO:Reinforcement.Functions:episode: 26, score:[2666.80], loss:[5.39002], sequence:[0], isInPoolRatio:[1.00], optActionSelectedRatio:[0.88], optActionInPoolButNotSelected:[0.09], random actions:[101], eInit:[0.7778], init state:[ 0  4 29  0  0  0  0  0], end state:[ 2  4 29  0  0  0  0  0]
INFO:Reinforcement.Functions:episode: 27, score:[2592.00], loss:[5.44664], sequence:[0], isInPoolRatio:[1.00], optActionSelectedRatio:[0.85], optActionInPoolButNotSelected:[0.12], random actions:[105], eInit:[0.7700], init state:[ 5  7 12  0  0  0  0  0], end state:[ 0  7 12  0  0  0  0  0]
INFO:Reinforcement.Functions:episode: 28, score:[2666.80], loss:[5.38993], sequence:[0], isInPoolRatio:[1.00], optActionSelectedRatio:[0.88], optActionInPoolButNotSelected:[0.09], random actions:[104], eInit:[0.7623], init state:[ 1 18 26  0  0  0  0  0], end state:[ 3 18 26  0  0  0  0  0]
INFO:Reinforcement.Functions:episode: 29, score:[2633.60], loss:[5.15922], sequence:[0], isInPoolRatio:[1.00], optActionSelectedRatio:[0.87], optActionInPoolButNotSelected:[0.10], random actions:[114], eInit:[0.7547], init state:[ 6 15 49  0  0  0  0  0], end state:[ 1 15 49  0  0  0  0  0]
INFO:Reinforcement.Functions:episode: 30, score:[2682.40], loss:[5.09323], sequence:[0], isInPoolRatio:[1.00], optActionSelectedRatio:[0.89], optActionInPoolButNotSelected:[0.08], random actions:[94], eInit:[0.7472], init state:[ 1  5 46  0  0  0  0  0], end state:[ 3  5 46  0  0  0  0  0]
INFO:Reinforcement.Functions:episode: 31, score:[2626.40], loss:[5.09116], sequence:[0], isInPoolRatio:[1.00], optActionSelectedRatio:[0.88], optActionInPoolButNotSelected:[0.09], random actions:[95], eInit:[0.7397], init state:[ 4 10 45  1  1  0  1  0], end state:[ 6 10 45  0  0  0  0  0]
INFO:Reinforcement.Functions:episode: 32, score:[2673.20], loss:[4.84149], sequence:[0], isInPoolRatio:[1.00], optActionSelectedRatio:[0.88], optActionInPoolButNotSelected:[0.09], random actions:[97], eInit:[0.7323], init state:[ 1 15 49  0  0  0  0  0], end state:[ 3 15 49  0  0  0  0  0]
INFO:Reinforcement.Functions:episode: 33, score:[2674.80], loss:[4.75485], sequence:[0], isInPoolRatio:[1.00], optActionSelectedRatio:[0.88], optActionInPoolButNotSelected:[0.09], random actions:[86], eInit:[0.7250], init state:[ 5 14 31  0  0  0  0  0], end state:[ 0 14 31  0  0  0  0  0]
INFO:Reinforcement.Functions:episode: 34, score:[2684.80], loss:[4.42657], sequence:[0], isInPoolRatio:[1.00], optActionSelectedRatio:[0.90], optActionInPoolButNotSelected:[0.07], random actions:[88], eInit:[0.7177], init state:[ 4 18  1  0  0  0  0  0], end state:[ 6 18  1  0  0  0  0  0]
INFO:Reinforcement.Functions:episode: 35, score:[2690.80], loss:[5.08704], sequence:[0], isInPoolRatio:[1.00], optActionSelectedRatio:[0.91], optActionInPoolButNotSelected:[0.06], random actions:[98], eInit:[0.7106], init state:[ 1 20 18  0  0  0  0  0], end state:[ 3 20 18  0  0  0  0  0]
INFO:Reinforcement.Functions:episode: 36, score:[2672.00], loss:[4.74640], sequence:[0], isInPoolRatio:[1.00], optActionSelectedRatio:[0.90], optActionInPoolButNotSelected:[0.06], random actions:[100], eInit:[0.7034], init state:[ 3  7 49  0  0  0  0  0], end state:[ 5  7 49  0  1  0  0  0]
INFO:Reinforcement.Functions:episode: 37, score:[2697.20], loss:[4.35899], sequence:[0], isInPoolRatio:[1.00], optActionSelectedRatio:[0.91], optActionInPoolButNotSelected:[0.06], random actions:[98], eInit:[0.6964], init state:[ 0  2 26  0  0  0  0  0], end state:[ 2  2 26  0  0  0  0  0]
INFO:Reinforcement.Functions:episode: 38, score:[2699.60], loss:[4.51112], sequence:[0], isInPoolRatio:[1.00], optActionSelectedRatio:[0.92], optActionInPoolButNotSelected:[0.05], random actions:[89], eInit:[0.6894], init state:[ 3 14  1  0  0  0  0  0], end state:[ 5 14  1  0  0  0  0  0]
INFO:Reinforcement.Functions:episode: 39, score:[2702.80], loss:[4.59498], sequence:[0], isInPoolRatio:[1.00], optActionSelectedRatio:[0.91], optActionInPoolButNotSelected:[0.06], random actions:[97], eInit:[0.6826], init state:[ 6 19 52  0  0  0  0  0], end state:[ 1 19 52  0  0  0  0  0]
INFO:Reinforcement.Functions:episode: 40, score:[2715.20], loss:[3.94897], sequence:[0], isInPoolRatio:[1.00], optActionSelectedRatio:[0.91], optActionInPoolButNotSelected:[0.06], random actions:[76], eInit:[0.6757], init state:[ 4  3 58  0  0  0  0  0], end state:[ 6  3 58  0  0  0  0  0]
INFO:Reinforcement.Functions:episode: 41, score:[2629.20], loss:[4.29495], sequence:[0], isInPoolRatio:[1.00], optActionSelectedRatio:[0.89], optActionInPoolButNotSelected:[0.08], random actions:[108], eInit:[0.6690], init state:[ 4 19  0  0  0  0  0  0], end state:[ 6 19  0  0  0  0  0  0]
INFO:Reinforcement.Functions:episode: 42, score:[2621.60], loss:[4.76661], sequence:[0], isInPoolRatio:[1.00], optActionSelectedRatio:[0.88], optActionInPoolButNotSelected:[0.09], random actions:[90], eInit:[0.6623], init state:[ 5 16 37  0  0  0  0  0], end state:[ 0 16 37  0  0  0  0  0]
INFO:Reinforcement.Functions:episode: 43, score:[2692.00], loss:[4.23792], sequence:[0], isInPoolRatio:[1.00], optActionSelectedRatio:[0.91], optActionInPoolButNotSelected:[0.06], random actions:[91], eInit:[0.6557], init state:[ 4 16  3  0  0  0  0  0], end state:[ 6 16  3  0  0  0  0  0]
INFO:Reinforcement.Functions:episode: 44, score:[2706.00], loss:[4.09969], sequence:[0], isInPoolRatio:[1.00], optActionSelectedRatio:[0.91], optActionInPoolButNotSelected:[0.06], random actions:[99], eInit:[0.6491], init state:[ 0  1 38  0  0  0  0  0], end state:[ 2  1 38  0  0  0  0  0]
INFO:Reinforcement.Functions:episode: 45, score:[2682.40], loss:[4.28689], sequence:[0], isInPoolRatio:[1.00], optActionSelectedRatio:[0.91], optActionInPoolButNotSelected:[0.07], random actions:[85], eInit:[0.6426], init state:[ 5 17  1  0  0  0  0  0], end state:[ 0 17  1  0  0  0  0  0]
INFO:Reinforcement.Functions:episode: 46, score:[2684.40], loss:[4.22867], sequence:[0], isInPoolRatio:[1.00], optActionSelectedRatio:[0.90], optActionInPoolButNotSelected:[0.07], random actions:[83], eInit:[0.6362], init state:[ 3 19 49  0  0  0  0  0], end state:[ 5 19 49  1  0  0  1  0]
INFO:Reinforcement.Functions:episode: 47, score:[2742.00], loss:[4.00492], sequence:[1], isInPoolRatio:[1.00], optActionSelectedRatio:[0.93], optActionInPoolButNotSelected:[0.04], random actions:[80], eInit:[0.6298], init state:[ 0 20 26  0  0  0  0  0], end state:[ 2 20 26  0  0  0  0  0]
INFO:Reinforcement.Functions:episode: 48, score:[2704.80], loss:[3.89300], sequence:[0], isInPoolRatio:[1.00], optActionSelectedRatio:[0.91], optActionInPoolButNotSelected:[0.06], random actions:[98], eInit:[0.6235], init state:[ 3 14 41  0  0  0  0  0], end state:[ 5 14 41  0  0  0  0  0]
INFO:Reinforcement.Functions:episode: 49, score:[2740.80], loss:[3.33911], sequence:[1], isInPoolRatio:[1.00], optActionSelectedRatio:[0.92], optActionInPoolButNotSelected:[0.05], random actions:[68], eInit:[0.6173], init state:[ 0 14 33  0  0  0  0  0], end state:[ 2 14 33  0  0  0  0  0]
INFO:Reinforcement.Functions:episode: 50, score:[2746.80], loss:[3.21630], sequence:[2], isInPoolRatio:[1.00], optActionSelectedRatio:[0.93], optActionInPoolButNotSelected:[0.04], random actions:[88], eInit:[0.6111], init state:[ 0 13 44  0  0  0  0  0], end state:[ 2 13 44  0  0  0  0  0]
INFO:Reinforcement.Functions:Saving [Actor] main model as [results/D-18-3-H-18-58-3/Actor-main-model-1.h5]
INFO:Reinforcement.Functions:Saving [Actor] target model as [results/D-18-3-H-18-58-3/Actor-target-model-1.h5]
INFO:Reinforcement.Functions:Saving [Critic] main model as [results/D-18-3-H-18-58-3/Critic-main-model-1.h5]
INFO:Reinforcement.Functions:Saving [Critic] target model as [results/D-18-3-H-18-58-3/Critic-target-model-1.h5]
INFO:Reinforcement.Functions:maxScore:(2746.7999999999965, [50]) , maxSequence:(2, [50])
INFO:Reinforcement.Functions:episode: 51, score:[2654.80], loss:[4.00111], sequence:[0], isInPoolRatio:[1.00], optActionSelectedRatio:[0.90], optActionInPoolButNotSelected:[0.08], random actions:[79], eInit:[0.6050], init state:[ 4  8 11  0  0  0  0  0], end state:[ 6  8 11  1  0  0  0  0]
INFO:Reinforcement.Functions:episode: 52, score:[2679.20], loss:[3.66298], sequence:[0], isInPoolRatio:[1.00], optActionSelectedRatio:[0.90], optActionInPoolButNotSelected:[0.08], random actions:[82], eInit:[0.5990], init state:[ 2  4 37  0  0  0  0  0], end state:[ 4  4 37  0  0  0  0  0]
INFO:Reinforcement.Functions:episode: 53, score:[2716.00], loss:[3.31098], sequence:[0], isInPoolRatio:[1.00], optActionSelectedRatio:[0.91], optActionInPoolButNotSelected:[0.05], random actions:[96], eInit:[0.5930], init state:[ 3  4 21  0  0  0  0  0], end state:[ 5  4 21  0  0  0  0  0]
INFO:Reinforcement.Functions:episode: 54, score:[2674.00], loss:[3.51821], sequence:[0], isInPoolRatio:[1.00], optActionSelectedRatio:[0.90], optActionInPoolButNotSelected:[0.07], random actions:[91], eInit:[0.5870], init state:[ 5 14 48  0  0  0  0  0], end state:[ 0 14 48  0  0  0  0  0]
INFO:Reinforcement.Functions:episode: 55, score:[2666.80], loss:[4.02548], sequence:[0], isInPoolRatio:[1.00], optActionSelectedRatio:[0.91], optActionInPoolButNotSelected:[0.07], random actions:[81], eInit:[0.5812], init state:[ 3 19 44  0  0  0  0  0], end state:[ 5 19 44  1  0  0  1  0]
INFO:Reinforcement.Functions:episode: 56, score:[2749.60], loss:[3.37838], sequence:[1], isInPoolRatio:[1.00], optActionSelectedRatio:[0.94], optActionInPoolButNotSelected:[0.04], random actions:[67], eInit:[0.5754], init state:[ 3  2 47  0  0  0  0  0], end state:[ 5  2 47  0  0  0  0  0]
INFO:Reinforcement.Functions:episode: 57, score:[2680.40], loss:[3.64040], sequence:[0], isInPoolRatio:[1.00], optActionSelectedRatio:[0.90], optActionInPoolButNotSelected:[0.07], random actions:[89], eInit:[0.5696], init state:[ 2 17  8  0  0  0  0  0], end state:[ 4 17  8  0  0  0  0  0]
INFO:Reinforcement.Functions:episode: 58, score:[2756.40], loss:[3.27209], sequence:[1], isInPoolRatio:[1.00], optActionSelectedRatio:[0.94], optActionInPoolButNotSelected:[0.03], random actions:[81], eInit:[0.5639], init state:[ 3 10 58  0  0  0  0  0], end state:[ 5 10 58  0  0  0  0  0]
INFO:Reinforcement.Functions:episode: 59, score:[2735.60], loss:[3.13481], sequence:[0], isInPoolRatio:[1.00], optActionSelectedRatio:[0.94], optActionInPoolButNotSelected:[0.04], random actions:[84], eInit:[0.5583], init state:[ 3  0 37  0  0  1  0  0], end state:[ 5  0 37  0  0  0  0  0]
INFO:Reinforcement.Functions:episode: 60, score:[2745.20], loss:[3.07972], sequence:[1], isInPoolRatio:[1.00], optActionSelectedRatio:[0.94], optActionInPoolButNotSelected:[0.04], random actions:[78], eInit:[0.5527], init state:[ 2  7 16  0  0  0  0  0], end state:[ 4  7 16  0  0  0  0  0]
INFO:Reinforcement.Functions:episode: 61, score:[2736.80], loss:[2.91490], sequence:[2], isInPoolRatio:[1.00], optActionSelectedRatio:[0.92], optActionInPoolButNotSelected:[0.05], random actions:[85], eInit:[0.5472], init state:[ 0 23 45  1  0  0  0  0], end state:[ 2 23 45  1  0  0  0  0]
INFO:Reinforcement.Functions:episode: 62, score:[2692.40], loss:[2.94981], sequence:[0], isInPoolRatio:[1.00], optActionSelectedRatio:[0.92], optActionInPoolButNotSelected:[0.05], random actions:[86], eInit:[0.5417], init state:[ 3  2 39  0  0  0  0  0], end state:[ 5  2 39  0  0  0  0  0]
INFO:Reinforcement.Functions:episode: 63, score:[2773.20], loss:[2.87264], sequence:[1], isInPoolRatio:[1.00], optActionSelectedRatio:[0.95], optActionInPoolButNotSelected:[0.03], random actions:[69], eInit:[0.5363], init state:[ 3  9 34  0  0  0  0  0], end state:[ 5  9 34  0  0  0  0  0]
INFO:Reinforcement.Functions:episode: 64, score:[2674.40], loss:[2.94260], sequence:[0], isInPoolRatio:[1.00], optActionSelectedRatio:[0.89], optActionInPoolButNotSelected:[0.09], random actions:[64], eInit:[0.5309], init state:[4 9 7 0 0 0 0 0], end state:[6 9 7 0 0 0 0 0]
INFO:Reinforcement.Functions:episode: 65, score:[2674.00], loss:[3.23896], sequence:[0], isInPoolRatio:[1.00], optActionSelectedRatio:[0.90], optActionInPoolButNotSelected:[0.08], random actions:[72], eInit:[0.5256], init state:[ 5 18 45  1  1  0  1  0], end state:[ 0 18 45  0  0  0  0  0]
INFO:Reinforcement.Functions:episode: 66, score:[2744.40], loss:[2.93450], sequence:[1], isInPoolRatio:[1.00], optActionSelectedRatio:[0.93], optActionInPoolButNotSelected:[0.05], random actions:[73], eInit:[0.5203], init state:[ 1  3 25  0  0  0  0  0], end state:[ 3  3 25  0  0  0  0  0]
INFO:Reinforcement.Functions:episode: 67, score:[2710.40], loss:[2.90139], sequence:[0], isInPoolRatio:[1.00], optActionSelectedRatio:[0.92], optActionInPoolButNotSelected:[0.05], random actions:[85], eInit:[0.5151], init state:[ 4 19 21  0  0  0  0  0], end state:[ 6 19 21  0  0  0  0  0]
INFO:Reinforcement.Functions:episode: 68, score:[2727.20], loss:[2.93810], sequence:[0], isInPoolRatio:[1.00], optActionSelectedRatio:[0.92], optActionInPoolButNotSelected:[0.05], random actions:[75], eInit:[0.5100], init state:[ 3  6 49  0  0  0  0  0], end state:[ 5  6 49  0  0  0  0  0]
INFO:Reinforcement.Functions:episode: 69, score:[2746.80], loss:[2.66332], sequence:[1], isInPoolRatio:[1.00], optActionSelectedRatio:[0.94], optActionInPoolButNotSelected:[0.04], random actions:[80], eInit:[0.5049], init state:[ 6 22 48  1  0  0  0  0], end state:[ 1 22 48  1  0  0  0  0]
INFO:Reinforcement.Functions:episode: 70, score:[2715.60], loss:[2.68320], sequence:[0], isInPoolRatio:[1.00], optActionSelectedRatio:[0.91], optActionInPoolButNotSelected:[0.06], random actions:[85], eInit:[0.4998], init state:[ 3 17 48  0  0  0  0  0], end state:[ 5 17 48  0  0  0  0  0]
INFO:Reinforcement.Functions:episode: 71, score:[2743.60], loss:[2.63495], sequence:[1], isInPoolRatio:[1.00], optActionSelectedRatio:[0.95], optActionInPoolButNotSelected:[0.03], random actions:[64], eInit:[0.4948], init state:[ 1  4 13  0  0  0  0  0], end state:[ 3  4 13  0  0  0  0  0]
INFO:Reinforcement.Functions:episode: 72, score:[2721.20], loss:[2.49987], sequence:[0], isInPoolRatio:[1.00], optActionSelectedRatio:[0.92], optActionInPoolButNotSelected:[0.05], random actions:[87], eInit:[0.4899], init state:[ 2 21 12  1  1  0  1  0], end state:[ 4 21 12  0  0  0  0  0]
INFO:Reinforcement.Functions:episode: 73, score:[2708.00], loss:[2.44126], sequence:[0], isInPoolRatio:[1.00], optActionSelectedRatio:[0.91], optActionInPoolButNotSelected:[0.06], random actions:[72], eInit:[0.4850], init state:[ 6 23 39  1  0  0  1  0], end state:[ 1 23 39  1  0  0  1  0]
INFO:Reinforcement.Functions:episode: 74, score:[2742.40], loss:[2.41037], sequence:[1], isInPoolRatio:[1.00], optActionSelectedRatio:[0.94], optActionInPoolButNotSelected:[0.04], random actions:[84], eInit:[0.4801], init state:[ 2 16 38  0  0  0  0  0], end state:[ 4 16 38  0  0  0  0  0]
INFO:Reinforcement.Functions:episode: 75, score:[2767.60], loss:[2.51399], sequence:[2], isInPoolRatio:[1.00], optActionSelectedRatio:[0.95], optActionInPoolButNotSelected:[0.03], random actions:[69], eInit:[0.4753], init state:[ 6 22 14  1  0  0  0  0], end state:[ 1 22 14  1  0  0  0  0]
INFO:Reinforcement.Functions:episode: 76, score:[2776.40], loss:[2.26156], sequence:[3], isInPoolRatio:[1.00], optActionSelectedRatio:[0.95], optActionInPoolButNotSelected:[0.03], random actions:[60], eInit:[0.4706], init state:[ 3 19 16  0  0  0  0  0], end state:[ 5 19 16  1  0  0  1  0]
INFO:Reinforcement.Functions:episode: 77, score:[2757.60], loss:[2.55210], sequence:[4], isInPoolRatio:[1.00], optActionSelectedRatio:[0.95], optActionInPoolButNotSelected:[0.03], random actions:[69], eInit:[0.4659], init state:[ 0  8 21  1  0  0  0  0], end state:[ 2  8 21  1  0  0  0  0]
INFO:Reinforcement.Functions:episode: 78, score:[2702.40], loss:[2.54394], sequence:[0], isInPoolRatio:[1.00], optActionSelectedRatio:[0.90], optActionInPoolButNotSelected:[0.08], random actions:[65], eInit:[0.4612], init state:[ 4 22 37  0  0  0  0  0], end state:[ 6 22 37  1  0  0  0  0]
INFO:Reinforcement.Functions:episode: 79, score:[2670.40], loss:[2.90979], sequence:[0], isInPoolRatio:[1.00], optActionSelectedRatio:[0.91], optActionInPoolButNotSelected:[0.07], random actions:[72], eInit:[0.4566], init state:[ 4  7 38  0  0  0  0  0], end state:[ 6  7 38  0  0  0  0  0]
INFO:Reinforcement.Functions:episode: 80, score:[2761.20], loss:[2.63153], sequence:[1], isInPoolRatio:[1.00], optActionSelectedRatio:[0.94], optActionInPoolButNotSelected:[0.03], random actions:[66], eInit:[0.4520], init state:[ 6  6 21  0  0  0  0  0], end state:[ 1  6 21  0  0  0  0  0]
INFO:Reinforcement.Functions:episode: 81, score:[2752.00], loss:[2.79668], sequence:[2], isInPoolRatio:[1.00], optActionSelectedRatio:[0.94], optActionInPoolButNotSelected:[0.04], random actions:[62], eInit:[0.4475], init state:[ 2 17 20  0  0  0  0  0], end state:[ 4 17 20  0  0  0  0  0]
INFO:Reinforcement.Functions:episode: 82, score:[2770.80], loss:[2.46050], sequence:[3], isInPoolRatio:[1.00], optActionSelectedRatio:[0.96], optActionInPoolButNotSelected:[0.02], random actions:[70], eInit:[0.4430], init state:[ 1 10 17  0  0  0  0  0], end state:[ 3 10 17  0  0  0  0  0]
INFO:Reinforcement.Functions:episode: 83, score:[2719.60], loss:[2.82541], sequence:[0], isInPoolRatio:[1.00], optActionSelectedRatio:[0.92], optActionInPoolButNotSelected:[0.06], random actions:[63], eInit:[0.4386], init state:[ 5 17 42  0  0  0  0  0], end state:[ 0 17 42  0  0  0  0  0]
INFO:Reinforcement.Functions:episode: 84, score:[2798.40], loss:[2.49606], sequence:[1], isInPoolRatio:[1.00], optActionSelectedRatio:[0.97], optActionInPoolButNotSelected:[0.01], random actions:[56], eInit:[0.4342], init state:[0 0 8 1 0 0 0 0], end state:[2 0 8 0 0 0 0 0]
INFO:Reinforcement.Functions:episode: 85, score:[2720.80], loss:[2.36119], sequence:[0], isInPoolRatio:[1.00], optActionSelectedRatio:[0.93], optActionInPoolButNotSelected:[0.05], random actions:[79], eInit:[0.4299], init state:[ 4  6 58  0  0  0  0  0], end state:[ 6  6 58  0  0  0  0  0]
INFO:Reinforcement.Functions:episode: 86, score:[2740.40], loss:[2.79054], sequence:[1], isInPoolRatio:[1.00], optActionSelectedRatio:[0.94], optActionInPoolButNotSelected:[0.04], random actions:[66], eInit:[0.4256], init state:[ 2 19 29  0  0  0  0  0], end state:[ 4 19 29  0  0  0  0  0]
INFO:Reinforcement.Functions:episode: 87, score:[2787.60], loss:[2.37100], sequence:[2], isInPoolRatio:[1.00], optActionSelectedRatio:[0.96], optActionInPoolButNotSelected:[0.02], random actions:[65], eInit:[0.4213], init state:[ 3 22  1  1  0  0  0  0], end state:[ 5 22  1  1  0  0  1  0]
INFO:Reinforcement.Functions:episode: 88, score:[2760.80], loss:[2.32158], sequence:[3], isInPoolRatio:[1.00], optActionSelectedRatio:[0.95], optActionInPoolButNotSelected:[0.03], random actions:[66], eInit:[0.4171], init state:[ 4 15 58  0  0  0  0  0], end state:[ 6 15 58  0  0  0  0  0]
INFO:Reinforcement.Functions:episode: 89, score:[2717.20], loss:[2.35968], sequence:[0], isInPoolRatio:[1.00], optActionSelectedRatio:[0.93], optActionInPoolButNotSelected:[0.05], random actions:[65], eInit:[0.4129], init state:[ 5  2 28  0  0  0  0  0], end state:[ 0  2 28  0  0  0  0  0]
INFO:Reinforcement.Functions:episode: 90, score:[2801.60], loss:[2.08880], sequence:[1], isInPoolRatio:[1.00], optActionSelectedRatio:[0.97], optActionInPoolButNotSelected:[0.01], random actions:[60], eInit:[0.4088], init state:[ 3  1 14  0  0  0  0  0], end state:[ 5  1 14  0  0  0  0  0]
INFO:Reinforcement.Functions:episode: 91, score:[2783.20], loss:[2.14602], sequence:[2], isInPoolRatio:[1.00], optActionSelectedRatio:[0.96], optActionInPoolButNotSelected:[0.02], random actions:[71], eInit:[0.4047], init state:[ 3  0 44  0  0  1  0  0], end state:[ 5  0 44  0  0  0  0  0]
INFO:Reinforcement.Functions:episode: 92, score:[2721.60], loss:[2.12443], sequence:[0], isInPoolRatio:[1.00], optActionSelectedRatio:[0.92], optActionInPoolButNotSelected:[0.06], random actions:[69], eInit:[0.4007], init state:[ 4 15 44  0  0  0  0  0], end state:[ 6 15 44  0  0  0  0  0]
INFO:Reinforcement.Functions:episode: 93, score:[2797.60], loss:[1.97454], sequence:[1], isInPoolRatio:[1.00], optActionSelectedRatio:[0.96], optActionInPoolButNotSelected:[0.02], random actions:[63], eInit:[0.3967], init state:[ 3 11 10  0  0  0  0  0], end state:[ 5 11 10  0  0  0  0  0]
INFO:Reinforcement.Functions:episode: 94, score:[2784.40], loss:[2.03242], sequence:[2], isInPoolRatio:[1.00], optActionSelectedRatio:[0.96], optActionInPoolButNotSelected:[0.02], random actions:[59], eInit:[0.3927], init state:[ 3  8 20  1  0  0  0  0], end state:[ 5  8 20  0  0  0  0  0]
INFO:Reinforcement.Functions:episode: 95, score:[2825.20], loss:[1.74477], sequence:[3], isInPoolRatio:[1.00], optActionSelectedRatio:[0.98], optActionInPoolButNotSelected:[0.01], random actions:[50], eInit:[0.3888], init state:[ 0  2 19  0  0  0  0  0], end state:[ 2  2 19  0  0  0  0  0]
INFO:Reinforcement.Functions:episode: 96, score:[2720.40], loss:[2.24265], sequence:[0], isInPoolRatio:[1.00], optActionSelectedRatio:[0.92], optActionInPoolButNotSelected:[0.06], random actions:[62], eInit:[0.3849], init state:[ 5 21 21  1  0  0  1  1], end state:[ 0 21 21  1  1  0  1  0]
INFO:Reinforcement.Functions:episode: 97, score:[2801.20], loss:[1.85399], sequence:[1], isInPoolRatio:[1.00], optActionSelectedRatio:[0.97], optActionInPoolButNotSelected:[0.01], random actions:[64], eInit:[0.3810], init state:[ 1 14 38  0  0  0  0  0], end state:[ 3 14 38  0  0  0  0  0]
INFO:Reinforcement.Functions:episode: 98, score:[2776.80], loss:[2.10502], sequence:[2], isInPoolRatio:[1.00], optActionSelectedRatio:[0.95], optActionInPoolButNotSelected:[0.03], random actions:[52], eInit:[0.3772], init state:[ 2 20 26  0  0  0  0  0], end state:[ 4 20 26  0  0  0  0  0]
INFO:Reinforcement.Functions:episode: 99, score:[2784.00], loss:[1.91075], sequence:[3], isInPoolRatio:[1.00], optActionSelectedRatio:[0.96], optActionInPoolButNotSelected:[0.01], random actions:[67], eInit:[0.3735], init state:[ 1 12 15  0  0  0  0  0], end state:[ 3 12 15  0  0  0  0  0]
INFO:Reinforcement.Functions:episode: 100, score:[2792.00], loss:[1.91149], sequence:[4], isInPoolRatio:[1.00], optActionSelectedRatio:[0.96], optActionInPoolButNotSelected:[0.02], random actions:[63], eInit:[0.3697], init state:[ 3  2 45  0  0  0  0  0], end state:[ 5  2 45  0  0  0  0  0]
INFO:Reinforcement.Functions:Saving [Actor] main model as [results/D-18-3-H-18-58-3/Actor-main-model-2.h5]
INFO:Reinforcement.Functions:Saving [Actor] target model as [results/D-18-3-H-18-58-3/Actor-target-model-2.h5]
INFO:Reinforcement.Functions:Saving [Critic] main model as [results/D-18-3-H-18-58-3/Critic-main-model-2.h5]
INFO:Reinforcement.Functions:Saving [Critic] target model as [results/D-18-3-H-18-58-3/Critic-target-model-2.h5]
INFO:Reinforcement.Functions:maxScore:(2825.1999999999985, [95]) , maxSequence:(4, [77, 100])
INFO:Reinforcement.Functions:episode: 101, score:[2760.40], loss:[2.03456], sequence:[5], isInPoolRatio:[1.00], optActionSelectedRatio:[0.94], optActionInPoolButNotSelected:[0.04], random actions:[58], eInit:[0.3660], init state:[ 4  6 51  0  0  0  0  0], end state:[ 6  6 51  0  0  0  0  0]
INFO:Reinforcement.Functions:episode: 102, score:[2659.60], loss:[1.98685], sequence:[0], isInPoolRatio:[1.00], optActionSelectedRatio:[0.91], optActionInPoolButNotSelected:[0.07], random actions:[63], eInit:[0.3624], init state:[ 4  3 46  0  0  0  0  0], end state:[ 6  3 46  0  0  0  0  0]
INFO:Reinforcement.Functions:episode: 103, score:[2773.60], loss:[2.01567], sequence:[1], isInPoolRatio:[1.00], optActionSelectedRatio:[0.95], optActionInPoolButNotSelected:[0.03], random actions:[57], eInit:[0.3587], init state:[ 2 18 51  0  0  0  0  0], end state:[ 4 18 51  0  0  0  0  0]
INFO:Reinforcement.Functions:episode: 104, score:[2788.00], loss:[1.89982], sequence:[2], isInPoolRatio:[1.00], optActionSelectedRatio:[0.96], optActionInPoolButNotSelected:[0.02], random actions:[55], eInit:[0.3552], init state:[ 0  4 51  0  0  0  0  0], end state:[ 2  4 51  0  0  0  0  0]
INFO:Reinforcement.Functions:episode: 105, score:[2756.00], loss:[1.87111], sequence:[3], isInPoolRatio:[1.00], optActionSelectedRatio:[0.93], optActionInPoolButNotSelected:[0.05], random actions:[63], eInit:[0.3516], init state:[ 6  9 15  0  0  0  0  0], end state:[ 1  9 15  0  0  0  0  0]
INFO:Reinforcement.Functions:episode: 106, score:[2714.40], loss:[1.87755], sequence:[0], isInPoolRatio:[1.00], optActionSelectedRatio:[0.91], optActionInPoolButNotSelected:[0.06], random actions:[71], eInit:[0.3481], init state:[ 4 22  3  0  0  0  0  0], end state:[ 6 22  3  1  0  0  0  0]
INFO:Reinforcement.Functions:episode: 107, score:[2742.00], loss:[2.02010], sequence:[1], isInPoolRatio:[1.00], optActionSelectedRatio:[0.93], optActionInPoolButNotSelected:[0.05], random actions:[71], eInit:[0.3446], init state:[ 5 10 18  0  0  0  0  0], end state:[ 0 10 18  0  0  0  0  0]
INFO:Reinforcement.Functions:episode: 108, score:[2772.40], loss:[1.92878], sequence:[2], isInPoolRatio:[1.00], optActionSelectedRatio:[0.96], optActionInPoolButNotSelected:[0.02], random actions:[48], eInit:[0.3412], init state:[ 3  8 31  1  1  0  1  1], end state:[ 5  8 31  0  0  0  0  0]
INFO:Reinforcement.Functions:episode: 109, score:[2760.80], loss:[2.12809], sequence:[3], isInPoolRatio:[1.00], optActionSelectedRatio:[0.94], optActionInPoolButNotSelected:[0.04], random actions:[53], eInit:[0.3378], init state:[ 6  7 41  0  0  0  0  0], end state:[ 1  7 41  0  0  0  0  0]
INFO:Reinforcement.Functions:episode: 110, score:[2776.80], loss:[2.06598], sequence:[4], isInPoolRatio:[1.00], optActionSelectedRatio:[0.94], optActionInPoolButNotSelected:[0.04], random actions:[61], eInit:[0.3344], init state:[6 7 2 0 0 0 0 0], end state:[1 7 2 0 0 0 0 0]
INFO:Reinforcement.Functions:episode: 111, score:[2740.00], loss:[2.12508], sequence:[5], isInPoolRatio:[1.00], optActionSelectedRatio:[0.93], optActionInPoolButNotSelected:[0.05], random actions:[59], eInit:[0.3310], init state:[ 5 18  1  1  1  0  1  0], end state:[ 0 18  1  0  0  0  0  0]
INFO:Reinforcement.Functions:episode: 112, score:[2764.80], loss:[1.92777], sequence:[6], isInPoolRatio:[1.00], optActionSelectedRatio:[0.94], optActionInPoolButNotSelected:[0.04], random actions:[62], eInit:[0.3277], init state:[ 5  2 56  0  0  0  0  0], end state:[ 0  2 56  0  0  0  0  0]
INFO:Reinforcement.Functions:episode: 113, score:[2783.20], loss:[1.98271], sequence:[7], isInPoolRatio:[1.00], optActionSelectedRatio:[0.96], optActionInPoolButNotSelected:[0.03], random actions:[51], eInit:[0.3244], init state:[ 3  6 43  0  0  0  0  0], end state:[ 5  6 43  0  0  0  0  0]
INFO:Reinforcement.Functions:episode: 114, score:[2756.40], loss:[2.07618], sequence:[8], isInPoolRatio:[1.00], optActionSelectedRatio:[0.95], optActionInPoolButNotSelected:[0.03], random actions:[58], eInit:[0.3212], init state:[ 2  8 18  1  0  0  0  0], end state:[ 4  8 18  0  0  0  0  0]
INFO:Reinforcement.Functions:episode: 115, score:[2737.20], loss:[2.16708], sequence:[9], isInPoolRatio:[1.00], optActionSelectedRatio:[0.93], optActionInPoolButNotSelected:[0.06], random actions:[55], eInit:[0.3180], init state:[ 5  9 11  0  0  0  0  0], end state:[ 0  9 11  0  0  0  0  0]
INFO:Reinforcement.Functions:episode: 116, score:[2730.80], loss:[2.12874], sequence:[0], isInPoolRatio:[1.00], optActionSelectedRatio:[0.93], optActionInPoolButNotSelected:[0.05], random actions:[66], eInit:[0.3148], init state:[ 6 14 10  0  0  0  0  0], end state:[ 1 14 10  0  0  0  0  0]
INFO:Reinforcement.Functions:episode: 117, score:[2782.00], loss:[2.11409], sequence:[1], isInPoolRatio:[1.00], optActionSelectedRatio:[0.95], optActionInPoolButNotSelected:[0.03], random actions:[60], eInit:[0.3117], init state:[ 0  6 48  0  0  0  0  0], end state:[ 2  6 48  0  0  0  0  0]
INFO:Reinforcement.Functions:episode: 118, score:[2825.60], loss:[1.79164], sequence:[2], isInPoolRatio:[1.00], optActionSelectedRatio:[0.97], optActionInPoolButNotSelected:[0.01], random actions:[41], eInit:[0.3085], init state:[ 0 16 34  0  0  0  0  0], end state:[ 2 16 34  0  0  0  0  0]
INFO:Reinforcement.Functions:episode: 119, score:[2748.80], loss:[1.95875], sequence:[3], isInPoolRatio:[1.00], optActionSelectedRatio:[0.94], optActionInPoolButNotSelected:[0.04], random actions:[61], eInit:[0.3055], init state:[ 3 10 30  0  0  0  0  0], end state:[ 5 10 30  0  0  0  0  0]
INFO:Reinforcement.Functions:episode: 120, score:[2766.00], loss:[1.90629], sequence:[4], isInPoolRatio:[1.00], optActionSelectedRatio:[0.94], optActionInPoolButNotSelected:[0.04], random actions:[55], eInit:[0.3024], init state:[ 4 18 58  0  0  0  0  0], end state:[ 6 18 58  0  0  0  0  0]
INFO:Reinforcement.Functions:episode: 121, score:[2797.60], loss:[1.86465], sequence:[5], isInPoolRatio:[1.00], optActionSelectedRatio:[0.96], optActionInPoolButNotSelected:[0.02], random actions:[55], eInit:[0.2994], init state:[ 6 21 50  1  0  0  0  0], end state:[ 1 21 50  1  0  0  0  0]
INFO:Reinforcement.Functions:episode: 122, score:[2710.80], loss:[1.85818], sequence:[0], isInPoolRatio:[1.00], optActionSelectedRatio:[0.93], optActionInPoolButNotSelected:[0.06], random actions:[56], eInit:[0.2964], init state:[ 3 18 48  0  0  0  0  0], end state:[ 5 18 48  1  1  0  1  0]
INFO:Reinforcement.Functions:episode: 123, score:[2756.00], loss:[2.02580], sequence:[1], isInPoolRatio:[1.00], optActionSelectedRatio:[0.94], optActionInPoolButNotSelected:[0.04], random actions:[70], eInit:[0.2934], init state:[ 2  5 22  0  0  0  0  0], end state:[ 4  5 22  0  0  0  0  0]
INFO:Reinforcement.Functions:episode: 124, score:[2759.60], loss:[1.81763], sequence:[2], isInPoolRatio:[1.00], optActionSelectedRatio:[0.94], optActionInPoolButNotSelected:[0.05], random actions:[41], eInit:[0.2905], init state:[ 5 11 36  0  0  0  0  0], end state:[ 0 11 36  0  0  0  0  0]
INFO:Reinforcement.Functions:episode: 125, score:[2816.00], loss:[1.69888], sequence:[3], isInPoolRatio:[1.00], optActionSelectedRatio:[0.97], optActionInPoolButNotSelected:[0.01], random actions:[50], eInit:[0.2876], init state:[ 0  9 45  0  0  0  0  0], end state:[ 2  9 45  0  0  0  0  0]
INFO:Reinforcement.Functions:episode: 126, score:[2771.60], loss:[1.71376], sequence:[4], isInPoolRatio:[1.00], optActionSelectedRatio:[0.95], optActionInPoolButNotSelected:[0.03], random actions:[49], eInit:[0.2847], init state:[ 4 14 45  0  0  0  0  0], end state:[ 6 14 45  0  0  0  0  0]
INFO:Reinforcement.Functions:episode: 127, score:[2775.60], loss:[1.66637], sequence:[5], isInPoolRatio:[1.00], optActionSelectedRatio:[0.95], optActionInPoolButNotSelected:[0.04], random actions:[51], eInit:[0.2819], init state:[ 4 16 19  0  0  0  0  0], end state:[ 6 16 19  0  0  0  0  0]
INFO:Reinforcement.Functions:episode: 128, score:[2812.80], loss:[1.57349], sequence:[6], isInPoolRatio:[1.00], optActionSelectedRatio:[0.97], optActionInPoolButNotSelected:[0.01], random actions:[49], eInit:[0.2790], init state:[ 2  0 25  1  0  0  0  0], end state:[ 4  0 25  1  0  0  0  0]
INFO:Reinforcement.Functions:episode: 129, score:[2759.20], loss:[1.65267], sequence:[7], isInPoolRatio:[1.00], optActionSelectedRatio:[0.94], optActionInPoolButNotSelected:[0.04], random actions:[53], eInit:[0.2763], init state:[ 3 12 56  0  0  0  0  0], end state:[ 5 12 56  0  0  0  0  0]
INFO:Reinforcement.Functions:episode: 130, score:[2800.40], loss:[1.51845], sequence:[8], isInPoolRatio:[1.00], optActionSelectedRatio:[0.96], optActionInPoolButNotSelected:[0.02], random actions:[48], eInit:[0.2735], init state:[ 1 16 38  0  0  0  0  0], end state:[ 3 16 38  0  0  0  0  0]
INFO:Reinforcement.Functions:episode: 131, score:[2767.60], loss:[1.58330], sequence:[9], isInPoolRatio:[1.00], optActionSelectedRatio:[0.95], optActionInPoolButNotSelected:[0.03], random actions:[57], eInit:[0.2708], init state:[ 6 14 14  0  0  0  0  0], end state:[ 1 14 14  0  0  0  0  0]
INFO:Reinforcement.Functions:episode: 132, score:[2757.60], loss:[1.64284], sequence:[10], isInPoolRatio:[1.00], optActionSelectedRatio:[0.93], optActionInPoolButNotSelected:[0.06], random actions:[49], eInit:[0.2680], init state:[ 5 13 32  0  0  0  0  0], end state:[ 0 13 32  0  0  0  0  0]
INFO:Reinforcement.Functions:episode: 133, score:[2785.60], loss:[1.51203], sequence:[11], isInPoolRatio:[1.00], optActionSelectedRatio:[0.96], optActionInPoolButNotSelected:[0.03], random actions:[45], eInit:[0.2654], init state:[ 0  7 30  0  0  0  0  0], end state:[ 2  7 30  0  0  0  0  0]
INFO:Reinforcement.Functions:episode: 134, score:[2740.40], loss:[1.83017], sequence:[12], isInPoolRatio:[1.00], optActionSelectedRatio:[0.93], optActionInPoolButNotSelected:[0.05], random actions:[46], eInit:[0.2627], init state:[ 5 17 53  0  0  0  0  0], end state:[ 0 17 53  0  0  0  0  0]
INFO:Reinforcement.Functions:episode: 135, score:[2781.20], loss:[1.63516], sequence:[13], isInPoolRatio:[1.00], optActionSelectedRatio:[0.95], optActionInPoolButNotSelected:[0.04], random actions:[49], eInit:[0.2601], init state:[4 6 8 0 0 0 0 0], end state:[6 6 8 0 0 0 0 0]
INFO:Reinforcement.Functions:episode: 136, score:[2766.40], loss:[1.61503], sequence:[14], isInPoolRatio:[1.00], optActionSelectedRatio:[0.95], optActionInPoolButNotSelected:[0.03], random actions:[49], eInit:[0.2575], init state:[ 0 17 37  0  0  0  0  0], end state:[ 2 17 37  0  0  0  0  0]
INFO:Reinforcement.Functions:episode: 137, score:[2788.00], loss:[1.64991], sequence:[15], isInPoolRatio:[1.00], optActionSelectedRatio:[0.96], optActionInPoolButNotSelected:[0.03], random actions:[54], eInit:[0.2549], init state:[3 4 7 0 0 0 0 0], end state:[5 4 7 0 0 0 0 0]
INFO:Reinforcement.Functions:episode: 138, score:[2768.00], loss:[1.66764], sequence:[16], isInPoolRatio:[1.00], optActionSelectedRatio:[0.95], optActionInPoolButNotSelected:[0.02], random actions:[70], eInit:[0.2524], init state:[ 1 16 39  0  0  0  0  0], end state:[ 3 16 39  0  0  0  0  0]
INFO:Reinforcement.Functions:episode: 139, score:[2786.80], loss:[1.60856], sequence:[17], isInPoolRatio:[1.00], optActionSelectedRatio:[0.95], optActionInPoolButNotSelected:[0.03], random actions:[55], eInit:[0.2498], init state:[ 6 12  3  0  0  0  0  0], end state:[ 1 12  3  0  0  0  0  0]
INFO:Reinforcement.Functions:episode: 140, score:[2771.60], loss:[1.53155], sequence:[18], isInPoolRatio:[1.00], optActionSelectedRatio:[0.94], optActionInPoolButNotSelected:[0.04], random actions:[49], eInit:[0.2473], init state:[ 4 20 19  0  0  0  0  0], end state:[ 6 20 19  0  0  0  0  0]
INFO:Reinforcement.Functions:episode: 141, score:[2805.20], loss:[1.41413], sequence:[19], isInPoolRatio:[1.00], optActionSelectedRatio:[0.96], optActionInPoolButNotSelected:[0.03], random actions:[42], eInit:[0.2449], init state:[ 4 15 42  0  0  0  0  0], end state:[ 6 15 42  0  0  0  0  0]
INFO:Reinforcement.Functions:episode: 142, score:[2766.00], loss:[1.44799], sequence:[20], isInPoolRatio:[1.00], optActionSelectedRatio:[0.94], optActionInPoolButNotSelected:[0.04], random actions:[46], eInit:[0.2424], init state:[ 5  5 17  0  0  0  0  0], end state:[ 0  5 17  0  0  0  0  0]
INFO:Reinforcement.Functions:episode: 143, score:[2776.40], loss:[1.59813], sequence:[21], isInPoolRatio:[1.00], optActionSelectedRatio:[0.94], optActionInPoolButNotSelected:[0.04], random actions:[50], eInit:[0.2400], init state:[ 3 23 16  1  0  0  1  0], end state:[ 5 23 16  1  0  0  0  0]
INFO:Reinforcement.Functions:episode: 144, score:[2760.80], loss:[1.41570], sequence:[22], isInPoolRatio:[1.00], optActionSelectedRatio:[0.94], optActionInPoolButNotSelected:[0.04], random actions:[65], eInit:[0.2376], init state:[ 4 14 21  0  0  0  0  0], end state:[ 6 14 21  0  0  0  0  0]
INFO:Reinforcement.Functions:episode: 145, score:[2762.40], loss:[1.51853], sequence:[23], isInPoolRatio:[1.00], optActionSelectedRatio:[0.93], optActionInPoolButNotSelected:[0.05], random actions:[51], eInit:[0.2352], init state:[ 5 21 47  1  0  0  1  0], end state:[ 0 21 47  1  0  0  0  0]
INFO:Reinforcement.Functions:episode: 146, score:[2772.80], loss:[1.77497], sequence:[24], isInPoolRatio:[1.00], optActionSelectedRatio:[0.95], optActionInPoolButNotSelected:[0.03], random actions:[48], eInit:[0.2329], init state:[ 2 19 58  0  0  0  0  0], end state:[ 4 19 58  0  0  0  0  0]
INFO:Reinforcement.Functions:episode: 147, score:[2781.60], loss:[1.64008], sequence:[25], isInPoolRatio:[1.00], optActionSelectedRatio:[0.95], optActionInPoolButNotSelected:[0.04], random actions:[40], eInit:[0.2305], init state:[ 5 22 32  1  0  0  1  0], end state:[ 0 22 32  1  0  0  0  0]
INFO:Reinforcement.Functions:episode: 148, score:[2778.40], loss:[1.61812], sequence:[26], isInPoolRatio:[1.00], optActionSelectedRatio:[0.95], optActionInPoolButNotSelected:[0.03], random actions:[51], eInit:[0.2282], init state:[ 5 14 33  0  0  0  0  0], end state:[ 0 14 33  0  0  0  0  0]
INFO:Reinforcement.Functions:episode: 149, score:[2748.00], loss:[1.72118], sequence:[27], isInPoolRatio:[1.00], optActionSelectedRatio:[0.94], optActionInPoolButNotSelected:[0.05], random actions:[47], eInit:[0.2259], init state:[ 4 23  1  0  0  0  0  0], end state:[ 6 23  1  1  0  0  0  0]
INFO:Reinforcement.Functions:episode: 150, score:[2834.00], loss:[1.58415], sequence:[28], isInPoolRatio:[1.00], optActionSelectedRatio:[0.98], optActionInPoolButNotSelected:[0.01], random actions:[38], eInit:[0.2237], init state:[ 3 12 40  0  0  0  0  0], end state:[ 5 12 40  0  0  0  0  0]
INFO:Reinforcement.Functions:Saving [Actor] main model as [results/D-18-3-H-18-58-3/Actor-main-model-0.h5]
INFO:Reinforcement.Functions:Saving [Actor] target model as [results/D-18-3-H-18-58-3/Actor-target-model-0.h5]
INFO:Reinforcement.Functions:Saving [Critic] main model as [results/D-18-3-H-18-58-3/Critic-main-model-0.h5]
INFO:Reinforcement.Functions:Saving [Critic] target model as [results/D-18-3-H-18-58-3/Critic-target-model-0.h5]
INFO:Reinforcement.Functions:maxScore:(2833.999999999998, [150]) , maxSequence:(28, [150])
INFO:Reinforcement.Functions:episode: 151, score:[2784.80], loss:[1.62893], sequence:[29], isInPoolRatio:[1.00], optActionSelectedRatio:[0.96], optActionInPoolButNotSelected:[0.02], random actions:[56], eInit:[0.2215], init state:[ 5 20 37  1  0  0  0  0], end state:[ 0 20 37  1  1  0  0  0]
INFO:Reinforcement.Functions:episode: 152, score:[2783.20], loss:[1.55324], sequence:[30], isInPoolRatio:[1.00], optActionSelectedRatio:[0.95], optActionInPoolButNotSelected:[0.03], random actions:[48], eInit:[0.2192], init state:[ 6 11 44  0  0  0  0  0], end state:[ 1 11 44  0  0  0  0  0]
INFO:Reinforcement.Functions:episode: 153, score:[2771.20], loss:[1.81865], sequence:[31], isInPoolRatio:[1.00], optActionSelectedRatio:[0.95], optActionInPoolButNotSelected:[0.03], random actions:[49], eInit:[0.2170], init state:[ 4 21 52  0  0  0  0  0], end state:[ 6 21 52  1  0  0  0  0]
INFO:Reinforcement.Functions:episode: 154, score:[2810.80], loss:[1.56918], sequence:[32], isInPoolRatio:[1.00], optActionSelectedRatio:[0.97], optActionInPoolButNotSelected:[0.01], random actions:[48], eInit:[0.2149], init state:[ 6 14 10  0  0  0  0  0], end state:[ 1 14 10  0  0  0  0  0]
INFO:Reinforcement.Functions:episode: 155, score:[2770.80], loss:[1.62512], sequence:[33], isInPoolRatio:[1.00], optActionSelectedRatio:[0.95], optActionInPoolButNotSelected:[0.03], random actions:[51], eInit:[0.2127], init state:[ 6 20 51  1  1  0  1  0], end state:[ 1 20 51  1  1  0  1  0]
INFO:Reinforcement.Functions:episode: 156, score:[2729.60], loss:[1.78148], sequence:[0], isInPoolRatio:[1.00], optActionSelectedRatio:[0.93], optActionInPoolButNotSelected:[0.05], random actions:[51], eInit:[0.2106], init state:[ 3 20 57  1  1  0  1  0], end state:[ 5 20 57  1  0  0  1  0]
INFO:Reinforcement.Functions:episode: 157, score:[2792.00], loss:[1.58819], sequence:[1], isInPoolRatio:[1.00], optActionSelectedRatio:[0.96], optActionInPoolButNotSelected:[0.02], random actions:[44], eInit:[0.2085], init state:[ 0  6 44  0  0  0  0  0], end state:[ 2  6 44  0  0  0  0  0]
INFO:Reinforcement.Functions:episode: 158, score:[2806.80], loss:[1.56695], sequence:[2], isInPoolRatio:[1.00], optActionSelectedRatio:[0.97], optActionInPoolButNotSelected:[0.02], random actions:[45], eInit:[0.2064], init state:[ 0 11 54  0  0  0  0  0], end state:[ 2 11 54  0  0  0  0  0]
INFO:Reinforcement.Functions:episode: 159, score:[2794.40], loss:[1.57974], sequence:[3], isInPoolRatio:[1.00], optActionSelectedRatio:[0.96], optActionInPoolButNotSelected:[0.03], random actions:[47], eInit:[0.2043], init state:[ 1  2 14  0  0  0  0  0], end state:[ 3  2 14  0  0  0  0  0]
INFO:Reinforcement.Functions:episode: 160, score:[2792.40], loss:[1.49279], sequence:[4], isInPoolRatio:[1.00], optActionSelectedRatio:[0.96], optActionInPoolButNotSelected:[0.03], random actions:[53], eInit:[0.2023], init state:[ 1 21 45  1  0  0  0  0], end state:[ 3 21 45  1  0  0  0  0]
