INFO:__main__:policy:[{u'10': [{u'days': u'weekdays', u'times': [[u'21:00', u'23:29']]}, {u'days': [5], u'times': [[u'21:00', u'23:29']]}], u'6': [{u'days': u'weekdays', u'times': [[u'20:40', u'23:59'], [u'00:00', u'00:14']]}, {u'days': [4], u'times': [[u'00:00', u'00:14']]}, {u'days': [5], u'times': [[u'21:00', u'23:59']]}], u'weekdays': [0, 1, 2, 3, 6], u'Devices': [u'Room light1', u'Room light2', u'Room light3 (backdoor)'], u'days': [u'Monday', u'Tuesday', u'Wednesday', u'Thursday', u'Friday', u'Saturday', u'Sunday'], u'1': [{u'days': [0, 1, 2, 3, 6], u'times': [[u'08:30', u'08:59'], [u'20:30', u'21:29']]}, {u'days': [4], u'times': [[u'10:00', u'13:29']]}, {u'days': [5], u'times': [[u'18:00', u'18:59']]}], u'0': [{u'days': [0, 1, 2, 3, 6], u'times': [[u'00:00', u'00:29'], [u'08:00', u'08:59'], [u'20:30', u'23:59']]}, {u'days': [4], u'times': [[u'00:00', u'00:59'], [u'09:30', u'13:29']]}, {u'days': [5], u'times': [[u'18:00', u'23:59']]}], u'3': [{u'days': u'weekdays', u'times': [[u'08:30', u'08:44'], [u'20:45', u'21:29'], [u'23:15', u'23:44']]}, {u'days': [4], u'times': [[u'10:00', u'10:59'], [u'12:45', u'13:14']]}, {u'days': [5], u'times': [[u'18:00', u'19:59'], [u'21:00', u'23:14']]}], u'2': [{u'days': [0, 1, 2, 3, 6], u'times': [[u'00:30', u'01:09']]}, {u'days': [4], u'times': [[u'00:30', u'01:09']]}], u'5': [{u'days': u'weekdays', u'times': [[u'08:35', u'08:42'], [u'21:09', u'21:11'], [u'00:05', u'00:24']]}, {u'days': [4], u'times': [[u'10:18', u'10:29'], [u'00:05', u'00:24']]}, {u'days': [5], u'times': [[u'19:09', u'19:09'], [u'21:34', u'21:34']]}], u'4': [{u'days': u'weekdays', u'times': [[u'08:30', u'08:34'], [u'21:05', u'21:08']]}, {u'days': [4], u'times': [[u'10:10', u'10:17']]}, {u'days': [5], u'times': [[u'19:05', u'19:08'], [u'21:20', u'21:33']]}], u'7': [{u'days': u'weekdays', u'times': [[u'20:40', u'23:59'], [u'00:00', u'00:14']]}, {u'days': [4], u'times': [[u'00:00', u'00:14']]}, {u'days': [5], u'times': [[u'21:00', u'23:59']]}], u'Time format': u'%H:%M', u'9': [{u'days': u'weekdays', u'times': [[u'09:00', u'09:00'], [u'20:30', u'20:30']]}, {u'days': [4], u'times': [[u'13:29', u'13:29']]}, {u'days': [5], u'times': [[u'18:00', u'18:00']]}], u'8': [{u'days': u'weekdays', u'times': [[u'20:31', u'20:54']]}, {u'days': [5], u'times': [[u'18:00', u'18:59']]}], u'weekend': [4, 5]}]
INFO:__main__:args:[{'random': True, 'gpuFrac': 0.3, 'sequential': False, 'gpuNum': 6, 'settings': 'settings.json'}]
INFO:__main__:agent:[{'epsilon_decay': 0.99, 'nBackups': 3, 'epsilon': 1.0, 'learning_rate': 0.001, 'curBackupIdx': 0, 'epsilon_min': 0.01, 'gamma': 0.95}]
INFO:__main__:settings:[{u'minGameScoreRatio': 0.85, u'batchSize': 128, u'nGamesPerSave': 100, u'nEpochs': 10, u'minGameSequence': 500, u'nModelBackups': 3, u'gameMinutesLength': 2880, u'trainSetSize': 50000, u'dequeSize': 50000}]
INFO:__main__:Saving model as [results/D-6-3-H-14-17-38/model-0.h5]
INFO:__main__:_________________________________________________________________
INFO:__main__:Layer (type)                 Output Shape              Param #   
INFO:__main__:=================================================================
INFO:__main__:lstm_1 (LSTM)                (None, 10, 256)           269312    
INFO:__main__:_________________________________________________________________
INFO:__main__:lstm_2 (LSTM)                (None, 128)               197120    
INFO:__main__:_________________________________________________________________
INFO:__main__:dense_1 (Dense)              (None, 8)                 1032      
INFO:__main__:=================================================================
INFO:__main__:Total params: 467,464
INFO:__main__:Trainable params: 467,464
INFO:__main__:Non-trainable params: 0
INFO:__main__:_________________________________________________________________
INFO:__main__:episode: 1, score:[22.67], loss:[0.04404], sequence:[0], random actions:[2880], e:[0.9900], init state:[[ 5  5 30  0  0  0]]
INFO:__main__:episode: 2, score:[-5.33], loss:[0.04193], sequence:[0], random actions:[2849], e:[0.9801], init state:[[ 0 18 13  0  0  0]]
INFO:__main__:episode: 3, score:[55.33], loss:[0.03743], sequence:[0], random actions:[2833], e:[0.9703], init state:[[ 4  9 34  1  0  0]]
INFO:__main__:episode: 4, score:[84.00], loss:[0.03562], sequence:[0], random actions:[2787], e:[0.9606], init state:[[ 3  7 52  0  0  0]]
INFO:__main__:episode: 5, score:[72.67], loss:[0.03432], sequence:[0], random actions:[2786], e:[0.9510], init state:[[ 4  3 34  0  0  0]]
INFO:__main__:episode: 6, score:[115.33], loss:[0.03592], sequence:[0], random actions:[2742], e:[0.9415], init state:[[ 5  0 56  0  0  0]]
INFO:__main__:episode: 7, score:[97.33], loss:[0.03855], sequence:[0], random actions:[2725], e:[0.9321], init state:[[ 2 16 41  0  0  0]]
INFO:__main__:episode: 8, score:[157.33], loss:[0.04138], sequence:[0], random actions:[2692], e:[0.9227], init state:[[ 6 10 46  0  0  0]]
INFO:__main__:episode: 9, score:[203.33], loss:[0.04560], sequence:[0], random actions:[2670], e:[0.9135], init state:[[ 0  2 10  0  0  0]]
INFO:__main__:episode: 10, score:[209.33], loss:[0.05181], sequence:[0], random actions:[2623], e:[0.9044], init state:[[1 2 6 0 0 0]]
INFO:__main__:episode: 11, score:[240.67], loss:[0.05704], sequence:[0], random actions:[2615], e:[0.8953], init state:[[ 2 21 45  1  0  0]]
INFO:__main__:episode: 12, score:[222.00], loss:[0.06209], sequence:[0], random actions:[2597], e:[0.8864], init state:[[ 5  7 29  0  0  0]]
INFO:__main__:episode: 13, score:[219.33], loss:[0.06885], sequence:[0], random actions:[2547], e:[0.8775], init state:[[ 1  8 50  1  1  0]]
INFO:__main__:episode: 14, score:[326.00], loss:[0.07539], sequence:[0], random actions:[2504], e:[0.8687], init state:[[ 6 21 23  1  1  0]]
INFO:__main__:episode: 15, score:[296.00], loss:[0.08381], sequence:[0], random actions:[2512], e:[0.8601], init state:[[ 2 22  4  1  0  0]]
INFO:__main__:episode: 16, score:[393.33], loss:[0.09096], sequence:[0], random actions:[2442], e:[0.8515], init state:[[ 1 11 47  0  0  0]]
INFO:__main__:episode: 17, score:[300.67], loss:[0.09708], sequence:[0], random actions:[2478], e:[0.8429], init state:[[5 3 8 0 0 0]]
INFO:__main__:episode: 18, score:[321.33], loss:[0.10690], sequence:[0], random actions:[2454], e:[0.8345], init state:[[ 5  0 45  0  0  0]]
INFO:__main__:episode: 19, score:[408.00], loss:[0.11146], sequence:[0], random actions:[2368], e:[0.8262], init state:[[ 5  2 59  0  0  0]]
INFO:__main__:episode: 20, score:[391.33], loss:[0.11675], sequence:[0], random actions:[2389], e:[0.8179], init state:[[ 6  2 17  0  0  0]]
INFO:__main__:episode: 21, score:[413.33], loss:[0.12281], sequence:[0], random actions:[2333], e:[0.8097], init state:[[ 2 23 31  1  0  0]]
INFO:__main__:episode: 22, score:[448.00], loss:[0.12833], sequence:[0], random actions:[2380], e:[0.8016], init state:[[ 6 13 20  0  0  0]]
INFO:__main__:episode: 23, score:[473.33], loss:[0.13792], sequence:[0], random actions:[2300], e:[0.7936], init state:[[ 6 12 48  0  0  0]]
INFO:__main__:episode: 24, score:[464.67], loss:[0.14375], sequence:[0], random actions:[2280], e:[0.7857], init state:[[ 1 21 26  1  1  0]]
INFO:__main__:episode: 25, score:[526.00], loss:[0.15181], sequence:[0], random actions:[2248], e:[0.7778], init state:[[ 6  0 35  0  0  1]]
INFO:__main__:episode: 26, score:[528.67], loss:[0.15716], sequence:[0], random actions:[2231], e:[0.7700], init state:[[ 3  5 13  0  0  0]]
INFO:__main__:episode: 27, score:[559.33], loss:[0.16415], sequence:[0], random actions:[2216], e:[0.7623], init state:[[ 3  2 53  0  0  0]]
INFO:__main__:episode: 28, score:[502.67], loss:[0.16837], sequence:[0], random actions:[2193], e:[0.7547], init state:[[ 5 10 14  0  0  0]]
INFO:__main__:episode: 29, score:[489.33], loss:[0.17551], sequence:[0], random actions:[2198], e:[0.7472], init state:[[ 2  5 51  0  0  0]]
INFO:__main__:episode: 30, score:[524.00], loss:[0.18520], sequence:[0], random actions:[2190], e:[0.7397], init state:[[ 5  8 47  0  0  0]]
INFO:__main__:episode: 31, score:[538.67], loss:[0.19457], sequence:[0], random actions:[2137], e:[0.7323], init state:[[ 2 18  7  0  0  0]]
INFO:__main__:episode: 32, score:[584.67], loss:[0.20430], sequence:[0], random actions:[2107], e:[0.7250], init state:[[ 5  6 25  0  0  0]]
INFO:__main__:episode: 33, score:[595.33], loss:[0.21109], sequence:[0], random actions:[2078], e:[0.7177], init state:[[6 3 6 0 0 0]]
INFO:__main__:episode: 34, score:[586.00], loss:[0.21974], sequence:[0], random actions:[2085], e:[0.7106], init state:[[ 1 21 44  1  0  0]]
INFO:__main__:episode: 35, score:[717.33], loss:[0.23146], sequence:[0], random actions:[2042], e:[0.7034], init state:[[ 5 20 40  1  0  0]]
INFO:__main__:episode: 36, score:[704.00], loss:[0.23966], sequence:[0], random actions:[2014], e:[0.6964], init state:[[ 1  4 55  0  0  0]]
INFO:__main__:episode: 37, score:[572.00], loss:[0.24443], sequence:[0], random actions:[2040], e:[0.6894], init state:[[ 2 20  4  0  0  0]]
INFO:__main__:episode: 38, score:[599.33], loss:[0.24936], sequence:[0], random actions:[1991], e:[0.6826], init state:[[ 2 18 46  0  0  0]]
INFO:__main__:episode: 39, score:[695.33], loss:[0.26162], sequence:[0], random actions:[1988], e:[0.6757], init state:[[ 0  8 13  1  0  0]]
INFO:__main__:episode: 40, score:[698.00], loss:[0.27317], sequence:[0], random actions:[1985], e:[0.6690], init state:[[ 1  6 59  0  0  0]]
INFO:__main__:episode: 41, score:[662.67], loss:[0.28256], sequence:[0], random actions:[1955], e:[0.6623], init state:[[ 4  7 16  0  0  0]]
INFO:__main__:episode: 42, score:[772.00], loss:[0.28385], sequence:[0], random actions:[1855], e:[0.6557], init state:[[ 6  2 45  0  0  0]]
INFO:__main__:episode: 43, score:[757.33], loss:[0.29159], sequence:[0], random actions:[1871], e:[0.6491], init state:[[ 5 17 21  0  0  0]]
INFO:__main__:episode: 44, score:[813.33], loss:[0.30344], sequence:[0], random actions:[1863], e:[0.6426], init state:[[ 0  2 20  0  0  0]]
INFO:__main__:episode: 45, score:[816.67], loss:[0.31704], sequence:[0], random actions:[1869], e:[0.6362], init state:[[ 6  4 58  0  0  0]]
INFO:__main__:episode: 46, score:[794.67], loss:[0.31751], sequence:[0], random actions:[1862], e:[0.6298], init state:[[ 1 23 36  1  0  0]]
INFO:__main__:episode: 47, score:[834.67], loss:[0.31401], sequence:[0], random actions:[1843], e:[0.6235], init state:[[0 5 3 0 0 0]]
INFO:__main__:episode: 48, score:[877.33], loss:[0.31543], sequence:[0], random actions:[1777], e:[0.6173], init state:[[ 3 18 36  0  0  0]]
INFO:__main__:episode: 49, score:[943.33], loss:[0.31431], sequence:[0], random actions:[1769], e:[0.6111], init state:[[ 4 12 37  1  1  0]]
INFO:__main__:episode: 50, score:[816.67], loss:[0.32074], sequence:[0], random actions:[1781], e:[0.6050], init state:[[ 3  3 38  0  0  0]]
INFO:__main__:episode: 51, score:[810.00], loss:[0.32037], sequence:[0], random actions:[1727], e:[0.5990], init state:[[ 2 20 37  1  1  0]]
INFO:__main__:episode: 52, score:[911.33], loss:[0.32727], sequence:[0], random actions:[1742], e:[0.5930], init state:[[ 0 23  4  1  0  0]]
INFO:__main__:episode: 53, score:[912.00], loss:[0.32010], sequence:[0], random actions:[1693], e:[0.5870], init state:[[3 6 1 0 0 0]]
INFO:__main__:episode: 54, score:[968.00], loss:[0.31522], sequence:[0], random actions:[1662], e:[0.5812], init state:[[6 4 6 0 0 0]]
INFO:__main__:episode: 55, score:[919.33], loss:[0.30952], sequence:[0], random actions:[1685], e:[0.5754], init state:[[ 4 10 36  1  1  0]]
INFO:__main__:episode: 56, score:[965.33], loss:[0.31004], sequence:[0], random actions:[1653], e:[0.5696], init state:[[ 6  0 19  1  0  0]]
INFO:__main__:episode: 57, score:[879.33], loss:[0.30274], sequence:[0], random actions:[1671], e:[0.5639], init state:[[ 2 22 22  1  0  0]]
INFO:__main__:episode: 58, score:[843.33], loss:[0.29476], sequence:[0], random actions:[1663], e:[0.5583], init state:[[ 2 13 29  0  0  0]]
INFO:__main__:episode: 59, score:[989.33], loss:[0.29409], sequence:[0], random actions:[1614], e:[0.5527], init state:[[ 1 13 51  0  0  0]]
INFO:__main__:episode: 60, score:[940.00], loss:[0.30376], sequence:[0], random actions:[1591], e:[0.5472], init state:[[ 2 16 30  0  0  0]]
INFO:__main__:episode: 61, score:[1054.00], loss:[0.31093], sequence:[0], random actions:[1594], e:[0.5417], init state:[[ 4 16 52  0  0  0]]
INFO:__main__:episode: 62, score:[1014.67], loss:[0.30582], sequence:[0], random actions:[1588], e:[0.5363], init state:[[5 2 1 0 0 0]]
INFO:__main__:episode: 63, score:[1050.00], loss:[0.30564], sequence:[0], random actions:[1557], e:[0.5309], init state:[[6 3 0 0 0 0]]
INFO:__main__:episode: 64, score:[1002.00], loss:[0.30422], sequence:[0], random actions:[1497], e:[0.5256], init state:[[ 2 20 31  1  1  0]]
INFO:__main__:episode: 65, score:[1077.33], loss:[0.30037], sequence:[0], random actions:[1526], e:[0.5203], init state:[[ 0 13  3  0  0  0]]
INFO:__main__:episode: 66, score:[987.33], loss:[0.30217], sequence:[0], random actions:[1498], e:[0.5151], init state:[[ 2 18 11  0  0  0]]
INFO:__main__:episode: 67, score:[1136.00], loss:[0.30300], sequence:[0], random actions:[1469], e:[0.5100], init state:[[ 6 20 18  0  0  0]]
INFO:__main__:episode: 68, score:[1136.00], loss:[0.29664], sequence:[0], random actions:[1475], e:[0.5049], init state:[[3 1 8 0 0 1]]
INFO:__main__:episode: 69, score:[1148.67], loss:[0.30085], sequence:[0], random actions:[1494], e:[0.4998], init state:[[ 4 11 47  1  1  0]]
INFO:__main__:episode: 70, score:[1177.33], loss:[0.29667], sequence:[0], random actions:[1413], e:[0.4948], init state:[[6 8 0 1 0 0]]
INFO:__main__:episode: 71, score:[1200.67], loss:[0.30004], sequence:[0], random actions:[1380], e:[0.4899], init state:[[ 3  3 46  0  0  0]]
INFO:__main__:episode: 72, score:[1173.33], loss:[0.30119], sequence:[0], random actions:[1385], e:[0.4850], init state:[[ 6  1 34  0  0  0]]
INFO:__main__:episode: 73, score:[1190.00], loss:[0.29859], sequence:[0], random actions:[1388], e:[0.4801], init state:[[ 2  0 31  0  0  1]]
INFO:__main__:episode: 74, score:[1168.67], loss:[0.30064], sequence:[0], random actions:[1371], e:[0.4753], init state:[[ 6 15 30  0  0  0]]
INFO:__main__:episode: 75, score:[1152.00], loss:[0.29892], sequence:[0], random actions:[1333], e:[0.4706], init state:[[ 6  1 15  0  0  0]]
INFO:__main__:episode: 76, score:[1189.33], loss:[0.29811], sequence:[0], random actions:[1355], e:[0.4659], init state:[[ 6 13 21  0  0  0]]
INFO:__main__:episode: 77, score:[1203.33], loss:[0.30436], sequence:[0], random actions:[1353], e:[0.4612], init state:[[ 1  2 21  0  0  0]]
INFO:__main__:episode: 78, score:[1246.67], loss:[0.30102], sequence:[0], random actions:[1302], e:[0.4566], init state:[[ 2  0 26  1  0  0]]
INFO:__main__:episode: 79, score:[1230.00], loss:[0.31475], sequence:[0], random actions:[1310], e:[0.4520], init state:[[2 4 1 0 0 0]]
INFO:__main__:episode: 80, score:[1228.00], loss:[0.32450], sequence:[0], random actions:[1313], e:[0.4475], init state:[[2 0 8 1 0 0]]
INFO:__main__:episode: 81, score:[1228.00], loss:[0.32352], sequence:[0], random actions:[1305], e:[0.4430], init state:[[ 3 23 19  1  0  0]]
INFO:__main__:episode: 82, score:[1281.33], loss:[0.31649], sequence:[0], random actions:[1263], e:[0.4386], init state:[[ 3 17 21  0  0  0]]
INFO:__main__:episode: 83, score:[1210.67], loss:[0.32306], sequence:[0], random actions:[1289], e:[0.4342], init state:[[ 5  9 53  0  0  0]]
INFO:__main__:episode: 84, score:[1283.33], loss:[0.34709], sequence:[0], random actions:[1206], e:[0.4299], init state:[[ 1  2 47  0  0  0]]
INFO:__main__:episode: 85, score:[1287.33], loss:[0.31547], sequence:[0], random actions:[1259], e:[0.4256], init state:[[ 2 10 31  0  0  0]]
INFO:__main__:episode: 86, score:[1307.33], loss:[0.34659], sequence:[0], random actions:[1224], e:[0.4213], init state:[[ 6  9 50  0  0  0]]
INFO:__main__:episode: 87, score:[1300.00], loss:[0.33586], sequence:[0], random actions:[1246], e:[0.4171], init state:[[ 6 17 14  0  0  0]]
INFO:__main__:episode: 88, score:[1290.00], loss:[0.34282], sequence:[0], random actions:[1228], e:[0.4129], init state:[[ 3  3 56  0  0  0]]
INFO:__main__:episode: 89, score:[1325.33], loss:[0.37100], sequence:[0], random actions:[1173], e:[0.4088], init state:[[ 3 15 48  0  0  0]]
INFO:__main__:episode: 90, score:[1335.33], loss:[0.36366], sequence:[0], random actions:[1191], e:[0.4047], init state:[[ 4 10 45  1  1  0]]
INFO:__main__:episode: 91, score:[1313.33], loss:[0.37293], sequence:[0], random actions:[1193], e:[0.4007], init state:[[ 1 14  6  0  0  0]]
INFO:__main__:episode: 92, score:[1195.33], loss:[0.38041], sequence:[0], random actions:[1175], e:[0.3967], init state:[[ 2 20 41  1  1  0]]
INFO:__main__:episode: 93, score:[1380.67], loss:[0.37159], sequence:[0], random actions:[1169], e:[0.3927], init state:[[ 1 11 29  0  0  0]]
INFO:__main__:episode: 94, score:[1372.00], loss:[0.36564], sequence:[0], random actions:[1134], e:[0.3888], init state:[[ 3  3 46  0  0  0]]
INFO:__main__:episode: 95, score:[1420.67], loss:[0.38922], sequence:[0], random actions:[1080], e:[0.3849], init state:[[ 6  5 27  0  0  0]]
INFO:__main__:episode: 96, score:[1437.33], loss:[0.36565], sequence:[0], random actions:[1086], e:[0.3810], init state:[[ 1  8 50  1  1  0]]
INFO:__main__:episode: 97, score:[1364.67], loss:[0.36204], sequence:[0], random actions:[1143], e:[0.3772], init state:[[ 6  1 58  0  0  0]]
INFO:__main__:episode: 98, score:[1440.67], loss:[0.39894], sequence:[0], random actions:[1087], e:[0.3735], init state:[[ 6 13 15  0  0  0]]
INFO:__main__:episode: 99, score:[1406.67], loss:[0.37307], sequence:[0], random actions:[1116], e:[0.3697], init state:[[ 3 12  0  0  0  0]]
INFO:__main__:episode: 100, score:[1398.67], loss:[0.39597], sequence:[0], random actions:[1102], e:[0.3660], init state:[[ 0  5 41  0  0  0]]
INFO:__main__:Saving model as [results/D-6-3-H-14-17-38/model-1.h5]
INFO:__main__:maxScore:(1440.6666666666692, [98]) , maxSequence:(0, [1, 2, 3, 4, 5, 6, 7, 8, 9, 10, 11, 12, 13, 14, 15, 16, 17, 18, 19, 20, 21, 22, 23, 24, 25, 26, 27, 28, 29, 30, 31, 32, 33, 34, 35, 36, 37, 38, 39, 40, 41, 42, 43, 44, 45, 46, 47, 48, 49, 50, 51, 52, 53, 54, 55, 56, 57, 58, 59, 60, 61, 62, 63, 64, 65, 66, 67, 68, 69, 70, 71, 72, 73, 74, 75, 76, 77, 78, 79, 80, 81, 82, 83, 84, 85, 86, 87, 88, 89, 90, 91, 92, 93, 94, 95, 96, 97, 98, 99, 100])
INFO:__main__:episode: 101, score:[150.00], loss:[534.22156], sequence:[0], random actions:[1045], e:[0.3624], init state:[[ 6 21 21  1  1  0]]
INFO:__main__:episode: 102, score:[-6.00], loss:[12.20165], sequence:[0], random actions:[1024], e:[0.3587], init state:[[2 9 1 0 0 0]]
INFO:__main__:episode: 103, score:[3.33], loss:[1.66938], sequence:[0], random actions:[1043], e:[0.3552], init state:[[ 3  5 22  0  0  0]]
INFO:__main__:episode: 104, score:[-16.67], loss:[1.25867], sequence:[0], random actions:[998], e:[0.3516], init state:[[ 1 10 32  0  0  0]]
INFO:__main__:episode: 105, score:[46.00], loss:[0.31157], sequence:[0], random actions:[1018], e:[0.3481], init state:[[ 0 17 29  0  0  0]]
INFO:__main__:episode: 106, score:[45.33], loss:[0.16332], sequence:[0], random actions:[1012], e:[0.3446], init state:[[ 5 11 55  0  0  0]]
INFO:__main__:episode: 107, score:[-7.33], loss:[1.35848], sequence:[0], random actions:[973], e:[0.3412], init state:[[ 6 22 29  1  0  0]]
INFO:__main__:episode: 108, score:[24.67], loss:[0.81256], sequence:[0], random actions:[989], e:[0.3378], init state:[[ 6  1 28  0  0  0]]
INFO:__main__:episode: 109, score:[29.33], loss:[0.41137], sequence:[0], random actions:[952], e:[0.3344], init state:[[ 0 21 15  1  1  0]]
INFO:__main__:episode: 110, score:[26.00], loss:[0.08892], sequence:[0], random actions:[948], e:[0.3310], init state:[[ 2 13 21  0  0  0]]
INFO:__main__:episode: 111, score:[10.00], loss:[0.53186], sequence:[0], random actions:[928], e:[0.3277], init state:[[ 0  0 50  0  0  1]]
INFO:__main__:episode: 112, score:[-26.67], loss:[0.11632], sequence:[0], random actions:[975], e:[0.3244], init state:[[ 3  0 58  0  0  1]]
INFO:__main__:episode: 113, score:[26.67], loss:[0.37656], sequence:[0], random actions:[938], e:[0.3212], init state:[[0 7 5 0 0 0]]
INFO:__main__:episode: 114, score:[-36.00], loss:[0.07119], sequence:[0], random actions:[955], e:[0.3180], init state:[[ 4 15  5  0  0  0]]
INFO:__main__:episode: 115, score:[-1.33], loss:[0.06484], sequence:[0], random actions:[870], e:[0.3148], init state:[[ 5  7 36  0  0  0]]
INFO:__main__:episode: 116, score:[27.33], loss:[0.06571], sequence:[0], random actions:[910], e:[0.3117], init state:[[ 2  6 47  0  0  0]]
INFO:__main__:episode: 117, score:[67.33], loss:[0.08366], sequence:[0], random actions:[867], e:[0.3085], init state:[[ 0 20 39  1  1  0]]
INFO:__main__:episode: 118, score:[-42.67], loss:[0.44413], sequence:[0], random actions:[879], e:[0.3055], init state:[[ 5 12  0  0  0  0]]
INFO:__main__:episode: 119, score:[31.33], loss:[0.06248], sequence:[0], random actions:[825], e:[0.3024], init state:[[1 5 4 0 0 0]]
INFO:__main__:episode: 120, score:[10.67], loss:[0.06241], sequence:[0], random actions:[876], e:[0.2994], init state:[[5 7 1 0 0 0]]
INFO:__main__:episode: 121, score:[328.67], loss:[0.76320], sequence:[0], random actions:[867], e:[0.2964], init state:[[ 6  4 16  0  0  0]]
INFO:__main__:episode: 122, score:[258.00], loss:[0.06238], sequence:[0], random actions:[820], e:[0.2934], init state:[[ 3 23 51  1  0  0]]
INFO:__main__:episode: 123, score:[909.33], loss:[0.18586], sequence:[0], random actions:[864], e:[0.2905], init state:[[ 6 15 40  0  0  0]]
INFO:__main__:episode: 124, score:[986.00], loss:[0.05754], sequence:[0], random actions:[803], e:[0.2876], init state:[[ 6  9 33  0  0  0]]
INFO:__main__:episode: 125, score:[1078.67], loss:[0.05381], sequence:[0], random actions:[815], e:[0.2847], init state:[[ 6 23 28  1  0  0]]
INFO:__main__:episode: 126, score:[1161.33], loss:[0.04845], sequence:[0], random actions:[800], e:[0.2819], init state:[[ 0  9 15  0  0  0]]
INFO:__main__:episode: 127, score:[1198.67], loss:[0.04410], sequence:[0], random actions:[845], e:[0.2790], init state:[[ 1 15 56  0  0  0]]
INFO:__main__:episode: 128, score:[1025.33], loss:[0.05455], sequence:[0], random actions:[773], e:[0.2763], init state:[[ 2  5 15  0  0  0]]
INFO:__main__:episode: 129, score:[1203.33], loss:[0.03814], sequence:[0], random actions:[782], e:[0.2735], init state:[[ 6 18 53  0  0  0]]
INFO:__main__:episode: 130, score:[1317.33], loss:[0.03422], sequence:[0], random actions:[809], e:[0.2708], init state:[[ 5 22 56  1  0  0]]
INFO:__main__:episode: 131, score:[1515.33], loss:[0.03650], sequence:[0], random actions:[774], e:[0.2680], init state:[[ 5 15 43  0  0  0]]
INFO:__main__:episode: 132, score:[1630.67], loss:[0.05200], sequence:[0], random actions:[784], e:[0.2654], init state:[[ 3 21 48  1  0  0]]
INFO:__main__:episode: 133, score:[1626.00], loss:[0.03215], sequence:[0], random actions:[763], e:[0.2627], init state:[[4 0 7 1 0 0]]
INFO:__main__:episode: 134, score:[1662.67], loss:[0.03600], sequence:[0], random actions:[745], e:[0.2601], init state:[[2 5 4 0 0 0]]
INFO:__main__:episode: 135, score:[1608.00], loss:[0.03002], sequence:[0], random actions:[742], e:[0.2575], init state:[[ 5  9 39  0  0  0]]
INFO:__main__:episode: 136, score:[1654.00], loss:[0.02761], sequence:[0], random actions:[758], e:[0.2549], init state:[[ 1 18 27  0  0  0]]
INFO:__main__:episode: 137, score:[1658.00], loss:[0.03105], sequence:[0], random actions:[748], e:[0.2524], init state:[[ 0 16 15  0  0  0]]
INFO:__main__:episode: 138, score:[1723.33], loss:[0.03251], sequence:[0], random actions:[669], e:[0.2498], init state:[[ 1 15 39  0  0  0]]
INFO:__main__:episode: 139, score:[1696.00], loss:[0.04207], sequence:[0], random actions:[719], e:[0.2473], init state:[[ 6  5 37  0  0  0]]
INFO:__main__:episode: 140, score:[1622.67], loss:[0.12839], sequence:[0], random actions:[702], e:[0.2449], init state:[[ 2 22  8  1  0  0]]
INFO:__main__:episode: 141, score:[1696.00], loss:[0.04708], sequence:[0], random actions:[739], e:[0.2424], init state:[[ 0 18 50  0  0  0]]
INFO:__main__:episode: 142, score:[1744.67], loss:[0.05632], sequence:[0], random actions:[691], e:[0.2400], init state:[[ 2  9 18  0  0  0]]
INFO:__main__:episode: 143, score:[1695.33], loss:[0.14538], sequence:[0], random actions:[679], e:[0.2376], init state:[[ 2  7 49  0  0  0]]
INFO:__main__:episode: 144, score:[1727.33], loss:[0.07973], sequence:[0], random actions:[683], e:[0.2352], init state:[[ 0 15 48  0  0  0]]
INFO:__main__:episode: 145, score:[1714.00], loss:[0.09623], sequence:[0], random actions:[661], e:[0.2329], init state:[[ 1  8 25  1  0  0]]
INFO:__main__:episode: 146, score:[1742.00], loss:[0.11106], sequence:[0], random actions:[662], e:[0.2305], init state:[[ 0 16 44  0  0  0]]
INFO:__main__:episode: 147, score:[1556.67], loss:[0.07237], sequence:[0], random actions:[616], e:[0.2282], init state:[[ 2 17 34  0  0  0]]
INFO:__main__:episode: 148, score:[1857.33], loss:[0.24626], sequence:[0], random actions:[660], e:[0.2259], init state:[[ 4 13 52  0  0  0]]
INFO:__main__:episode: 149, score:[1690.00], loss:[0.17849], sequence:[0], random actions:[656], e:[0.2237], init state:[[ 4  4 24  0  0  0]]
INFO:__main__:episode: 150, score:[1720.67], loss:[0.10083], sequence:[0], random actions:[647], e:[0.2215], init state:[[ 0 23 13  1  0  0]]
INFO:__main__:episode: 151, score:[1731.33], loss:[0.31256], sequence:[0], random actions:[618], e:[0.2192], init state:[[ 3  6 12  0  0  0]]
INFO:__main__:episode: 152, score:[1746.00], loss:[0.50216], sequence:[0], random actions:[634], e:[0.2170], init state:[[ 2  3 43  0  0  0]]
INFO:__main__:episode: 153, score:[1670.67], loss:[0.11713], sequence:[0], random actions:[660], e:[0.2149], init state:[[ 4  3 23  0  0  0]]
INFO:__main__:episode: 154, score:[1796.67], loss:[3.82715], sequence:[0], random actions:[619], e:[0.2127], init state:[[ 6 11 14  0  0  0]]
INFO:__main__:episode: 155, score:[1703.33], loss:[0.94315], sequence:[0], random actions:[639], e:[0.2106], init state:[[ 6 13 39  0  0  0]]
INFO:__main__:episode: 156, score:[1738.67], loss:[0.18786], sequence:[0], random actions:[592], e:[0.2085], init state:[[ 4  5 11  0  0  0]]
INFO:__main__:episode: 157, score:[1712.67], loss:[0.10716], sequence:[0], random actions:[608], e:[0.2064], init state:[[ 5 15 32  0  0  0]]
INFO:__main__:episode: 158, score:[1740.00], loss:[0.13368], sequence:[0], random actions:[641], e:[0.2043], init state:[[ 1 17 13  0  0  0]]
INFO:__main__:episode: 159, score:[1778.00], loss:[0.10255], sequence:[0], random actions:[548], e:[0.2023], init state:[[ 4  2 31  0  0  0]]
INFO:__main__:episode: 160, score:[1791.33], loss:[0.11436], sequence:[0], random actions:[536], e:[0.2003], init state:[[ 4  5 21  0  0  0]]
INFO:__main__:episode: 161, score:[1816.00], loss:[0.16425], sequence:[0], random actions:[571], e:[0.1983], init state:[[ 6 14 36  0  0  0]]
INFO:__main__:episode: 162, score:[1652.67], loss:[0.12840], sequence:[0], random actions:[542], e:[0.1963], init state:[[ 2 12 47  0  0  0]]
INFO:__main__:episode: 163, score:[1824.00], loss:[0.11826], sequence:[0], random actions:[562], e:[0.1943], init state:[[ 2 10 21  0  0  0]]
INFO:__main__:episode: 164, score:[1794.00], loss:[0.12018], sequence:[0], random actions:[568], e:[0.1924], init state:[[ 0 17 36  0  0  0]]
INFO:__main__:episode: 165, score:[1880.00], loss:[0.25114], sequence:[0], random actions:[565], e:[0.1905], init state:[[ 4 12 24  1  1  0]]
INFO:__main__:episode: 166, score:[1843.33], loss:[0.31354], sequence:[0], random actions:[548], e:[0.1886], init state:[[ 6 16 20  0  0  0]]
INFO:__main__:episode: 167, score:[1797.33], loss:[6.67413], sequence:[0], random actions:[569], e:[0.1867], init state:[[ 3 10 29  0  0  0]]
INFO:__main__:episode: 168, score:[1597.33], loss:[0.11596], sequence:[0], random actions:[550], e:[0.1848], init state:[[ 2 15 57  0  0  0]]
INFO:__main__:episode: 169, score:[1548.00], loss:[0.38215], sequence:[0], random actions:[548], e:[0.1830], init state:[[ 4 18 53  0  0  0]]
INFO:__main__:episode: 170, score:[1816.67], loss:[0.59604], sequence:[0], random actions:[512], e:[0.1811], init state:[[ 0 17 33  0  0  0]]
INFO:__main__:episode: 171, score:[1107.33], loss:[0.37377], sequence:[0], random actions:[524], e:[0.1793], init state:[[ 5 12 55  0  0  0]]
INFO:__main__:episode: 172, score:[628.67], loss:[0.56807], sequence:[0], random actions:[507], e:[0.1775], init state:[[ 4  4 55  0  0  0]]
INFO:__main__:episode: 173, score:[538.00], loss:[0.46473], sequence:[0], random actions:[509], e:[0.1757], init state:[[ 3 21 23  1  1  0]]
INFO:__main__:episode: 174, score:[448.67], loss:[0.16611], sequence:[0], random actions:[490], e:[0.1740], init state:[[ 0 17 36  0  0  0]]
INFO:__main__:episode: 175, score:[3.33], loss:[0.19114], sequence:[0], random actions:[500], e:[0.1722], init state:[[ 3 23 15  1  0  0]]
INFO:__main__:episode: 176, score:[278.67], loss:[0.12758], sequence:[0], random actions:[456], e:[0.1705], init state:[[3 2 9 0 0 0]]
INFO:__main__:episode: 177, score:[221.33], loss:[0.09948], sequence:[0], random actions:[519], e:[0.1688], init state:[[ 1 23 39  1  0  0]]
INFO:__main__:episode: 178, score:[226.67], loss:[0.10446], sequence:[0], random actions:[510], e:[0.1671], init state:[[ 0 18 25  0  0  0]]
INFO:__main__:episode: 179, score:[382.00], loss:[0.11836], sequence:[0], random actions:[458], e:[0.1655], init state:[[ 3 21 12  1  1  0]]
INFO:__main__:episode: 180, score:[363.33], loss:[0.13153], sequence:[0], random actions:[463], e:[0.1638], init state:[[3 0 5 1 0 0]]
INFO:__main__:episode: 181, score:[586.00], loss:[0.09070], sequence:[0], random actions:[476], e:[0.1622], init state:[[ 6 23 50  1  0  0]]
INFO:__main__:episode: 182, score:[953.33], loss:[0.08437], sequence:[0], random actions:[447], e:[0.1605], init state:[[2 2 0 0 0 0]]
INFO:__main__:episode: 183, score:[824.00], loss:[0.09938], sequence:[0], random actions:[440], e:[0.1589], init state:[[ 0 16 28  0  0  0]]
INFO:__main__:episode: 184, score:[140.67], loss:[0.11537], sequence:[0], random actions:[444], e:[0.1574], init state:[[ 3 18 50  0  0  0]]
INFO:__main__:episode: 185, score:[188.00], loss:[0.11428], sequence:[0], random actions:[458], e:[0.1558], init state:[[5 7 6 0 0 0]]
INFO:__main__:episode: 186, score:[192.67], loss:[0.56467], sequence:[0], random actions:[424], e:[0.1542], init state:[[ 0 19 23  0  0  0]]
INFO:__main__:episode: 187, score:[164.67], loss:[0.10289], sequence:[0], random actions:[429], e:[0.1527], init state:[[ 1 17 25  0  0  0]]
INFO:__main__:episode: 188, score:[36.67], loss:[0.07409], sequence:[0], random actions:[468], e:[0.1512], init state:[[ 3  6 19  0  0  0]]
INFO:__main__:episode: 189, score:[653.33], loss:[0.07651], sequence:[0], random actions:[425], e:[0.1496], init state:[[ 0  3 28  0  0  0]]
INFO:__main__:episode: 190, score:[601.33], loss:[0.06172], sequence:[0], random actions:[424], e:[0.1481], init state:[[ 3 19 33  0  0  0]]
INFO:__main__:episode: 191, score:[253.33], loss:[0.11749], sequence:[0], random actions:[416], e:[0.1467], init state:[[ 3 17 40  0  0  0]]
INFO:__main__:episode: 192, score:[423.33], loss:[0.06369], sequence:[0], random actions:[408], e:[0.1452], init state:[[ 5  0 43  0  0  0]]
INFO:__main__:episode: 193, score:[478.67], loss:[0.28848], sequence:[0], random actions:[411], e:[0.1437], init state:[[ 1 16 31  0  0  0]]
INFO:__main__:episode: 194, score:[587.33], loss:[0.08119], sequence:[0], random actions:[401], e:[0.1423], init state:[[ 0 17 39  0  0  0]]
INFO:__main__:episode: 195, score:[628.67], loss:[0.53818], sequence:[0], random actions:[400], e:[0.1409], init state:[[ 0 16 14  0  0  0]]
INFO:__main__:episode: 196, score:[266.67], loss:[0.11508], sequence:[0], random actions:[407], e:[0.1395], init state:[[ 3 10 25  0  0  0]]
INFO:__main__:episode: 197, score:[200.00], loss:[0.24005], sequence:[0], random actions:[392], e:[0.1381], init state:[[ 4 23  7  0  0  0]]
INFO:__main__:episode: 198, score:[514.00], loss:[0.05727], sequence:[0], random actions:[392], e:[0.1367], init state:[[ 1 20 43  1  1  0]]
INFO:__main__:episode: 199, score:[709.33], loss:[0.06054], sequence:[0], random actions:[396], e:[0.1353], init state:[[ 0  8 27  1  0  0]]
INFO:__main__:episode: 200, score:[1026.67], loss:[0.07722], sequence:[0], random actions:[345], e:[0.1340], init state:[[ 0 13  8  0  0  0]]
INFO:__main__:Saving model as [results/D-6-3-H-14-17-38/model-2.h5]
INFO:__main__:maxScore:(1879.9999999999814, [165]) , maxSequence:(0, [1, 2, 3, 4, 5, 6, 7, 8, 9, 10, 11, 12, 13, 14, 15, 16, 17, 18, 19, 20, 21, 22, 23, 24, 25, 26, 27, 28, 29, 30, 31, 32, 33, 34, 35, 36, 37, 38, 39, 40, 41, 42, 43, 44, 45, 46, 47, 48, 49, 50, 51, 52, 53, 54, 55, 56, 57, 58, 59, 60, 61, 62, 63, 64, 65, 66, 67, 68, 69, 70, 71, 72, 73, 74, 75, 76, 77, 78, 79, 80, 81, 82, 83, 84, 85, 86, 87, 88, 89, 90, 91, 92, 93, 94, 95, 96, 97, 98, 99, 100, 101, 102, 103, 104, 105, 106, 107, 108, 109, 110, 111, 112, 113, 114, 115, 116, 117, 118, 119, 120, 121, 122, 123, 124, 125, 126, 127, 128, 129, 130, 131, 132, 133, 134, 135, 136, 137, 138, 139, 140, 141, 142, 143, 144, 145, 146, 147, 148, 149, 150, 151, 152, 153, 154, 155, 156, 157, 158, 159, 160, 161, 162, 163, 164, 165, 166, 167, 168, 169, 170, 171, 172, 173, 174, 175, 176, 177, 178, 179, 180, 181, 182, 183, 184, 185, 186, 187, 188, 189, 190, 191, 192, 193, 194, 195, 196, 197, 198, 199, 200])
INFO:__main__:episode: 201, score:[870.00], loss:[0.05866], sequence:[0], random actions:[396], e:[0.1326], init state:[[ 5  8 46  0  0  0]]
INFO:__main__:episode: 202, score:[605.33], loss:[0.05989], sequence:[0], random actions:[372], e:[0.1313], init state:[[ 4 19 57  0  0  0]]
INFO:__main__:episode: 203, score:[605.33], loss:[0.06585], sequence:[0], random actions:[384], e:[0.1300], init state:[[ 6  6 59  0  0  0]]
INFO:__main__:episode: 204, score:[592.67], loss:[0.05352], sequence:[0], random actions:[387], e:[0.1287], init state:[[ 3  6 50  0  0  0]]
INFO:__main__:episode: 205, score:[552.67], loss:[0.05370], sequence:[0], random actions:[352], e:[0.1274], init state:[[ 4 13 47  0  0  0]]
INFO:__main__:episode: 206, score:[623.33], loss:[0.05363], sequence:[0], random actions:[368], e:[0.1261], init state:[[ 5  4 14  0  0  0]]
INFO:__main__:episode: 207, score:[417.33], loss:[0.05120], sequence:[0], random actions:[364], e:[0.1249], init state:[[ 2 20 58  1  1  0]]
INFO:__main__:episode: 208, score:[258.00], loss:[0.19375], sequence:[0], random actions:[338], e:[0.1236], init state:[[ 0  8 34  1  1  0]]
INFO:__main__:episode: 209, score:[610.00], loss:[0.06121], sequence:[0], random actions:[348], e:[0.1224], init state:[[ 0 10 42  0  0  0]]
INFO:__main__:episode: 210, score:[393.33], loss:[0.05941], sequence:[0], random actions:[335], e:[0.1212], init state:[[ 4  7 25  0  0  0]]
INFO:__main__:episode: 211, score:[391.33], loss:[0.05705], sequence:[0], random actions:[348], e:[0.1200], init state:[[ 1  2 31  0  0  0]]
INFO:__main__:episode: 212, score:[465.33], loss:[0.05292], sequence:[0], random actions:[353], e:[0.1188], init state:[[ 0 14 59  0  0  0]]
INFO:__main__:episode: 213, score:[209.33], loss:[0.05484], sequence:[0], random actions:[365], e:[0.1176], init state:[[ 3 16 13  0  0  0]]
INFO:__main__:episode: 214, score:[344.00], loss:[0.05551], sequence:[0], random actions:[331], e:[0.1164], init state:[[ 5 23  1  1  0  0]]
INFO:__main__:episode: 215, score:[184.00], loss:[0.05920], sequence:[0], random actions:[352], e:[0.1152], init state:[[ 4  1 57  0  0  0]]
INFO:__main__:episode: 216, score:[590.00], loss:[0.05483], sequence:[0], random actions:[337], e:[0.1141], init state:[[ 0 13 26  0  0  0]]
INFO:__main__:episode: 217, score:[178.00], loss:[0.05606], sequence:[0], random actions:[350], e:[0.1129], init state:[[ 3 15  9  0  0  0]]
INFO:__main__:episode: 218, score:[63.33], loss:[0.07807], sequence:[0], random actions:[347], e:[0.1118], init state:[[ 1  1 21  0  0  0]]
INFO:__main__:episode: 219, score:[223.33], loss:[0.06076], sequence:[0], random actions:[313], e:[0.1107], init state:[[ 2  9 42  0  0  0]]
INFO:__main__:episode: 220, score:[204.67], loss:[0.53051], sequence:[0], random actions:[317], e:[0.1096], init state:[[ 6 12 11  0  0  0]]
INFO:__main__:episode: 221, score:[27.33], loss:[0.06148], sequence:[0], random actions:[321], e:[0.1085], init state:[[1 1 9 0 0 1]]
INFO:__main__:episode: 222, score:[318.67], loss:[0.15379], sequence:[0], random actions:[320], e:[0.1074], init state:[[ 1  1 54  0  0  0]]
INFO:__main__:episode: 223, score:[454.67], loss:[0.05890], sequence:[0], random actions:[308], e:[0.1063], init state:[[ 6 22 36  1  0  0]]
INFO:__main__:episode: 224, score:[314.00], loss:[0.05866], sequence:[0], random actions:[325], e:[0.1053], init state:[[ 3 17  1  0  0  0]]
INFO:__main__:episode: 225, score:[758.00], loss:[0.05693], sequence:[0], random actions:[310], e:[0.1042], init state:[[ 3 15 14  0  0  0]]
INFO:__main__:episode: 226, score:[976.00], loss:[0.05373], sequence:[0], random actions:[317], e:[0.1032], init state:[[ 4 12 32  1  1  0]]
INFO:__main__:episode: 227, score:[690.00], loss:[0.05517], sequence:[0], random actions:[303], e:[0.1021], init state:[[ 4 20 43  0  0  0]]
INFO:__main__:episode: 228, score:[911.33], loss:[0.08192], sequence:[0], random actions:[290], e:[0.1011], init state:[[ 1 13 16  0  0  0]]
INFO:__main__:episode: 229, score:[680.00], loss:[0.06075], sequence:[0], random actions:[281], e:[0.1001], init state:[[ 0 15 57  0  0  0]]
INFO:__main__:episode: 230, score:[204.00], loss:[0.05849], sequence:[0], random actions:[254], e:[0.0991], init state:[[ 4 11 50  1  1  0]]
INFO:__main__:episode: 231, score:[399.33], loss:[0.05461], sequence:[0], random actions:[276], e:[0.0981], init state:[[ 2 22 21  1  0  0]]
INFO:__main__:episode: 232, score:[474.67], loss:[0.05513], sequence:[0], random actions:[302], e:[0.0971], init state:[[ 1  0 57  0  0  1]]
INFO:__main__:episode: 233, score:[420.00], loss:[0.05593], sequence:[0], random actions:[265], e:[0.0962], init state:[[ 4  4 51  0  0  0]]
INFO:__main__:episode: 234, score:[347.33], loss:[0.05336], sequence:[0], random actions:[259], e:[0.0952], init state:[[ 3 10 59  0  0  0]]
INFO:__main__:episode: 235, score:[287.33], loss:[0.05756], sequence:[0], random actions:[271], e:[0.0942], init state:[[ 3 16 32  0  0  0]]
INFO:__main__:episode: 236, score:[346.00], loss:[0.05511], sequence:[0], random actions:[301], e:[0.0933], init state:[[ 3  6 44  0  0  0]]
INFO:__main__:episode: 237, score:[382.67], loss:[0.51941], sequence:[0], random actions:[277], e:[0.0924], init state:[[ 1 18 26  0  0  0]]
INFO:__main__:episode: 238, score:[264.00], loss:[0.06070], sequence:[0], random actions:[253], e:[0.0914], init state:[[ 0  3 14  0  0  0]]
INFO:__main__:episode: 239, score:[473.33], loss:[0.05443], sequence:[0], random actions:[273], e:[0.0905], init state:[[ 3 23  0  1  0  0]]
INFO:__main__:episode: 240, score:[303.33], loss:[0.10976], sequence:[0], random actions:[256], e:[0.0896], init state:[[0 1 3 0 0 1]]
INFO:__main__:episode: 241, score:[196.00], loss:[0.05263], sequence:[0], random actions:[271], e:[0.0887], init state:[[ 1 15 56  0  0  0]]
INFO:__main__:episode: 242, score:[314.00], loss:[0.05488], sequence:[0], random actions:[257], e:[0.0878], init state:[[ 3  7 30  0  0  0]]
INFO:__main__:episode: 243, score:[546.00], loss:[0.05579], sequence:[0], random actions:[280], e:[0.0870], init state:[[ 1 13 46  0  0  0]]
INFO:__main__:episode: 244, score:[187.33], loss:[0.05617], sequence:[0], random actions:[252], e:[0.0861], init state:[[ 3  4 44  0  0  0]]
INFO:__main__:episode: 245, score:[337.33], loss:[0.05348], sequence:[0], random actions:[241], e:[0.0852], init state:[[ 5 13 27  0  0  0]]
INFO:__main__:episode: 246, score:[252.00], loss:[0.05778], sequence:[0], random actions:[238], e:[0.0844], init state:[[ 5  9 58  0  0  0]]
INFO:__main__:episode: 247, score:[418.67], loss:[0.05398], sequence:[0], random actions:[239], e:[0.0835], init state:[[1 1 1 0 0 1]]
INFO:__main__:episode: 248, score:[169.33], loss:[0.05258], sequence:[0], random actions:[250], e:[0.0827], init state:[[ 5  8 17  0  0  0]]
INFO:__main__:episode: 249, score:[270.67], loss:[0.10061], sequence:[0], random actions:[230], e:[0.0819], init state:[[ 4  1 30  0  0  0]]
INFO:__main__:episode: 250, score:[408.00], loss:[0.08959], sequence:[0], random actions:[237], e:[0.0811], init state:[[ 2  0 56  0  0  1]]
INFO:__main__:episode: 251, score:[684.00], loss:[0.23599], sequence:[0], random actions:[228], e:[0.0802], init state:[[ 6 23 17  1  0  0]]
INFO:__main__:episode: 252, score:[300.00], loss:[0.05850], sequence:[0], random actions:[260], e:[0.0794], init state:[[ 4  5 36  0  0  0]]
INFO:__main__:episode: 253, score:[-24.67], loss:[0.05458], sequence:[0], random actions:[228], e:[0.0787], init state:[[ 4  0 23  1  0  0]]
INFO:__main__:episode: 254, score:[182.67], loss:[0.44116], sequence:[0], random actions:[243], e:[0.0779], init state:[[ 5 15 12  0  0  0]]
INFO:__main__:episode: 255, score:[218.00], loss:[0.33323], sequence:[0], random actions:[244], e:[0.0771], init state:[[ 3  0 35  0  0  1]]
INFO:__main__:episode: 256, score:[482.67], loss:[0.10510], sequence:[0], random actions:[231], e:[0.0763], init state:[[ 3  9 52  0  0  0]]
INFO:__main__:episode: 257, score:[638.00], loss:[0.05624], sequence:[0], random actions:[200], e:[0.0756], init state:[[ 1  7 39  0  0  0]]
INFO:__main__:episode: 258, score:[102.00], loss:[0.05932], sequence:[0], random actions:[224], e:[0.0748], init state:[[ 4 16 47  0  0  0]]
INFO:__main__:episode: 259, score:[89.33], loss:[0.10534], sequence:[0], random actions:[227], e:[0.0740], init state:[[ 0 17 25  0  0  0]]
INFO:__main__:episode: 260, score:[29.33], loss:[0.05890], sequence:[0], random actions:[226], e:[0.0733], init state:[[ 3 20 42  1  1  0]]
INFO:__main__:episode: 261, score:[65.33], loss:[0.08788], sequence:[0], random actions:[220], e:[0.0726], init state:[[ 1 12 12  0  0  0]]
INFO:__main__:episode: 262, score:[40.67], loss:[0.15069], sequence:[0], random actions:[213], e:[0.0718], init state:[[ 3  8 47  1  1  0]]
INFO:__main__:episode: 263, score:[44.00], loss:[0.05528], sequence:[0], random actions:[196], e:[0.0711], init state:[[ 6 14 44  0  0  0]]
INFO:__main__:episode: 264, score:[9.33], loss:[0.11142], sequence:[0], random actions:[204], e:[0.0704], init state:[[ 2  1 27  0  0  0]]
INFO:__main__:episode: 265, score:[38.00], loss:[0.05399], sequence:[0], random actions:[197], e:[0.0697], init state:[[ 1 18 36  0  0  0]]
INFO:__main__:episode: 266, score:[32.67], loss:[0.05616], sequence:[0], random actions:[193], e:[0.0690], init state:[[ 6 19  7  0  0  0]]
INFO:__main__:episode: 267, score:[66.00], loss:[0.05647], sequence:[0], random actions:[199], e:[0.0683], init state:[[ 3  3 23  0  0  0]]
INFO:__main__:episode: 268, score:[32.67], loss:[0.06872], sequence:[0], random actions:[208], e:[0.0676], init state:[[ 5  1 56  0  0  0]]
INFO:__main__:episode: 269, score:[29.33], loss:[0.05882], sequence:[0], random actions:[192], e:[0.0670], init state:[[ 5 10 49  0  0  0]]
INFO:__main__:episode: 270, score:[52.00], loss:[0.06122], sequence:[0], random actions:[165], e:[0.0663], init state:[[ 3 20 40  1  1  0]]
INFO:__main__:episode: 271, score:[53.33], loss:[0.05717], sequence:[0], random actions:[188], e:[0.0656], init state:[[ 6  2 59  0  0  0]]
INFO:__main__:episode: 272, score:[-13.33], loss:[0.12311], sequence:[0], random actions:[198], e:[0.0650], init state:[[ 2 20  6  0  0  0]]
INFO:__main__:episode: 273, score:[153.33], loss:[0.05669], sequence:[0], random actions:[180], e:[0.0643], init state:[[ 5  5 15  0  0  0]]
INFO:__main__:episode: 274, score:[43.33], loss:[0.08153], sequence:[0], random actions:[193], e:[0.0637], init state:[[ 2  0 44  0  0  1]]
INFO:__main__:episode: 275, score:[177.33], loss:[0.06129], sequence:[0], random actions:[167], e:[0.0630], init state:[[ 0 10  8  0  0  0]]
INFO:__main__:episode: 276, score:[150.00], loss:[0.06705], sequence:[0], random actions:[181], e:[0.0624], init state:[[ 0 11  6  0  0  0]]
INFO:__main__:episode: 277, score:[-287.33], loss:[0.05563], sequence:[0], random actions:[175], e:[0.0618], init state:[[ 0  5 41  0  0  0]]
INFO:__main__:episode: 278, score:[400.67], loss:[0.05920], sequence:[0], random actions:[170], e:[0.0612], init state:[[ 2 17 20  0  0  0]]
INFO:__main__:episode: 279, score:[544.00], loss:[0.10642], sequence:[0], random actions:[167], e:[0.0606], init state:[[ 0 19 23  0  0  0]]
INFO:__main__:episode: 280, score:[511.33], loss:[0.05434], sequence:[0], random actions:[164], e:[0.0600], init state:[[ 3 19 57  0  0  0]]
INFO:__main__:episode: 281, score:[-3.33], loss:[0.04971], sequence:[0], random actions:[149], e:[0.0594], init state:[[ 5 16 40  0  0  0]]
INFO:__main__:episode: 282, score:[10.00], loss:[0.05046], sequence:[0], random actions:[161], e:[0.0588], init state:[[ 2  8 22  1  0  0]]
INFO:__main__:episode: 283, score:[30.67], loss:[0.10289], sequence:[0], random actions:[187], e:[0.0582], init state:[[ 3  4 29  0  0  0]]
INFO:__main__:episode: 284, score:[62.00], loss:[0.05038], sequence:[0], random actions:[148], e:[0.0576], init state:[[ 3  7 23  0  0  0]]
INFO:__main__:episode: 285, score:[172.00], loss:[0.05431], sequence:[0], random actions:[167], e:[0.0570], init state:[[ 5 23 45  1  0  0]]
INFO:__main__:episode: 286, score:[153.33], loss:[0.05361], sequence:[0], random actions:[170], e:[0.0565], init state:[[5 0 2 0 0 0]]
INFO:__main__:episode: 287, score:[83.33], loss:[0.05282], sequence:[0], random actions:[159], e:[0.0559], init state:[[ 4  1 41  0  0  0]]
INFO:__main__:episode: 288, score:[7.33], loss:[0.05053], sequence:[0], random actions:[148], e:[0.0553], init state:[[ 3  8 40  1  1  0]]
INFO:__main__:episode: 289, score:[236.67], loss:[0.04949], sequence:[0], random actions:[160], e:[0.0548], init state:[[1 7 4 0 0 0]]
INFO:__main__:episode: 290, score:[-18.00], loss:[0.04852], sequence:[0], random actions:[167], e:[0.0542], init state:[[ 2 11 52  0  0  0]]
INFO:__main__:episode: 291, score:[42.67], loss:[0.04958], sequence:[0], random actions:[151], e:[0.0537], init state:[[ 0 18 14  0  0  0]]
INFO:__main__:episode: 292, score:[72.00], loss:[0.05085], sequence:[0], random actions:[143], e:[0.0531], init state:[[ 5 15  0  0  0  0]]
INFO:__main__:episode: 293, score:[-44.00], loss:[0.05124], sequence:[0], random actions:[160], e:[0.0526], init state:[[ 0  3 28  0  0  0]]
INFO:__main__:episode: 294, score:[7.33], loss:[0.05351], sequence:[0], random actions:[162], e:[0.0521], init state:[[ 4 19 10  0  0  0]]
INFO:__main__:episode: 295, score:[247.33], loss:[0.05632], sequence:[0], random actions:[143], e:[0.0516], init state:[[ 6  3 56  0  0  0]]
INFO:__main__:episode: 296, score:[248.00], loss:[0.05025], sequence:[0], random actions:[157], e:[0.0511], init state:[[ 6 17  3  0  0  0]]
INFO:__main__:episode: 297, score:[418.67], loss:[0.04674], sequence:[0], random actions:[154], e:[0.0505], init state:[[0 9 4 0 0 0]]
INFO:__main__:episode: 298, score:[506.00], loss:[0.04653], sequence:[0], random actions:[151], e:[0.0500], init state:[[ 6 10 35  0  0  0]]
INFO:__main__:episode: 299, score:[375.33], loss:[0.04622], sequence:[0], random actions:[146], e:[0.0495], init state:[[ 6 20  6  0  0  0]]
INFO:__main__:episode: 300, score:[531.33], loss:[0.04691], sequence:[0], random actions:[154], e:[0.0490], init state:[[ 6 11 54  0  0  0]]
INFO:__main__:Saving model as [results/D-6-3-H-14-17-38/model-0.h5]
INFO:__main__:maxScore:(1879.9999999999814, [165]) , maxSequence:(0, [1, 2, 3, 4, 5, 6, 7, 8, 9, 10, 11, 12, 13, 14, 15, 16, 17, 18, 19, 20, 21, 22, 23, 24, 25, 26, 27, 28, 29, 30, 31, 32, 33, 34, 35, 36, 37, 38, 39, 40, 41, 42, 43, 44, 45, 46, 47, 48, 49, 50, 51, 52, 53, 54, 55, 56, 57, 58, 59, 60, 61, 62, 63, 64, 65, 66, 67, 68, 69, 70, 71, 72, 73, 74, 75, 76, 77, 78, 79, 80, 81, 82, 83, 84, 85, 86, 87, 88, 89, 90, 91, 92, 93, 94, 95, 96, 97, 98, 99, 100, 101, 102, 103, 104, 105, 106, 107, 108, 109, 110, 111, 112, 113, 114, 115, 116, 117, 118, 119, 120, 121, 122, 123, 124, 125, 126, 127, 128, 129, 130, 131, 132, 133, 134, 135, 136, 137, 138, 139, 140, 141, 142, 143, 144, 145, 146, 147, 148, 149, 150, 151, 152, 153, 154, 155, 156, 157, 158, 159, 160, 161, 162, 163, 164, 165, 166, 167, 168, 169, 170, 171, 172, 173, 174, 175, 176, 177, 178, 179, 180, 181, 182, 183, 184, 185, 186, 187, 188, 189, 190, 191, 192, 193, 194, 195, 196, 197, 198, 199, 200, 201, 202, 203, 204, 205, 206, 207, 208, 209, 210, 211, 212, 213, 214, 215, 216, 217, 218, 219, 220, 221, 222, 223, 224, 225, 226, 227, 228, 229, 230, 231, 232, 233, 234, 235, 236, 237, 238, 239, 240, 241, 242, 243, 244, 245, 246, 247, 248, 249, 250, 251, 252, 253, 254, 255, 256, 257, 258, 259, 260, 261, 262, 263, 264, 265, 266, 267, 268, 269, 270, 271, 272, 273, 274, 275, 276, 277, 278, 279, 280, 281, 282, 283, 284, 285, 286, 287, 288, 289, 290, 291, 292, 293, 294, 295, 296, 297, 298, 299, 300])
INFO:__main__:episode: 301, score:[225.33], loss:[0.04689], sequence:[0], random actions:[141], e:[0.0486], init state:[[ 2 14 16  0  0  0]]
INFO:__main__:episode: 302, score:[822.00], loss:[0.04473], sequence:[0], random actions:[131], e:[0.0481], init state:[[ 5  5 54  0  0  0]]
INFO:__main__:episode: 303, score:[517.33], loss:[0.04441], sequence:[0], random actions:[154], e:[0.0476], init state:[[ 3 10 59  0  0  0]]
INFO:__main__:episode: 304, score:[1084.00], loss:[0.04399], sequence:[0], random actions:[126], e:[0.0471], init state:[[ 3 10 31  0  0  0]]
INFO:__main__:episode: 305, score:[976.00], loss:[0.04017], sequence:[0], random actions:[122], e:[0.0466], init state:[[ 0  0 25  1  0  0]]
INFO:__main__:episode: 306, score:[948.00], loss:[0.03976], sequence:[0], random actions:[133], e:[0.0462], init state:[[ 3 16 25  0  0  0]]
INFO:__main__:episode: 307, score:[1227.33], loss:[0.03935], sequence:[0], random actions:[136], e:[0.0457], init state:[[ 1 13 41  0  0  0]]
INFO:__main__:episode: 308, score:[1382.67], loss:[0.03797], sequence:[0], random actions:[123], e:[0.0453], init state:[[ 6 20 50  1  1  0]]
INFO:__main__:episode: 309, score:[1464.00], loss:[0.03827], sequence:[0], random actions:[122], e:[0.0448], init state:[[ 6 23 20  1  0  0]]
INFO:__main__:episode: 310, score:[1720.00], loss:[0.03706], sequence:[0], random actions:[134], e:[0.0444], init state:[[ 4 12 10  1  1  0]]
INFO:__main__:episode: 311, score:[1123.33], loss:[0.06586], sequence:[0], random actions:[122], e:[0.0439], init state:[[ 0 16 59  0  0  0]]
INFO:__main__:episode: 312, score:[608.67], loss:[0.03705], sequence:[0], random actions:[137], e:[0.0435], init state:[[4 7 0 0 0 0]]
INFO:__main__:episode: 313, score:[626.67], loss:[0.04710], sequence:[0], random actions:[132], e:[0.0430], init state:[[ 5  1 40  0  0  0]]
INFO:__main__:episode: 314, score:[1202.00], loss:[0.06466], sequence:[0], random actions:[124], e:[0.0426], init state:[[ 4  4 39  0  0  0]]
INFO:__main__:episode: 315, score:[1204.67], loss:[0.04008], sequence:[0], random actions:[130], e:[0.0422], init state:[[ 4  3 52  0  0  0]]
INFO:__main__:episode: 316, score:[806.67], loss:[0.10832], sequence:[0], random actions:[132], e:[0.0418], init state:[[ 2  9 16  0  0  0]]
INFO:__main__:episode: 317, score:[1564.67], loss:[0.04158], sequence:[0], random actions:[128], e:[0.0413], init state:[[ 4 23 13  0  0  0]]
INFO:__main__:episode: 318, score:[1550.67], loss:[0.22052], sequence:[0], random actions:[121], e:[0.0409], init state:[[ 2  8 58  1  1  0]]
INFO:__main__:episode: 319, score:[1541.33], loss:[0.04359], sequence:[0], random actions:[120], e:[0.0405], init state:[[ 1 15 45  0  0  0]]
INFO:__main__:episode: 320, score:[1594.00], loss:[0.05525], sequence:[0], random actions:[131], e:[0.0401], init state:[[ 1 22 37  1  0  0]]
INFO:__main__:episode: 321, score:[1129.33], loss:[0.04481], sequence:[0], random actions:[114], e:[0.0397], init state:[[ 5 16 42  0  0  0]]
INFO:__main__:episode: 322, score:[1326.00], loss:[0.04267], sequence:[0], random actions:[120], e:[0.0393], init state:[[ 5 14 27  0  0  0]]
INFO:__main__:episode: 323, score:[1576.67], loss:[0.04743], sequence:[0], random actions:[116], e:[0.0389], init state:[[0 4 7 0 0 0]]
INFO:__main__:episode: 324, score:[246.67], loss:[0.04821], sequence:[0], random actions:[107], e:[0.0385], init state:[[ 5  2 59  0  0  0]]
INFO:__main__:episode: 325, score:[655.33], loss:[0.06183], sequence:[0], random actions:[110], e:[0.0381], init state:[[ 2 19 46  0  0  0]]
INFO:__main__:episode: 326, score:[1446.67], loss:[0.06812], sequence:[0], random actions:[125], e:[0.0378], init state:[[ 4  3 56  0  0  0]]
INFO:__main__:episode: 327, score:[1712.67], loss:[0.05241], sequence:[0], random actions:[108], e:[0.0374], init state:[[0 2 3 0 0 0]]
INFO:__main__:episode: 328, score:[1230.00], loss:[0.06402], sequence:[0], random actions:[115], e:[0.0370], init state:[[ 5  6 23  0  0  0]]
INFO:__main__:episode: 329, score:[1349.33], loss:[0.05942], sequence:[0], random actions:[115], e:[0.0366], init state:[[ 5  7 38  0  0  0]]
INFO:__main__:episode: 330, score:[1261.33], loss:[0.11971], sequence:[0], random actions:[94], e:[0.0363], init state:[[ 2 15 21  0  0  0]]
INFO:__main__:episode: 331, score:[473.33], loss:[0.08751], sequence:[0], random actions:[106], e:[0.0359], init state:[[ 5  2 10  0  0  0]]
INFO:__main__:episode: 332, score:[496.00], loss:[0.05450], sequence:[0], random actions:[104], e:[0.0356], init state:[[ 0  5 18  0  0  0]]
INFO:__main__:episode: 333, score:[868.67], loss:[0.05256], sequence:[0], random actions:[107], e:[0.0352], init state:[[ 0 16  5  0  0  0]]
INFO:__main__:episode: 334, score:[609.33], loss:[0.05185], sequence:[0], random actions:[118], e:[0.0348], init state:[[ 2 12 15  0  0  0]]
INFO:__main__:episode: 335, score:[475.33], loss:[0.05123], sequence:[0], random actions:[100], e:[0.0345], init state:[[ 1 18  1  0  0  0]]
INFO:__main__:episode: 336, score:[430.67], loss:[0.05408], sequence:[0], random actions:[106], e:[0.0342], init state:[[ 1  3 45  0  0  0]]
INFO:__main__:episode: 337, score:[657.33], loss:[0.05707], sequence:[0], random actions:[86], e:[0.0338], init state:[[ 3 11  3  0  0  0]]
INFO:__main__:episode: 338, score:[907.33], loss:[0.06510], sequence:[0], random actions:[97], e:[0.0335], init state:[[ 0 21 50  1  0  0]]
INFO:__main__:episode: 339, score:[550.00], loss:[0.05232], sequence:[0], random actions:[95], e:[0.0331], init state:[[ 0  2 58  0  0  0]]
INFO:__main__:episode: 340, score:[103.33], loss:[0.06199], sequence:[0], random actions:[92], e:[0.0328], init state:[[ 3 18 42  0  0  0]]
INFO:__main__:episode: 341, score:[84.00], loss:[0.10046], sequence:[0], random actions:[101], e:[0.0325], init state:[[ 3 15 15  0  0  0]]
INFO:__main__:episode: 342, score:[523.33], loss:[0.05155], sequence:[0], random actions:[87], e:[0.0322], init state:[[ 3 13 52  0  0  0]]
INFO:__main__:episode: 343, score:[801.33], loss:[0.05946], sequence:[0], random actions:[92], e:[0.0318], init state:[[ 0  0 27  1  0  0]]
INFO:__main__:episode: 344, score:[659.33], loss:[0.11758], sequence:[0], random actions:[88], e:[0.0315], init state:[[ 2 19 51  0  0  0]]
INFO:__main__:episode: 345, score:[312.00], loss:[0.05966], sequence:[0], random actions:[115], e:[0.0312], init state:[[ 2 21 28  1  1  0]]
INFO:__main__:episode: 346, score:[386.00], loss:[0.05467], sequence:[0], random actions:[106], e:[0.0309], init state:[[ 2  9 22  0  0  0]]
INFO:__main__:episode: 347, score:[493.33], loss:[0.05729], sequence:[0], random actions:[86], e:[0.0306], init state:[[3 6 2 0 0 0]]
INFO:__main__:episode: 348, score:[-9.33], loss:[0.06939], sequence:[0], random actions:[96], e:[0.0303], init state:[[ 6  3 25  0  0  0]]
INFO:__main__:episode: 349, score:[98.67], loss:[0.04559], sequence:[0], random actions:[88], e:[0.0300], init state:[[ 1 22 15  1  0  0]]
INFO:__main__:episode: 350, score:[498.67], loss:[0.05741], sequence:[0], random actions:[97], e:[0.0297], init state:[[ 4 15 12  0  0  0]]
INFO:__main__:episode: 351, score:[134.00], loss:[0.05044], sequence:[0], random actions:[90], e:[0.0294], init state:[[ 5  0 15  0  0  0]]
