INFO:Reinforcement.Functions:settings:[{'minGameScore': 2736, u'TAU': 0.001, u'minGameScoreRatio': 0.95, u'batchSize': 256, u'nGamesPerSave': 50, u'nEpochs': 1, u'minGameSequence': 500, u'nModelBackups': 3, u'gameMinutesLength': 2880, u'dequeSize': 50000, u'learningRate': 0.001, u'gamma': 0.95, u'trainSetSize': 256}]
INFO:Reinforcement.Functions:args:[{'settings': '/home/yochaiz/SmartHome/Reinforcement/settings.json', 'k': None, 'random': True, 'sequential': False, 'gpuNum': 1, 'gpuFrac': 0.3, 'desc': None}]
INFO:Reinforcement.Functions:results:[{'loss': [], 'score': []}]
INFO:Reinforcement.Functions:Actor:[{'epsilon_decay': 0.99, 'epsilon': 1.0, 'curBackupIdx': 0, 'epsilon_min': 0.01, 'TAU': 0.001, 'nBackups': 3, 'k': 10, 'actionDim': 5, 'nActions': 32}]
INFO:Reinforcement.Functions:Critic:[{'TAU': 0.001, 'nBackups': 3, 'curBackupIdx': 0, 'actionDim': 5}]
INFO:Reinforcement.Functions:policy:[{'numOfDevices': 5, 'stateDim': (1, 8), 'seqLen': 1, 'policyJSON': {u'10': [{u'days': u'weekdays', u'times': [[u'21:00', u'23:29']]}, {u'days': [5], u'times': [[u'21:00', u'23:29']]}], u'6': [{u'days': u'weekdays', u'times': [[u'20:40', u'23:59'], [u'00:00', u'00:14']]}, {u'days': [4], u'times': [[u'00:00', u'00:14']]}, {u'days': [5], u'times': [[u'21:00', u'23:59']]}], u'weekdays': [0, 1, 2, 3, 6], u'Devices': [u'Room light1', u'Room light2', u'Room light3 (backdoor)', u'Kitchen light', u'Toilets light'], u'days': [u'Monday', u'Tuesday', u'Wednesday', u'Thursday', u'Friday', u'Saturday', u'Sunday'], u'1': [{u'days': [0, 1, 2, 3, 6], u'times': [[u'08:30', u'08:59'], [u'20:30', u'21:29']]}, {u'days': [4], u'times': [[u'10:00', u'13:29']]}, {u'days': [5], u'times': [[u'18:00', u'18:59']]}], u'0': [{u'days': [0, 1, 2, 3, 6], u'times': [[u'00:00', u'00:29'], [u'08:00', u'08:59'], [u'20:30', u'23:59']]}, {u'days': [4], u'times': [[u'00:00', u'00:59'], [u'09:30', u'13:29']]}, {u'days': [5], u'times': [[u'18:00', u'23:59']]}], u'3': [{u'days': [0, 1, 2, 3, 6], u'times': [[u'08:30', u'08:44'], [u'20:45', u'21:29'], [u'23:15', u'23:44']]}, {u'days': [4], u'times': [[u'10:00', u'10:59'], [u'12:45', u'13:14']]}, {u'days': [5], u'times': [[u'18:00', u'19:59'], [u'21:00', u'23:14']]}], u'2': [{u'days': [0, 1, 2, 3, 6], u'times': [[u'00:30', u'01:09']]}, {u'days': [4], u'times': [[u'00:30', u'01:09']]}], u'5': [{u'days': u'weekdays', u'times': [[u'08:35', u'08:42'], [u'21:09', u'21:11'], [u'00:05', u'00:24']]}, {u'days': [4], u'times': [[u'10:18', u'10:29'], [u'00:05', u'00:24']]}, {u'days': [5], u'times': [[u'19:09', u'19:09'], [u'21:34', u'21:34']]}], u'4': [{u'days': [0, 1, 2, 3, 6], u'times': [[u'08:30', u'08:34'], [u'21:05', u'21:08']]}, {u'days': [4], u'times': [[u'10:10', u'10:17']]}, {u'days': [5], u'times': [[u'19:05', u'19:08'], [u'21:20', u'21:33']]}], u'7': [{u'days': u'weekdays', u'times': [[u'20:40', u'23:59'], [u'00:00', u'00:14']]}, {u'days': [4], u'times': [[u'00:00', u'00:14']]}, {u'days': [5], u'times': [[u'21:00', u'23:59']]}], u'Time format': u'%H:%M', u'9': [{u'days': u'weekdays', u'times': [[u'09:00', u'09:00'], [u'20:30', u'20:30']]}, {u'days': [4], u'times': [[u'13:29', u'13:29']]}, {u'days': [5], u'times': [[u'18:00', u'18:00']]}], u'8': [{u'days': u'weekdays', u'times': [[u'20:31', u'20:54']]}, {u'days': [5], u'times': [[u'18:00', u'18:59']]}], u'weekend': [4, 5]}}]
INFO:Reinforcement.Functions:Saving [Actor] main model as [results/D-22-3-H-14-19-41/Actor-main-model-0.h5]
INFO:Reinforcement.Functions:Saving [Actor] target model as [results/D-22-3-H-14-19-41/Actor-target-model-0.h5]
INFO:Reinforcement.Functions:Saving [Critic] main model as [results/D-22-3-H-14-19-41/Critic-main-model-0.h5]
INFO:Reinforcement.Functions:Saving [Critic] target model as [results/D-22-3-H-14-19-41/Critic-target-model-0.h5]
INFO:Reinforcement.Functions:[Actor] model architecture:
INFO:Reinforcement.Functions:_________________________________________________________________
INFO:Reinforcement.Functions:Layer (type)                 Output Shape              Param #   
INFO:Reinforcement.Functions:=================================================================
INFO:Reinforcement.Functions:input_1 (InputLayer)         (None, 1, 8)              0         
INFO:Reinforcement.Functions:_________________________________________________________________
INFO:Reinforcement.Functions:dense_1 (Dense)              (None, 1, 512)            4608      
INFO:Reinforcement.Functions:_________________________________________________________________
INFO:Reinforcement.Functions:dense_2 (Dense)              (None, 1, 256)            131328    
INFO:Reinforcement.Functions:_________________________________________________________________
INFO:Reinforcement.Functions:dense_3 (Dense)              (None, 1, 5)              1285      
INFO:Reinforcement.Functions:_________________________________________________________________
INFO:Reinforcement.Functions:reshape_1 (Reshape)          (None, 5)                 0         
INFO:Reinforcement.Functions:=================================================================
INFO:Reinforcement.Functions:Total params: 137,221
INFO:Reinforcement.Functions:Trainable params: 137,221
INFO:Reinforcement.Functions:Non-trainable params: 0
INFO:Reinforcement.Functions:_________________________________________________________________
INFO:Reinforcement.Functions:[Critic] model architecture:
INFO:Reinforcement.Functions:__________________________________________________________________________________________________
INFO:Reinforcement.Functions:Layer (type)                    Output Shape         Param #     Connected to                     
INFO:Reinforcement.Functions:==================================================================================================
INFO:Reinforcement.Functions:input_2 (InputLayer)            (None, 1, 8)         0                                            
INFO:Reinforcement.Functions:__________________________________________________________________________________________________
INFO:Reinforcement.Functions:dense_4 (Dense)                 (None, 1, 512)       4608        input_2[0][0]                    
INFO:Reinforcement.Functions:__________________________________________________________________________________________________
INFO:Reinforcement.Functions:input_3 (InputLayer)            (None, 5)            0                                            
INFO:Reinforcement.Functions:__________________________________________________________________________________________________
INFO:Reinforcement.Functions:dense_5 (Dense)                 (None, 1, 256)       131328      dense_4[0][0]                    
INFO:Reinforcement.Functions:__________________________________________________________________________________________________
INFO:Reinforcement.Functions:dense_6 (Dense)                 (None, 256)          1536        input_3[0][0]                    
INFO:Reinforcement.Functions:__________________________________________________________________________________________________
INFO:Reinforcement.Functions:add_1 (Add)                     (None, 1, 256)       0           dense_5[0][0]                    
INFO:Reinforcement.Functions:                                                                 dense_6[0][0]                    
INFO:Reinforcement.Functions:__________________________________________________________________________________________________
INFO:Reinforcement.Functions:activation_1 (Activation)       (None, 1, 256)       0           add_1[0][0]                      
INFO:Reinforcement.Functions:__________________________________________________________________________________________________
INFO:Reinforcement.Functions:dense_7 (Dense)                 (None, 1, 1)         257         activation_1[0][0]               
INFO:Reinforcement.Functions:__________________________________________________________________________________________________
INFO:Reinforcement.Functions:reshape_2 (Reshape)             (None, 1)            0           dense_7[0][0]                    
INFO:Reinforcement.Functions:==================================================================================================
INFO:Reinforcement.Functions:Total params: 137,729
INFO:Reinforcement.Functions:Trainable params: 137,729
INFO:Reinforcement.Functions:Non-trainable params: 0
INFO:Reinforcement.Functions:__________________________________________________________________________________________________
INFO:Reinforcement.Functions:episode: 1, score:[2108.40], loss:[78.84806], sequence:[0], isInPoolRatio:[0.91], optActionSelectedRatio:[0.59], optActionInPoolButNotSelected:[0.33], random actions:[111], eInit:[1.0000], init state:[ 6  2 38  0  0  0  0  0], end state:[ 1  2 38  0  0  0  0  0]
INFO:Reinforcement.Functions:episode: 2, score:[2101.20], loss:[53.22534], sequence:[0], isInPoolRatio:[0.94], optActionSelectedRatio:[0.57], optActionInPoolButNotSelected:[0.37], random actions:[117], eInit:[0.9900], init state:[ 2 22  8  1  0  0  0  0], end state:[ 4 22  8  0  0  0  0  0]
INFO:Reinforcement.Functions:episode: 3, score:[2204.80], loss:[39.84925], sequence:[0], isInPoolRatio:[0.95], optActionSelectedRatio:[0.57], optActionInPoolButNotSelected:[0.38], random actions:[131], eInit:[0.9801], init state:[0 3 3 0 0 0 0 0], end state:[2 3 3 0 0 0 0 0]
INFO:Reinforcement.Functions:episode: 4, score:[2177.20], loss:[35.75317], sequence:[0], isInPoolRatio:[0.95], optActionSelectedRatio:[0.61], optActionInPoolButNotSelected:[0.33], random actions:[119], eInit:[0.9703], init state:[ 5  2 53  0  0  0  0  0], end state:[ 0  2 53  0  0  0  0  0]
INFO:Reinforcement.Functions:episode: 5, score:[2442.00], loss:[27.17896], sequence:[0], isInPoolRatio:[0.96], optActionSelectedRatio:[0.76], optActionInPoolButNotSelected:[0.18], random actions:[121], eInit:[0.9606], init state:[ 1  8 47  1  1  0  0  0], end state:[ 3  8 47  0  1  0  0  0]
INFO:Reinforcement.Functions:episode: 6, score:[2500.40], loss:[22.51303], sequence:[0], isInPoolRatio:[0.96], optActionSelectedRatio:[0.80], optActionInPoolButNotSelected:[0.13], random actions:[127], eInit:[0.9510], init state:[ 1 13  3  0  0  0  0  0], end state:[ 3 13  3  0  0  0  0  0]
INFO:Reinforcement.Functions:episode: 7, score:[2395.60], loss:[21.15806], sequence:[0], isInPoolRatio:[0.95], optActionSelectedRatio:[0.74], optActionInPoolButNotSelected:[0.18], random actions:[128], eInit:[0.9415], init state:[ 3  0 17  1  0  0  0  0], end state:[ 5  0 17  0  0  0  0  0]
INFO:Reinforcement.Functions:episode: 8, score:[2542.40], loss:[19.44815], sequence:[0], isInPoolRatio:[0.96], optActionSelectedRatio:[0.83], optActionInPoolButNotSelected:[0.11], random actions:[104], eInit:[0.9321], init state:[ 0 23 31  1  0  0  1  0], end state:[ 2 23 31  1  0  0  0  0]
INFO:Reinforcement.Functions:episode: 9, score:[2458.00], loss:[17.42362], sequence:[0], isInPoolRatio:[0.95], optActionSelectedRatio:[0.77], optActionInPoolButNotSelected:[0.17], random actions:[98], eInit:[0.9227], init state:[ 6 14 40  0  0  0  0  0], end state:[ 1 14 40  0  0  0  0  0]
INFO:Reinforcement.Functions:episode: 10, score:[2301.60], loss:[17.11776], sequence:[0], isInPoolRatio:[0.95], optActionSelectedRatio:[0.71], optActionInPoolButNotSelected:[0.22], random actions:[123], eInit:[0.9135], init state:[ 5 11 26  0  0  0  0  0], end state:[ 0 11 26  0  0  0  0  0]
INFO:Reinforcement.Functions:episode: 11, score:[2459.60], loss:[17.38014], sequence:[0], isInPoolRatio:[0.95], optActionSelectedRatio:[0.78], optActionInPoolButNotSelected:[0.14], random actions:[106], eInit:[0.9044], init state:[ 3 11 22  0  0  0  0  0], end state:[ 5 11 22  0  0  0  0  0]
INFO:Reinforcement.Functions:episode: 12, score:[2370.80], loss:[18.13933], sequence:[0], isInPoolRatio:[0.94], optActionSelectedRatio:[0.72], optActionInPoolButNotSelected:[0.20], random actions:[116], eInit:[0.8953], init state:[ 4  6 38  0  0  0  0  0], end state:[ 6  6 38  0  0  0  0  0]
INFO:Reinforcement.Functions:episode: 13, score:[2477.20], loss:[16.95677], sequence:[0], isInPoolRatio:[0.94], optActionSelectedRatio:[0.79], optActionInPoolButNotSelected:[0.13], random actions:[109], eInit:[0.8864], init state:[ 2 23 54  1  0  0  0  0], end state:[ 4 23 54  0  0  0  0  0]
INFO:Reinforcement.Functions:episode: 14, score:[2518.00], loss:[16.33525], sequence:[0], isInPoolRatio:[0.96], optActionSelectedRatio:[0.81], optActionInPoolButNotSelected:[0.13], random actions:[110], eInit:[0.8775], init state:[ 6  8 24  1  0  0  0  0], end state:[ 1  8 24  0  0  0  0  0]
INFO:Reinforcement.Functions:episode: 15, score:[2542.40], loss:[15.59633], sequence:[0], isInPoolRatio:[0.96], optActionSelectedRatio:[0.82], optActionInPoolButNotSelected:[0.11], random actions:[122], eInit:[0.8687], init state:[ 2  8 43  1  1  0  1  0], end state:[ 4  8 43  0  0  0  0  0]
INFO:Reinforcement.Functions:episode: 16, score:[2513.60], loss:[15.50338], sequence:[0], isInPoolRatio:[0.95], optActionSelectedRatio:[0.81], optActionInPoolButNotSelected:[0.11], random actions:[119], eInit:[0.8601], init state:[ 3  2 42  0  0  0  0  0], end state:[ 5  2 42  0  0  0  0  0]
INFO:Reinforcement.Functions:episode: 17, score:[2494.00], loss:[14.67981], sequence:[0], isInPoolRatio:[0.95], optActionSelectedRatio:[0.78], optActionInPoolButNotSelected:[0.16], random actions:[97], eInit:[0.8515], init state:[ 5  3 26  0  0  0  0  0], end state:[ 0  3 26  0  0  0  0  0]
INFO:Reinforcement.Functions:episode: 18, score:[2525.20], loss:[14.46590], sequence:[0], isInPoolRatio:[0.95], optActionSelectedRatio:[0.81], optActionInPoolButNotSelected:[0.13], random actions:[89], eInit:[0.8429], init state:[ 4 23 13  0  0  0  0  0], end state:[ 6 23 13  1  0  0  0  0]
INFO:Reinforcement.Functions:episode: 19, score:[2596.40], loss:[14.43235], sequence:[0], isInPoolRatio:[0.95], optActionSelectedRatio:[0.86], optActionInPoolButNotSelected:[0.07], random actions:[89], eInit:[0.8345], init state:[ 0 21 28  1  1  0  1  0], end state:[ 2 21 28  0  0  0  0  0]
INFO:Reinforcement.Functions:episode: 20, score:[2579.60], loss:[13.21570], sequence:[0], isInPoolRatio:[0.96], optActionSelectedRatio:[0.85], optActionInPoolButNotSelected:[0.08], random actions:[110], eInit:[0.8262], init state:[ 0  4 27  0  0  0  0  0], end state:[ 2  4 27  0  0  0  0  0]
INFO:Reinforcement.Functions:episode: 21, score:[2627.20], loss:[12.56502], sequence:[0], isInPoolRatio:[0.96], optActionSelectedRatio:[0.87], optActionInPoolButNotSelected:[0.06], random actions:[103], eInit:[0.8179], init state:[ 5 23 51  1  0  0  0  0], end state:[ 0 23 51  1  0  0  1  0]
INFO:Reinforcement.Functions:episode: 22, score:[2645.60], loss:[11.48186], sequence:[0], isInPoolRatio:[0.96], optActionSelectedRatio:[0.89], optActionInPoolButNotSelected:[0.04], random actions:[98], eInit:[0.8097], init state:[ 0  3 29  0  0  0  0  0], end state:[ 2  3 29  0  0  0  0  0]
INFO:Reinforcement.Functions:episode: 23, score:[2620.40], loss:[10.84663], sequence:[0], isInPoolRatio:[0.96], optActionSelectedRatio:[0.87], optActionInPoolButNotSelected:[0.06], random actions:[103], eInit:[0.8016], init state:[2 1 2 0 0 1 0 0], end state:[4 1 2 0 0 1 0 0]
INFO:Reinforcement.Functions:episode: 24, score:[2635.20], loss:[10.36911], sequence:[0], isInPoolRatio:[0.96], optActionSelectedRatio:[0.88], optActionInPoolButNotSelected:[0.05], random actions:[102], eInit:[0.7936], init state:[ 6 13  9  0  0  0  0  0], end state:[ 1 13  9  0  0  0  0  0]
INFO:Reinforcement.Functions:episode: 25, score:[2657.60], loss:[9.92275], sequence:[0], isInPoolRatio:[0.96], optActionSelectedRatio:[0.88], optActionInPoolButNotSelected:[0.04], random actions:[102], eInit:[0.7857], init state:[ 0 23 21  1  0  0  1  0], end state:[ 2 23 21  1  0  0  0  0]
INFO:Reinforcement.Functions:episode: 26, score:[2567.60], loss:[10.46179], sequence:[0], isInPoolRatio:[0.96], optActionSelectedRatio:[0.84], optActionInPoolButNotSelected:[0.10], random actions:[104], eInit:[0.7778], init state:[ 4 11 26  1  1  0  0  0], end state:[ 6 11 26  0  0  0  0  0]
INFO:Reinforcement.Functions:episode: 27, score:[2566.80], loss:[10.21588], sequence:[0], isInPoolRatio:[0.93], optActionSelectedRatio:[0.83], optActionInPoolButNotSelected:[0.08], random actions:[94], eInit:[0.7700], init state:[ 2 18 24  0  0  0  0  0], end state:[ 4 18 24  0  0  0  0  0]
INFO:Reinforcement.Functions:episode: 28, score:[2640.00], loss:[9.31066], sequence:[0], isInPoolRatio:[0.95], optActionSelectedRatio:[0.88], optActionInPoolButNotSelected:[0.05], random actions:[86], eInit:[0.7623], init state:[ 3 15 37  0  0  0  0  0], end state:[ 5 15 37  0  0  0  0  0]
INFO:Reinforcement.Functions:episode: 29, score:[2592.00], loss:[8.68424], sequence:[0], isInPoolRatio:[0.96], optActionSelectedRatio:[0.84], optActionInPoolButNotSelected:[0.09], random actions:[101], eInit:[0.7547], init state:[ 5  7 25  0  0  0  0  0], end state:[ 0  7 25  0  0  0  0  0]
INFO:Reinforcement.Functions:episode: 30, score:[2638.80], loss:[8.21144], sequence:[0], isInPoolRatio:[0.97], optActionSelectedRatio:[0.88], optActionInPoolButNotSelected:[0.07], random actions:[88], eInit:[0.7472], init state:[ 1 10  9  0  0  0  0  0], end state:[ 3 10  9  0  0  0  0  0]
INFO:Reinforcement.Functions:episode: 31, score:[2591.20], loss:[8.31742], sequence:[0], isInPoolRatio:[0.96], optActionSelectedRatio:[0.85], optActionInPoolButNotSelected:[0.09], random actions:[96], eInit:[0.7397], init state:[ 5  1 18  0  0  0  0  0], end state:[ 0  1 18  0  0  0  0  0]
INFO:Reinforcement.Functions:episode: 32, score:[2632.40], loss:[8.09119], sequence:[0], isInPoolRatio:[0.96], optActionSelectedRatio:[0.87], optActionInPoolButNotSelected:[0.07], random actions:[86], eInit:[0.7323], init state:[ 3  9 37  0  0  0  0  0], end state:[ 5  9 37  0  0  0  0  0]
INFO:Reinforcement.Functions:episode: 33, score:[2634.40], loss:[7.59888], sequence:[0], isInPoolRatio:[0.99], optActionSelectedRatio:[0.87], optActionInPoolButNotSelected:[0.09], random actions:[89], eInit:[0.7250], init state:[ 4 14 48  0  0  0  0  0], end state:[ 6 14 48  0  0  0  0  0]
INFO:Reinforcement.Functions:episode: 34, score:[2614.80], loss:[7.14228], sequence:[0], isInPoolRatio:[0.98], optActionSelectedRatio:[0.86], optActionInPoolButNotSelected:[0.10], random actions:[102], eInit:[0.7177], init state:[ 2  9 23  0  0  0  0  0], end state:[ 4  9 23  0  0  0  0  0]
INFO:Reinforcement.Functions:episode: 35, score:[2564.40], loss:[7.06100], sequence:[0], isInPoolRatio:[0.97], optActionSelectedRatio:[0.82], optActionInPoolButNotSelected:[0.14], random actions:[91], eInit:[0.7106], init state:[ 5  4 43  0  0  0  0  0], end state:[ 0  4 43  0  0  0  0  0]
INFO:Reinforcement.Functions:episode: 36, score:[2588.80], loss:[6.90871], sequence:[0], isInPoolRatio:[0.97], optActionSelectedRatio:[0.84], optActionInPoolButNotSelected:[0.10], random actions:[102], eInit:[0.7034], init state:[ 5 23 35  1  0  0  0  0], end state:[ 0 23 35  1  0  0  1  0]
INFO:Reinforcement.Functions:episode: 37, score:[2602.80], loss:[6.53606], sequence:[0], isInPoolRatio:[0.96], optActionSelectedRatio:[0.85], optActionInPoolButNotSelected:[0.09], random actions:[93], eInit:[0.6964], init state:[5 2 4 0 0 0 0 0], end state:[0 2 4 1 0 0 0 0]
INFO:Reinforcement.Functions:episode: 38, score:[2645.20], loss:[6.53644], sequence:[0], isInPoolRatio:[0.98], optActionSelectedRatio:[0.86], optActionInPoolButNotSelected:[0.10], random actions:[78], eInit:[0.6894], init state:[ 0 22 22  1  0  0  0  0], end state:[ 2 22 22  1  1  0  0  0]
INFO:Reinforcement.Functions:episode: 39, score:[2668.40], loss:[6.02950], sequence:[0], isInPoolRatio:[0.98], optActionSelectedRatio:[0.88], optActionInPoolButNotSelected:[0.07], random actions:[93], eInit:[0.6826], init state:[ 2  0 57  0  0  1  0  0], end state:[ 4  0 57  0  0  1  0  0]
INFO:Reinforcement.Functions:episode: 40, score:[2636.00], loss:[6.07456], sequence:[0], isInPoolRatio:[0.99], optActionSelectedRatio:[0.87], optActionInPoolButNotSelected:[0.09], random actions:[112], eInit:[0.6757], init state:[ 1 16  9  0  0  0  0  0], end state:[ 3 16  9  0  0  0  0  0]
INFO:Reinforcement.Functions:episode: 41, score:[2517.60], loss:[6.76856], sequence:[0], isInPoolRatio:[0.97], optActionSelectedRatio:[0.80], optActionInPoolButNotSelected:[0.15], random actions:[87], eInit:[0.6690], init state:[ 4  7 19  0  0  0  0  0], end state:[ 6  7 19  0  0  0  0  0]
INFO:Reinforcement.Functions:episode: 42, score:[2652.00], loss:[6.47028], sequence:[0], isInPoolRatio:[0.99], optActionSelectedRatio:[0.86], optActionInPoolButNotSelected:[0.10], random actions:[81], eInit:[0.6623], init state:[ 1  8 14  1  0  0  0  0], end state:[ 3  8 14  1  0  0  0  0]
INFO:Reinforcement.Functions:episode: 43, score:[2600.80], loss:[6.15999], sequence:[0], isInPoolRatio:[0.97], optActionSelectedRatio:[0.85], optActionInPoolButNotSelected:[0.10], random actions:[90], eInit:[0.6557], init state:[ 4 23  8  0  0  0  0  0], end state:[ 6 23  8  1  0  0  0  0]
INFO:Reinforcement.Functions:episode: 44, score:[2675.20], loss:[5.71043], sequence:[0], isInPoolRatio:[0.97], optActionSelectedRatio:[0.90], optActionInPoolButNotSelected:[0.05], random actions:[89], eInit:[0.6491], init state:[ 6 23 23  1  0  0  1  0], end state:[ 1 23 23  1  0  0  1  0]
INFO:Reinforcement.Functions:episode: 45, score:[2635.20], loss:[5.72510], sequence:[0], isInPoolRatio:[0.98], optActionSelectedRatio:[0.86], optActionInPoolButNotSelected:[0.09], random actions:[101], eInit:[0.6426], init state:[ 6  8 35  1  1  0  1  0], end state:[ 1  8 35  1  1  0  0  0]
INFO:Reinforcement.Functions:episode: 46, score:[2654.00], loss:[5.63015], sequence:[0], isInPoolRatio:[0.98], optActionSelectedRatio:[0.89], optActionInPoolButNotSelected:[0.07], random actions:[90], eInit:[0.6362], init state:[ 4 20 58  0  0  0  0  0], end state:[ 6 20 58  1  1  0  0  0]
INFO:Reinforcement.Functions:episode: 47, score:[2670.00], loss:[5.50395], sequence:[0], isInPoolRatio:[0.99], optActionSelectedRatio:[0.89], optActionInPoolButNotSelected:[0.07], random actions:[87], eInit:[0.6298], init state:[ 2 10  4  0  0  0  0  0], end state:[ 4 10  4  1  1  0  0  0]
INFO:Reinforcement.Functions:episode: 48, score:[2624.40], loss:[5.81324], sequence:[0], isInPoolRatio:[0.97], optActionSelectedRatio:[0.87], optActionInPoolButNotSelected:[0.08], random actions:[84], eInit:[0.6235], init state:[ 4 12  0  1  1  0  0  0], end state:[ 6 12  0  0  0  0  0  0]
INFO:Reinforcement.Functions:episode: 49, score:[2701.20], loss:[5.46937], sequence:[0], isInPoolRatio:[0.98], optActionSelectedRatio:[0.92], optActionInPoolButNotSelected:[0.04], random actions:[78], eInit:[0.6173], init state:[1 3 1 0 0 0 0 0], end state:[3 3 1 0 0 0 0 0]
INFO:Reinforcement.Functions:episode: 50, score:[2718.00], loss:[5.60274], sequence:[0], isInPoolRatio:[0.99], optActionSelectedRatio:[0.92], optActionInPoolButNotSelected:[0.05], random actions:[74], eInit:[0.6111], init state:[ 1  8 25  1  0  0  0  0], end state:[ 3  8 25  1  0  0  0  0]
INFO:Reinforcement.Functions:Saving [Actor] main model as [results/D-22-3-H-14-19-41/Actor-main-model-1.h5]
INFO:Reinforcement.Functions:Saving [Actor] target model as [results/D-22-3-H-14-19-41/Actor-target-model-1.h5]
INFO:Reinforcement.Functions:Saving [Critic] main model as [results/D-22-3-H-14-19-41/Critic-main-model-1.h5]
INFO:Reinforcement.Functions:Saving [Critic] target model as [results/D-22-3-H-14-19-41/Critic-target-model-1.h5]
INFO:Reinforcement.Functions:maxScore:(2717.9999999999945, [50]) , maxSequence:(0, [1, 2, 3, 4, 5, 6, 7, 8, 9, 10, 11, 12, 13, 14, 15, 16, 17, 18, 19, 20, 21, 22, 23, 24, 25, 26, 27, 28, 29, 30, 31, 32, 33, 34, 35, 36, 37, 38, 39, 40, 41, 42, 43, 44, 45, 46, 47, 48, 49, 50])
INFO:Reinforcement.Functions:episode: 51, score:[2633.60], loss:[5.40819], sequence:[0], isInPoolRatio:[0.98], optActionSelectedRatio:[0.88], optActionInPoolButNotSelected:[0.07], random actions:[88], eInit:[0.6050], init state:[ 6  3 21  0  0  0  0  0], end state:[ 1  3 21  0  0  0  0  0]
INFO:Reinforcement.Functions:episode: 52, score:[2691.20], loss:[5.14352], sequence:[0], isInPoolRatio:[0.99], optActionSelectedRatio:[0.89], optActionInPoolButNotSelected:[0.07], random actions:[92], eInit:[0.5990], init state:[ 0 13 24  0  0  0  0  0], end state:[ 2 13 24  0  0  0  0  0]
INFO:Reinforcement.Functions:episode: 53, score:[2690.80], loss:[4.74887], sequence:[0], isInPoolRatio:[0.99], optActionSelectedRatio:[0.90], optActionInPoolButNotSelected:[0.06], random actions:[84], eInit:[0.5930], init state:[ 2  1 40  0  0  0  0  0], end state:[ 4  1 40  0  0  0  0  0]
INFO:Reinforcement.Functions:episode: 54, score:[2667.20], loss:[5.08842], sequence:[0], isInPoolRatio:[0.99], optActionSelectedRatio:[0.89], optActionInPoolButNotSelected:[0.07], random actions:[96], eInit:[0.5870], init state:[ 3 10  5  0  0  0  0  0], end state:[ 5 10  5  0  0  0  0  0]
INFO:Reinforcement.Functions:episode: 55, score:[2731.20], loss:[4.68267], sequence:[0], isInPoolRatio:[0.99], optActionSelectedRatio:[0.92], optActionInPoolButNotSelected:[0.05], random actions:[81], eInit:[0.5812], init state:[ 0 11 28  0  0  0  0  0], end state:[ 2 11 28  0  0  0  0  0]
INFO:Reinforcement.Functions:episode: 56, score:[2568.40], loss:[5.26472], sequence:[0], isInPoolRatio:[0.96], optActionSelectedRatio:[0.84], optActionInPoolButNotSelected:[0.10], random actions:[101], eInit:[0.5754], init state:[ 4 10 54  1  1  0  1  0], end state:[ 6 10 54  0  0  0  0  0]
INFO:Reinforcement.Functions:episode: 57, score:[2696.00], loss:[5.24819], sequence:[0], isInPoolRatio:[0.98], optActionSelectedRatio:[0.91], optActionInPoolButNotSelected:[0.05], random actions:[85], eInit:[0.5696], init state:[ 0  6 12  0  0  0  0  0], end state:[ 2  6 12  0  0  0  0  0]
INFO:Reinforcement.Functions:episode: 58, score:[2733.20], loss:[4.60152], sequence:[0], isInPoolRatio:[0.99], optActionSelectedRatio:[0.92], optActionInPoolButNotSelected:[0.05], random actions:[64], eInit:[0.5639], init state:[ 0  8 52  1  1  0  0  0], end state:[ 2  8 52  0  0  0  0  0]
INFO:Reinforcement.Functions:episode: 59, score:[2611.20], loss:[4.72388], sequence:[0], isInPoolRatio:[0.97], optActionSelectedRatio:[0.84], optActionInPoolButNotSelected:[0.11], random actions:[76], eInit:[0.5583], init state:[5 3 0 0 0 0 0 0], end state:[0 3 0 0 0 0 0 0]
INFO:Reinforcement.Functions:episode: 60, score:[2702.40], loss:[4.65437], sequence:[0], isInPoolRatio:[0.99], optActionSelectedRatio:[0.90], optActionInPoolButNotSelected:[0.06], random actions:[76], eInit:[0.5527], init state:[ 0 16 21  0  0  0  0  0], end state:[ 2 16 21  0  0  0  0  0]
INFO:Reinforcement.Functions:episode: 61, score:[2690.00], loss:[4.51413], sequence:[0], isInPoolRatio:[0.98], optActionSelectedRatio:[0.89], optActionInPoolButNotSelected:[0.07], random actions:[75], eInit:[0.5472], init state:[ 6  5 24  0  0  0  0  0], end state:[ 1  5 24  0  0  0  0  0]
INFO:Reinforcement.Functions:episode: 62, score:[2704.80], loss:[4.26839], sequence:[0], isInPoolRatio:[0.99], optActionSelectedRatio:[0.91], optActionInPoolButNotSelected:[0.05], random actions:[79], eInit:[0.5417], init state:[ 2  0 34  0  0  1  0  0], end state:[ 4  0 34  0  0  1  0  0]
INFO:Reinforcement.Functions:episode: 63, score:[2712.40], loss:[4.09162], sequence:[0], isInPoolRatio:[0.98], optActionSelectedRatio:[0.91], optActionInPoolButNotSelected:[0.05], random actions:[71], eInit:[0.5363], init state:[1 2 2 0 0 0 0 0], end state:[3 2 2 0 0 0 0 0]
INFO:Reinforcement.Functions:episode: 64, score:[2712.00], loss:[4.13868], sequence:[0], isInPoolRatio:[0.99], optActionSelectedRatio:[0.90], optActionInPoolButNotSelected:[0.07], random actions:[64], eInit:[0.5309], init state:[ 3 14 20  0  0  0  0  0], end state:[ 5 14 20  0  0  0  0  0]
INFO:Reinforcement.Functions:episode: 65, score:[2724.80], loss:[3.97905], sequence:[0], isInPoolRatio:[0.99], optActionSelectedRatio:[0.91], optActionInPoolButNotSelected:[0.06], random actions:[63], eInit:[0.5256], init state:[2 7 6 0 0 0 0 0], end state:[4 7 6 0 0 0 0 0]
INFO:Reinforcement.Functions:episode: 66, score:[2680.00], loss:[3.96926], sequence:[0], isInPoolRatio:[0.99], optActionSelectedRatio:[0.89], optActionInPoolButNotSelected:[0.08], random actions:[78], eInit:[0.5203], init state:[ 4 14 44  0  0  0  0  0], end state:[ 6 14 44  1  0  0  1  0]
INFO:Reinforcement.Functions:episode: 67, score:[2666.80], loss:[4.26428], sequence:[0], isInPoolRatio:[0.98], optActionSelectedRatio:[0.89], optActionInPoolButNotSelected:[0.07], random actions:[77], eInit:[0.5151], init state:[6 3 4 0 0 0 0 0], end state:[1 3 4 0 0 0 0 0]
INFO:Reinforcement.Functions:episode: 68, score:[2745.20], loss:[3.93736], sequence:[1], isInPoolRatio:[1.00], optActionSelectedRatio:[0.93], optActionInPoolButNotSelected:[0.05], random actions:[73], eInit:[0.5100], init state:[ 2  9 15  0  0  0  0  0], end state:[ 4  9 15  0  0  0  0  0]
INFO:Reinforcement.Functions:episode: 69, score:[2704.00], loss:[3.87477], sequence:[0], isInPoolRatio:[0.99], optActionSelectedRatio:[0.90], optActionInPoolButNotSelected:[0.06], random actions:[80], eInit:[0.5049], init state:[ 0  5 14  0  0  0  0  0], end state:[ 2  5 14  0  0  0  0  0]
INFO:Reinforcement.Functions:episode: 70, score:[2680.00], loss:[4.02311], sequence:[0], isInPoolRatio:[0.98], optActionSelectedRatio:[0.90], optActionInPoolButNotSelected:[0.06], random actions:[68], eInit:[0.4998], init state:[ 3 15 36  0  0  0  0  0], end state:[ 5 15 36  0  0  0  0  0]
INFO:Reinforcement.Functions:episode: 71, score:[2596.80], loss:[3.95137], sequence:[0], isInPoolRatio:[0.97], optActionSelectedRatio:[0.83], optActionInPoolButNotSelected:[0.13], random actions:[72], eInit:[0.4948], init state:[ 5  2 26  0  0  0  0  0], end state:[ 0  2 26  0  0  0  0  0]
INFO:Reinforcement.Functions:episode: 72, score:[2644.80], loss:[4.26008], sequence:[0], isInPoolRatio:[0.98], optActionSelectedRatio:[0.88], optActionInPoolButNotSelected:[0.08], random actions:[74], eInit:[0.4899], init state:[ 2 16 34  0  0  0  0  0], end state:[ 4 16 34  0  0  0  0  0]
INFO:Reinforcement.Functions:episode: 73, score:[2690.00], loss:[4.23283], sequence:[0], isInPoolRatio:[0.98], optActionSelectedRatio:[0.90], optActionInPoolButNotSelected:[0.06], random actions:[64], eInit:[0.4850], init state:[ 5  8 31  0  0  0  0  0], end state:[ 0  8 31  0  0  0  0  0]
INFO:Reinforcement.Functions:episode: 74, score:[2716.40], loss:[3.89885], sequence:[0], isInPoolRatio:[0.99], optActionSelectedRatio:[0.92], optActionInPoolButNotSelected:[0.04], random actions:[83], eInit:[0.4801], init state:[0 9 7 0 0 0 0 0], end state:[2 9 7 0 0 0 0 0]
INFO:Reinforcement.Functions:episode: 75, score:[2645.60], loss:[3.91161], sequence:[0], isInPoolRatio:[0.97], optActionSelectedRatio:[0.88], optActionInPoolButNotSelected:[0.06], random actions:[77], eInit:[0.4753], init state:[ 2 14 34  0  0  0  0  0], end state:[ 4 14 34  0  0  0  0  0]
INFO:Reinforcement.Functions:episode: 76, score:[2655.20], loss:[4.33493], sequence:[0], isInPoolRatio:[0.97], optActionSelectedRatio:[0.87], optActionInPoolButNotSelected:[0.09], random actions:[59], eInit:[0.4706], init state:[ 3 23 21  1  0  0  1  0], end state:[ 5 23 21  1  0  0  0  0]
INFO:Reinforcement.Functions:episode: 77, score:[2650.40], loss:[4.53803], sequence:[0], isInPoolRatio:[0.97], optActionSelectedRatio:[0.88], optActionInPoolButNotSelected:[0.07], random actions:[63], eInit:[0.4659], init state:[ 6 18 30  0  0  0  0  0], end state:[ 1 18 30  0  0  0  0  0]
INFO:Reinforcement.Functions:episode: 78, score:[2722.80], loss:[3.96587], sequence:[0], isInPoolRatio:[0.98], optActionSelectedRatio:[0.91], optActionInPoolButNotSelected:[0.04], random actions:[71], eInit:[0.4612], init state:[ 1  2 13  0  0  0  0  0], end state:[ 3  2 13  0  0  0  0  0]
INFO:Reinforcement.Functions:episode: 79, score:[2597.20], loss:[4.07391], sequence:[0], isInPoolRatio:[0.96], optActionSelectedRatio:[0.85], optActionInPoolButNotSelected:[0.09], random actions:[77], eInit:[0.4566], init state:[ 3 12 31  0  0  0  0  0], end state:[ 5 12 31  0  0  0  0  0]
INFO:Reinforcement.Functions:episode: 80, score:[2728.40], loss:[3.87787], sequence:[0], isInPoolRatio:[0.98], optActionSelectedRatio:[0.92], optActionInPoolButNotSelected:[0.03], random actions:[67], eInit:[0.4520], init state:[ 1 13 31  0  0  0  0  0], end state:[ 3 13 31  0  0  0  0  0]
INFO:Reinforcement.Functions:episode: 81, score:[2662.40], loss:[3.95273], sequence:[0], isInPoolRatio:[0.95], optActionSelectedRatio:[0.88], optActionInPoolButNotSelected:[0.05], random actions:[77], eInit:[0.4475], init state:[ 6  1 49  0  0  0  0  0], end state:[ 1  1 49  0  0  0  0  0]
INFO:Reinforcement.Functions:episode: 82, score:[2579.60], loss:[4.30141], sequence:[0], isInPoolRatio:[0.95], optActionSelectedRatio:[0.84], optActionInPoolButNotSelected:[0.09], random actions:[69], eInit:[0.4430], init state:[ 4  6 43  0  0  0  0  0], end state:[ 6  6 43  0  0  0  0  0]
INFO:Reinforcement.Functions:episode: 83, score:[2583.20], loss:[4.50921], sequence:[0], isInPoolRatio:[0.94], optActionSelectedRatio:[0.84], optActionInPoolButNotSelected:[0.09], random actions:[73], eInit:[0.4386], init state:[ 3 19 12  0  0  0  0  0], end state:[ 5 19 12  1  0  0  1  0]
INFO:Reinforcement.Functions:episode: 84, score:[2632.40], loss:[4.54778], sequence:[0], isInPoolRatio:[0.96], optActionSelectedRatio:[0.86], optActionInPoolButNotSelected:[0.08], random actions:[76], eInit:[0.4342], init state:[ 5 21  9  1  0  0  1  0], end state:[ 0 21  9  1  1  0  1  0]
INFO:Reinforcement.Functions:episode: 85, score:[2652.80], loss:[4.10628], sequence:[0], isInPoolRatio:[0.96], optActionSelectedRatio:[0.88], optActionInPoolButNotSelected:[0.07], random actions:[64], eInit:[0.4299], init state:[ 4  5 23  0  0  0  0  0], end state:[ 6  5 23  0  0  0  0  0]
INFO:Reinforcement.Functions:episode: 86, score:[2721.60], loss:[4.06456], sequence:[0], isInPoolRatio:[0.98], optActionSelectedRatio:[0.92], optActionInPoolButNotSelected:[0.04], random actions:[65], eInit:[0.4256], init state:[ 6  5 40  0  0  0  0  0], end state:[ 1  5 40  0  0  0  0  0]
INFO:Reinforcement.Functions:episode: 87, score:[2628.80], loss:[4.22951], sequence:[0], isInPoolRatio:[0.94], optActionSelectedRatio:[0.86], optActionInPoolButNotSelected:[0.07], random actions:[51], eInit:[0.4213], init state:[ 2 18 48  0  0  0  0  0], end state:[ 4 18 48  0  0  0  0  0]
INFO:Reinforcement.Functions:episode: 88, score:[2728.80], loss:[3.99135], sequence:[0], isInPoolRatio:[0.96], optActionSelectedRatio:[0.91], optActionInPoolButNotSelected:[0.03], random actions:[66], eInit:[0.4171], init state:[ 2  9 38  0  0  0  0  0], end state:[ 4  9 38  1  0  0  0  0]
INFO:Reinforcement.Functions:episode: 89, score:[2710.00], loss:[3.63458], sequence:[0], isInPoolRatio:[0.95], optActionSelectedRatio:[0.90], optActionInPoolButNotSelected:[0.03], random actions:[60], eInit:[0.4129], init state:[ 0 11 31  0  0  0  0  0], end state:[ 2 11 31  0  0  0  0  0]
INFO:Reinforcement.Functions:episode: 90, score:[2702.40], loss:[3.68133], sequence:[0], isInPoolRatio:[0.97], optActionSelectedRatio:[0.91], optActionInPoolButNotSelected:[0.04], random actions:[65], eInit:[0.4088], init state:[ 3  0 27  1  0  0  0  0], end state:[ 5  0 27  0  0  0  0  0]
INFO:Reinforcement.Functions:episode: 91, score:[2646.00], loss:[3.75841], sequence:[0], isInPoolRatio:[0.95], optActionSelectedRatio:[0.86], optActionInPoolButNotSelected:[0.07], random actions:[70], eInit:[0.4047], init state:[ 3 22 23  1  0  0  0  0], end state:[ 5 22 23  1  0  0  1  0]
INFO:Reinforcement.Functions:episode: 92, score:[2640.40], loss:[3.98075], sequence:[0], isInPoolRatio:[0.97], optActionSelectedRatio:[0.87], optActionInPoolButNotSelected:[0.08], random actions:[76], eInit:[0.4007], init state:[ 5 21  8  1  0  0  1  0], end state:[ 0 21  8  1  1  0  1  0]
INFO:Reinforcement.Functions:episode: 93, score:[2704.40], loss:[3.45345], sequence:[0], isInPoolRatio:[0.97], optActionSelectedRatio:[0.90], optActionInPoolButNotSelected:[0.05], random actions:[73], eInit:[0.3967], init state:[ 0  1 39  0  0  0  0  0], end state:[ 2  1 39  0  0  0  0  0]
INFO:Reinforcement.Functions:episode: 94, score:[2701.60], loss:[3.71259], sequence:[0], isInPoolRatio:[0.97], optActionSelectedRatio:[0.90], optActionInPoolButNotSelected:[0.05], random actions:[52], eInit:[0.3927], init state:[ 5 15 11  0  0  0  0  0], end state:[ 0 15 11  0  0  0  0  0]
INFO:Reinforcement.Functions:episode: 95, score:[2737.60], loss:[3.52136], sequence:[1], isInPoolRatio:[0.98], optActionSelectedRatio:[0.92], optActionInPoolButNotSelected:[0.04], random actions:[58], eInit:[0.3888], init state:[ 5 20 36  1  0  0  0  0], end state:[ 0 20 36  1  1  0  0  0]
INFO:Reinforcement.Functions:episode: 96, score:[2696.40], loss:[3.67366], sequence:[0], isInPoolRatio:[0.98], optActionSelectedRatio:[0.92], optActionInPoolButNotSelected:[0.04], random actions:[59], eInit:[0.3849], init state:[ 0 21 23  1  1  0  1  0], end state:[ 2 21 23  1  1  0  1  0]
INFO:Reinforcement.Functions:episode: 97, score:[2726.00], loss:[3.77813], sequence:[0], isInPoolRatio:[0.98], optActionSelectedRatio:[0.92], optActionInPoolButNotSelected:[0.04], random actions:[60], eInit:[0.3810], init state:[ 6  6 12  0  0  0  0  0], end state:[ 1  6 12  0  0  0  0  0]
INFO:Reinforcement.Functions:episode: 98, score:[2670.40], loss:[3.66344], sequence:[0], isInPoolRatio:[0.94], optActionSelectedRatio:[0.88], optActionInPoolButNotSelected:[0.05], random actions:[57], eInit:[0.3772], init state:[ 4 23 28  0  0  0  0  0], end state:[ 6 23 28  1  0  0  1  0]
INFO:Reinforcement.Functions:episode: 99, score:[2730.80], loss:[3.71791], sequence:[0], isInPoolRatio:[0.98], optActionSelectedRatio:[0.92], optActionInPoolButNotSelected:[0.04], random actions:[70], eInit:[0.3735], init state:[ 1  5 20  0  0  0  0  0], end state:[ 3  5 20  0  0  0  0  0]
INFO:Reinforcement.Functions:episode: 100, score:[2712.80], loss:[3.43853], sequence:[0], isInPoolRatio:[0.98], optActionSelectedRatio:[0.91], optActionInPoolButNotSelected:[0.05], random actions:[64], eInit:[0.3697], init state:[ 6 16 39  0  0  0  0  0], end state:[ 1 16 39  0  0  0  0  0]
INFO:Reinforcement.Functions:Saving [Actor] main model as [results/D-22-3-H-14-19-41/Actor-main-model-2.h5]
INFO:Reinforcement.Functions:Saving [Actor] target model as [results/D-22-3-H-14-19-41/Actor-target-model-2.h5]
INFO:Reinforcement.Functions:Saving [Critic] main model as [results/D-22-3-H-14-19-41/Critic-main-model-2.h5]
INFO:Reinforcement.Functions:Saving [Critic] target model as [results/D-22-3-H-14-19-41/Critic-target-model-2.h5]
INFO:Reinforcement.Functions:maxScore:(2745.1999999999944, [68]) , maxSequence:(1, [68, 95])
INFO:Reinforcement.Functions:episode: 101, score:[2705.20], loss:[3.45934], sequence:[0], isInPoolRatio:[0.97], optActionSelectedRatio:[0.90], optActionInPoolButNotSelected:[0.05], random actions:[58], eInit:[0.3660], init state:[ 1 19 44  0  0  0  0  0], end state:[ 3 19 44  0  0  0  0  0]
INFO:Reinforcement.Functions:episode: 102, score:[2723.20], loss:[3.02566], sequence:[0], isInPoolRatio:[0.98], optActionSelectedRatio:[0.91], optActionInPoolButNotSelected:[0.04], random actions:[75], eInit:[0.3624], init state:[ 1  0 51  0  0  1  0  0], end state:[ 3  0 51  0  0  1  0  0]
INFO:Reinforcement.Functions:episode: 103, score:[2700.40], loss:[3.00671], sequence:[0], isInPoolRatio:[0.96], optActionSelectedRatio:[0.91], optActionInPoolButNotSelected:[0.03], random actions:[58], eInit:[0.3587], init state:[ 3  3 35  0  0  0  0  0], end state:[ 5  3 35  0  0  0  0  0]
INFO:Reinforcement.Functions:episode: 104, score:[2740.80], loss:[2.91892], sequence:[1], isInPoolRatio:[0.97], optActionSelectedRatio:[0.92], optActionInPoolButNotSelected:[0.03], random actions:[62], eInit:[0.3552], init state:[ 0 11  2  0  0  0  0  0], end state:[ 2 11  2  0  0  0  0  0]
INFO:Reinforcement.Functions:episode: 105, score:[2732.00], loss:[2.75547], sequence:[0], isInPoolRatio:[0.98], optActionSelectedRatio:[0.91], optActionInPoolButNotSelected:[0.05], random actions:[60], eInit:[0.3516], init state:[ 1 14 22  0  0  0  0  0], end state:[ 3 14 22  0  0  0  0  0]
INFO:Reinforcement.Functions:episode: 106, score:[2651.60], loss:[2.88556], sequence:[0], isInPoolRatio:[0.93], optActionSelectedRatio:[0.85], optActionInPoolButNotSelected:[0.06], random actions:[67], eInit:[0.3481], init state:[ 5 11 11  0  0  0  0  0], end state:[ 0 11 11  0  0  0  0  0]
INFO:Reinforcement.Functions:episode: 107, score:[2749.20], loss:[2.86766], sequence:[1], isInPoolRatio:[1.00], optActionSelectedRatio:[0.93], optActionInPoolButNotSelected:[0.05], random actions:[56], eInit:[0.3446], init state:[ 4 13 41  0  0  0  0  0], end state:[ 6 13 41  0  0  0  0  0]
INFO:Reinforcement.Functions:episode: 108, score:[2749.60], loss:[2.67760], sequence:[2], isInPoolRatio:[1.00], optActionSelectedRatio:[0.92], optActionInPoolButNotSelected:[0.06], random actions:[48], eInit:[0.3412], init state:[ 4  3 15  0  0  0  0  0], end state:[ 6  3 15  0  0  0  0  0]
INFO:Reinforcement.Functions:episode: 109, score:[2792.80], loss:[2.51297], sequence:[3], isInPoolRatio:[0.99], optActionSelectedRatio:[0.96], optActionInPoolButNotSelected:[0.02], random actions:[49], eInit:[0.3378], init state:[ 0 14 28  0  0  0  0  0], end state:[ 2 14 28  0  0  0  0  0]
INFO:Reinforcement.Functions:episode: 110, score:[2667.60], loss:[2.96552], sequence:[0], isInPoolRatio:[0.97], optActionSelectedRatio:[0.89], optActionInPoolButNotSelected:[0.06], random actions:[66], eInit:[0.3344], init state:[ 4  7 23  0  0  0  0  0], end state:[ 6  7 23  0  0  0  0  0]
INFO:Reinforcement.Functions:episode: 111, score:[2734.00], loss:[2.48608], sequence:[0], isInPoolRatio:[1.00], optActionSelectedRatio:[0.92], optActionInPoolButNotSelected:[0.06], random actions:[68], eInit:[0.3310], init state:[ 4  2 52  0  0  0  0  0], end state:[ 6  2 52  0  0  0  0  0]
INFO:Reinforcement.Functions:episode: 112, score:[2680.40], loss:[2.77281], sequence:[0], isInPoolRatio:[0.99], optActionSelectedRatio:[0.90], optActionInPoolButNotSelected:[0.07], random actions:[56], eInit:[0.3277], init state:[ 4  6 33  0  0  0  0  0], end state:[ 6  6 33  0  0  0  0  0]
INFO:Reinforcement.Functions:episode: 113, score:[2683.60], loss:[2.91793], sequence:[0], isInPoolRatio:[0.98], optActionSelectedRatio:[0.90], optActionInPoolButNotSelected:[0.06], random actions:[69], eInit:[0.3244], init state:[ 4  8 58  0  0  0  0  0], end state:[ 6  8 58  1  1  0  0  0]
INFO:Reinforcement.Functions:episode: 114, score:[2714.40], loss:[2.77198], sequence:[0], isInPoolRatio:[0.98], optActionSelectedRatio:[0.92], optActionInPoolButNotSelected:[0.05], random actions:[65], eInit:[0.3212], init state:[ 2 13 26  0  0  0  0  0], end state:[ 4 13 26  1  1  0  0  0]
INFO:Reinforcement.Functions:episode: 115, score:[2724.00], loss:[2.87137], sequence:[0], isInPoolRatio:[0.99], optActionSelectedRatio:[0.91], optActionInPoolButNotSelected:[0.07], random actions:[58], eInit:[0.3180], init state:[ 4  6 47  0  0  0  0  0], end state:[ 6  6 47  0  0  0  0  0]
INFO:Reinforcement.Functions:episode: 116, score:[2732.80], loss:[2.78020], sequence:[0], isInPoolRatio:[0.99], optActionSelectedRatio:[0.93], optActionInPoolButNotSelected:[0.05], random actions:[58], eInit:[0.3148], init state:[ 3  8 15  1  0  0  0  0], end state:[ 5  8 15  0  0  0  0  0]
INFO:Reinforcement.Functions:episode: 117, score:[2724.40], loss:[2.71652], sequence:[0], isInPoolRatio:[0.98], optActionSelectedRatio:[0.92], optActionInPoolButNotSelected:[0.04], random actions:[51], eInit:[0.3117], init state:[ 2 16 48  0  0  0  0  0], end state:[ 4 16 48  0  0  0  0  0]
INFO:Reinforcement.Functions:episode: 118, score:[2735.20], loss:[2.80671], sequence:[0], isInPoolRatio:[0.98], optActionSelectedRatio:[0.93], optActionInPoolButNotSelected:[0.03], random actions:[44], eInit:[0.3085], init state:[ 6 18 57  0  0  0  0  0], end state:[ 1 18 57  0  0  0  0  0]
INFO:Reinforcement.Functions:episode: 119, score:[2718.80], loss:[2.63427], sequence:[0], isInPoolRatio:[1.00], optActionSelectedRatio:[0.91], optActionInPoolButNotSelected:[0.07], random actions:[61], eInit:[0.3055], init state:[4 5 4 0 0 0 0 0], end state:[6 5 4 0 0 1 1 0]
INFO:Reinforcement.Functions:episode: 120, score:[2735.20], loss:[2.88658], sequence:[0], isInPoolRatio:[0.99], optActionSelectedRatio:[0.92], optActionInPoolButNotSelected:[0.06], random actions:[46], eInit:[0.3024], init state:[ 3 20 22  0  0  0  0  0], end state:[ 5 20 22  1  0  0  0  0]
INFO:Reinforcement.Functions:episode: 121, score:[2731.60], loss:[2.90863], sequence:[0], isInPoolRatio:[0.99], optActionSelectedRatio:[0.91], optActionInPoolButNotSelected:[0.07], random actions:[44], eInit:[0.2994], init state:[ 4  5 14  0  0  0  0  0], end state:[ 6  5 14  0  0  0  0  0]
INFO:Reinforcement.Functions:episode: 122, score:[2700.80], loss:[2.90841], sequence:[0], isInPoolRatio:[0.98], optActionSelectedRatio:[0.91], optActionInPoolButNotSelected:[0.06], random actions:[49], eInit:[0.2964], init state:[6 9 4 0 0 0 0 0], end state:[1 9 4 0 0 0 0 0]
INFO:Reinforcement.Functions:episode: 123, score:[2713.60], loss:[2.85532], sequence:[0], isInPoolRatio:[0.99], optActionSelectedRatio:[0.92], optActionInPoolButNotSelected:[0.05], random actions:[64], eInit:[0.2934], init state:[ 3  1 38  0  0  0  0  0], end state:[ 5  1 38  0  0  0  0  0]
INFO:Reinforcement.Functions:episode: 124, score:[2760.40], loss:[2.71605], sequence:[1], isInPoolRatio:[0.99], optActionSelectedRatio:[0.94], optActionInPoolButNotSelected:[0.03], random actions:[65], eInit:[0.2905], init state:[ 0  1 43  0  0  0  0  0], end state:[ 2  1 43  0  0  0  0  0]
INFO:Reinforcement.Functions:episode: 125, score:[2686.00], loss:[2.86531], sequence:[0], isInPoolRatio:[0.99], optActionSelectedRatio:[0.89], optActionInPoolButNotSelected:[0.08], random actions:[54], eInit:[0.2876], init state:[ 5 22 53  1  0  0  1  0], end state:[ 0 22 53  1  0  0  0  0]
INFO:Reinforcement.Functions:episode: 126, score:[2752.80], loss:[2.77414], sequence:[1], isInPoolRatio:[0.99], optActionSelectedRatio:[0.94], optActionInPoolButNotSelected:[0.03], random actions:[57], eInit:[0.2847], init state:[ 1 14  0  0  0  0  0  0], end state:[ 3 14  0  0  0  0  0  0]
INFO:Reinforcement.Functions:episode: 127, score:[2754.00], loss:[2.61531], sequence:[2], isInPoolRatio:[0.99], optActionSelectedRatio:[0.93], optActionInPoolButNotSelected:[0.04], random actions:[58], eInit:[0.2819], init state:[ 0 15 46  0  0  0  0  0], end state:[ 2 15 46  0  0  0  0  0]
INFO:Reinforcement.Functions:episode: 128, score:[2767.20], loss:[2.44710], sequence:[3], isInPoolRatio:[0.99], optActionSelectedRatio:[0.94], optActionInPoolButNotSelected:[0.04], random actions:[48], eInit:[0.2790], init state:[ 2 10 42  0  0  0  0  0], end state:[ 4 10 42  1  1  0  1  0]
INFO:Reinforcement.Functions:episode: 129, score:[2766.40], loss:[2.50263], sequence:[4], isInPoolRatio:[1.00], optActionSelectedRatio:[0.94], optActionInPoolButNotSelected:[0.04], random actions:[55], eInit:[0.2763], init state:[ 4 19 14  0  0  0  0  0], end state:[ 6 19 14  0  0  0  0  0]
INFO:Reinforcement.Functions:episode: 130, score:[2754.00], loss:[2.50520], sequence:[5], isInPoolRatio:[0.99], optActionSelectedRatio:[0.94], optActionInPoolButNotSelected:[0.04], random actions:[49], eInit:[0.2735], init state:[ 0 16 11  0  0  0  0  0], end state:[ 2 16 11  0  0  0  0  0]
INFO:Reinforcement.Functions:episode: 131, score:[2726.40], loss:[2.66097], sequence:[0], isInPoolRatio:[0.99], optActionSelectedRatio:[0.92], optActionInPoolButNotSelected:[0.05], random actions:[61], eInit:[0.2708], init state:[ 5 12 11  0  0  0  0  0], end state:[ 0 12 11  0  0  0  0  0]
INFO:Reinforcement.Functions:episode: 132, score:[2730.00], loss:[3.08174], sequence:[0], isInPoolRatio:[0.99], optActionSelectedRatio:[0.93], optActionInPoolButNotSelected:[0.05], random actions:[45], eInit:[0.2680], init state:[ 6 18 35  0  0  0  0  0], end state:[ 1 18 35  0  0  0  0  0]
INFO:Reinforcement.Functions:episode: 133, score:[2764.00], loss:[2.55448], sequence:[1], isInPoolRatio:[0.99], optActionSelectedRatio:[0.93], optActionInPoolButNotSelected:[0.05], random actions:[47], eInit:[0.2654], init state:[ 4 23 49  0  0  0  0  0], end state:[ 6 23 49  1  0  0  0  0]
INFO:Reinforcement.Functions:episode: 134, score:[2676.80], loss:[2.80380], sequence:[0], isInPoolRatio:[0.97], optActionSelectedRatio:[0.90], optActionInPoolButNotSelected:[0.06], random actions:[51], eInit:[0.2627], init state:[ 3  5 10  0  0  0  0  0], end state:[ 5  5 10  0  0  0  0  0]
INFO:Reinforcement.Functions:episode: 135, score:[2781.20], loss:[2.61592], sequence:[1], isInPoolRatio:[1.00], optActionSelectedRatio:[0.95], optActionInPoolButNotSelected:[0.03], random actions:[44], eInit:[0.2601], init state:[ 2  1 56  0  0  0  0  0], end state:[ 4  1 56  0  0  0  0  0]
INFO:Reinforcement.Functions:episode: 136, score:[2766.80], loss:[2.55343], sequence:[2], isInPoolRatio:[0.99], optActionSelectedRatio:[0.94], optActionInPoolButNotSelected:[0.04], random actions:[57], eInit:[0.2575], init state:[ 6 14 15  0  0  0  0  0], end state:[ 1 14 15  0  0  0  0  0]
INFO:Reinforcement.Functions:episode: 137, score:[2720.40], loss:[2.36810], sequence:[0], isInPoolRatio:[0.99], optActionSelectedRatio:[0.92], optActionInPoolButNotSelected:[0.05], random actions:[59], eInit:[0.2549], init state:[0 4 1 0 0 0 0 0], end state:[2 4 1 0 0 0 0 0]
INFO:Reinforcement.Functions:episode: 138, score:[2728.00], loss:[2.41488], sequence:[0], isInPoolRatio:[0.99], optActionSelectedRatio:[0.92], optActionInPoolButNotSelected:[0.06], random actions:[48], eInit:[0.2524], init state:[ 5 21 47  1  0  0  1  0], end state:[ 0 21 47  1  0  0  0  0]
INFO:Reinforcement.Functions:episode: 139, score:[2727.20], loss:[2.52860], sequence:[0], isInPoolRatio:[0.98], optActionSelectedRatio:[0.93], optActionInPoolButNotSelected:[0.04], random actions:[48], eInit:[0.2498], init state:[3 4 4 0 0 0 0 0], end state:[5 4 4 0 0 0 0 0]
INFO:Reinforcement.Functions:episode: 140, score:[2720.00], loss:[2.72120], sequence:[0], isInPoolRatio:[0.99], optActionSelectedRatio:[0.92], optActionInPoolButNotSelected:[0.06], random actions:[53], eInit:[0.2473], init state:[4 6 3 0 0 0 0 0], end state:[6 6 3 0 0 0 0 0]
INFO:Reinforcement.Functions:episode: 141, score:[2710.80], loss:[2.67327], sequence:[0], isInPoolRatio:[0.99], optActionSelectedRatio:[0.91], optActionInPoolButNotSelected:[0.06], random actions:[53], eInit:[0.2449], init state:[ 2 22  5  1  0  0  0  0], end state:[ 4 22  5  0  0  0  0  0]
INFO:Reinforcement.Functions:episode: 142, score:[2781.20], loss:[2.59032], sequence:[1], isInPoolRatio:[0.99], optActionSelectedRatio:[0.95], optActionInPoolButNotSelected:[0.03], random actions:[46], eInit:[0.2424], init state:[ 3 11 21  0  0  0  0  0], end state:[ 5 11 21  0  0  0  0  0]
INFO:Reinforcement.Functions:episode: 143, score:[2748.00], loss:[2.30570], sequence:[2], isInPoolRatio:[0.98], optActionSelectedRatio:[0.93], optActionInPoolButNotSelected:[0.04], random actions:[41], eInit:[0.2400], init state:[ 2 15 18  0  0  0  0  0], end state:[ 4 15 18  0  0  0  0  0]
INFO:Reinforcement.Functions:episode: 144, score:[2718.00], loss:[2.48427], sequence:[0], isInPoolRatio:[0.99], optActionSelectedRatio:[0.91], optActionInPoolButNotSelected:[0.06], random actions:[50], eInit:[0.2376], init state:[ 3 23 20  1  0  0  1  0], end state:[ 5 23 20  1  0  0  0  0]
INFO:Reinforcement.Functions:episode: 145, score:[2756.00], loss:[2.59530], sequence:[1], isInPoolRatio:[0.99], optActionSelectedRatio:[0.94], optActionInPoolButNotSelected:[0.03], random actions:[58], eInit:[0.2352], init state:[ 1 22 36  1  0  0  0  0], end state:[ 3 22 36  1  0  0  0  0]
INFO:Reinforcement.Functions:episode: 146, score:[2758.00], loss:[2.35765], sequence:[2], isInPoolRatio:[1.00], optActionSelectedRatio:[0.93], optActionInPoolButNotSelected:[0.05], random actions:[51], eInit:[0.2329], init state:[ 6 17  6  0  0  0  0  0], end state:[ 1 17  6  0  0  0  0  0]
INFO:Reinforcement.Functions:episode: 147, score:[2764.80], loss:[2.08955], sequence:[3], isInPoolRatio:[0.99], optActionSelectedRatio:[0.94], optActionInPoolButNotSelected:[0.03], random actions:[63], eInit:[0.2305], init state:[ 2 12 14  0  0  0  0  0], end state:[ 4 12 14  1  1  0  0  0]
INFO:Reinforcement.Functions:episode: 148, score:[2748.80], loss:[2.37454], sequence:[4], isInPoolRatio:[0.99], optActionSelectedRatio:[0.93], optActionInPoolButNotSelected:[0.05], random actions:[50], eInit:[0.2282], init state:[ 5 21 26  1  0  0  1  1], end state:[ 0 21 26  1  0  0  1  0]
INFO:Reinforcement.Functions:episode: 149, score:[2800.40], loss:[2.06649], sequence:[5], isInPoolRatio:[1.00], optActionSelectedRatio:[0.95], optActionInPoolButNotSelected:[0.03], random actions:[36], eInit:[0.2259], init state:[ 0 16 49  0  0  0  0  0], end state:[ 2 16 49  0  0  0  0  0]
INFO:Reinforcement.Functions:episode: 150, score:[2784.80], loss:[2.06130], sequence:[6], isInPoolRatio:[0.99], optActionSelectedRatio:[0.95], optActionInPoolButNotSelected:[0.03], random actions:[43], eInit:[0.2237], init state:[ 2 12 40  0  0  0  0  0], end state:[ 4 12 40  1  1  0  0  0]
INFO:Reinforcement.Functions:Saving [Actor] main model as [results/D-22-3-H-14-19-41/Actor-main-model-0.h5]
INFO:Reinforcement.Functions:Saving [Actor] target model as [results/D-22-3-H-14-19-41/Actor-target-model-0.h5]
INFO:Reinforcement.Functions:Saving [Critic] main model as [results/D-22-3-H-14-19-41/Critic-main-model-0.h5]
INFO:Reinforcement.Functions:Saving [Critic] target model as [results/D-22-3-H-14-19-41/Critic-target-model-0.h5]
INFO:Reinforcement.Functions:maxScore:(2800.399999999995, [149]) , maxSequence:(6, [150])
INFO:Reinforcement.Functions:episode: 151, score:[2706.00], loss:[2.18847], sequence:[0], isInPoolRatio:[0.98], optActionSelectedRatio:[0.92], optActionInPoolButNotSelected:[0.04], random actions:[59], eInit:[0.2215], init state:[ 4  5 17  0  0  0  0  0], end state:[ 6  5 17  0  0  0  0  0]
INFO:Reinforcement.Functions:episode: 152, score:[2767.60], loss:[2.00900], sequence:[1], isInPoolRatio:[0.99], optActionSelectedRatio:[0.94], optActionInPoolButNotSelected:[0.04], random actions:[44], eInit:[0.2192], init state:[ 4  1 16  0  0  0  0  0], end state:[ 6  1 16  0  0  0  0  0]
INFO:Reinforcement.Functions:episode: 153, score:[2784.80], loss:[1.96208], sequence:[2], isInPoolRatio:[0.99], optActionSelectedRatio:[0.95], optActionInPoolButNotSelected:[0.03], random actions:[43], eInit:[0.2170], init state:[ 2  8 29  1  0  0  0  0], end state:[ 4  8 29  0  0  0  0  0]
INFO:Reinforcement.Functions:episode: 154, score:[2749.20], loss:[2.00611], sequence:[3], isInPoolRatio:[0.99], optActionSelectedRatio:[0.93], optActionInPoolButNotSelected:[0.04], random actions:[50], eInit:[0.2149], init state:[ 4  2 19  0  0  0  0  0], end state:[ 6  2 19  0  0  0  0  0]
INFO:Reinforcement.Functions:episode: 155, score:[2732.00], loss:[2.39845], sequence:[0], isInPoolRatio:[0.99], optActionSelectedRatio:[0.92], optActionInPoolButNotSelected:[0.05], random actions:[57], eInit:[0.2127], init state:[ 6 20 50  1  1  0  1  0], end state:[ 1 20 50  1  0  0  1  0]
INFO:Reinforcement.Functions:episode: 156, score:[2756.00], loss:[2.27279], sequence:[1], isInPoolRatio:[0.99], optActionSelectedRatio:[0.94], optActionInPoolButNotSelected:[0.04], random actions:[50], eInit:[0.2106], init state:[ 5  1 13  0  0  0  0  0], end state:[ 0  1 13  0  0  0  0  0]
INFO:Reinforcement.Functions:episode: 157, score:[2764.80], loss:[2.34060], sequence:[2], isInPoolRatio:[1.00], optActionSelectedRatio:[0.94], optActionInPoolButNotSelected:[0.04], random actions:[57], eInit:[0.2085], init state:[ 0 16 39  0  0  0  0  0], end state:[ 2 16 39  0  0  0  0  0]
INFO:Reinforcement.Functions:episode: 158, score:[2802.40], loss:[2.09632], sequence:[3], isInPoolRatio:[0.99], optActionSelectedRatio:[0.96], optActionInPoolButNotSelected:[0.03], random actions:[24], eInit:[0.2064], init state:[ 5  2 34  0  0  0  0  0], end state:[ 0  2 34  0  0  0  0  0]
INFO:Reinforcement.Functions:episode: 159, score:[2766.40], loss:[2.32890], sequence:[4], isInPoolRatio:[0.98], optActionSelectedRatio:[0.94], optActionInPoolButNotSelected:[0.03], random actions:[42], eInit:[0.2043], init state:[ 0 17 43  0  0  0  0  0], end state:[ 2 17 43  0  0  0  0  0]
INFO:Reinforcement.Functions:episode: 160, score:[2766.40], loss:[2.00914], sequence:[5], isInPoolRatio:[0.99], optActionSelectedRatio:[0.94], optActionInPoolButNotSelected:[0.04], random actions:[39], eInit:[0.2023], init state:[ 3  6 12  0  0  0  0  0], end state:[ 5  6 12  0  0  0  0  0]
INFO:Reinforcement.Functions:episode: 161, score:[2747.20], loss:[1.97033], sequence:[6], isInPoolRatio:[0.99], optActionSelectedRatio:[0.92], optActionInPoolButNotSelected:[0.05], random actions:[47], eInit:[0.2003], init state:[ 2 14 33  0  0  0  0  0], end state:[ 4 14 33  0  0  0  0  0]
INFO:Reinforcement.Functions:episode: 162, score:[2746.40], loss:[2.16521], sequence:[7], isInPoolRatio:[0.98], optActionSelectedRatio:[0.94], optActionInPoolButNotSelected:[0.03], random actions:[50], eInit:[0.1983], init state:[0 1 1 0 0 1 0 0], end state:[2 1 1 0 0 1 0 0]
INFO:Reinforcement.Functions:episode: 163, score:[2780.80], loss:[2.06331], sequence:[8], isInPoolRatio:[1.00], optActionSelectedRatio:[0.94], optActionInPoolButNotSelected:[0.04], random actions:[48], eInit:[0.1963], init state:[ 3 12 23  0  0  0  0  0], end state:[ 5 12 23  0  0  0  0  0]
INFO:Reinforcement.Functions:episode: 164, score:[2783.20], loss:[1.90815], sequence:[9], isInPoolRatio:[1.00], optActionSelectedRatio:[0.95], optActionInPoolButNotSelected:[0.03], random actions:[35], eInit:[0.1943], init state:[ 6 17 14  0  0  0  0  0], end state:[ 1 17 14  0  0  0  0  0]
INFO:Reinforcement.Functions:episode: 165, score:[2728.00], loss:[1.89411], sequence:[0], isInPoolRatio:[1.00], optActionSelectedRatio:[0.91], optActionInPoolButNotSelected:[0.07], random actions:[45], eInit:[0.1924], init state:[4 3 5 0 0 0 0 0], end state:[6 3 5 0 0 0 0 0]
INFO:Reinforcement.Functions:episode: 166, score:[2799.20], loss:[1.96878], sequence:[1], isInPoolRatio:[1.00], optActionSelectedRatio:[0.96], optActionInPoolButNotSelected:[0.02], random actions:[46], eInit:[0.1905], init state:[ 0 10 12  0  0  0  0  0], end state:[ 2 10 12  0  0  0  0  0]
INFO:Reinforcement.Functions:episode: 167, score:[2748.40], loss:[1.99568], sequence:[2], isInPoolRatio:[0.99], optActionSelectedRatio:[0.93], optActionInPoolButNotSelected:[0.05], random actions:[49], eInit:[0.1886], init state:[ 3 18 14  0  0  0  0  0], end state:[ 5 18 14  1  1  0  1  0]
INFO:Reinforcement.Functions:episode: 168, score:[2790.80], loss:[1.87890], sequence:[3], isInPoolRatio:[0.99], optActionSelectedRatio:[0.95], optActionInPoolButNotSelected:[0.03], random actions:[41], eInit:[0.1867], init state:[ 3 10 38  0  0  0  0  0], end state:[ 5 10 38  0  0  0  0  0]
INFO:Reinforcement.Functions:episode: 169, score:[2794.00], loss:[1.80875], sequence:[4], isInPoolRatio:[0.99], optActionSelectedRatio:[0.96], optActionInPoolButNotSelected:[0.02], random actions:[51], eInit:[0.1848], init state:[ 1  3 58  0  0  0  0  0], end state:[ 3  3 58  0  0  0  0  0]
INFO:Reinforcement.Functions:episode: 170, score:[2742.40], loss:[1.99006], sequence:[5], isInPoolRatio:[0.99], optActionSelectedRatio:[0.93], optActionInPoolButNotSelected:[0.04], random actions:[52], eInit:[0.1830], init state:[ 4 20 20  0  0  0  0  0], end state:[ 6 20 20  0  0  0  0  0]
INFO:Reinforcement.Functions:episode: 171, score:[2727.20], loss:[2.04291], sequence:[0], isInPoolRatio:[0.98], optActionSelectedRatio:[0.91], optActionInPoolButNotSelected:[0.05], random actions:[46], eInit:[0.1811], init state:[ 3 19 30  0  0  0  0  0], end state:[ 5 19 30  1  0  0  1  0]
INFO:Reinforcement.Functions:episode: 172, score:[2761.60], loss:[1.95398], sequence:[1], isInPoolRatio:[0.99], optActionSelectedRatio:[0.94], optActionInPoolButNotSelected:[0.04], random actions:[40], eInit:[0.1793], init state:[ 6 23 47  1  0  0  0  0], end state:[ 1 23 47  1  0  0  0  0]
INFO:Reinforcement.Functions:episode: 173, score:[2705.60], loss:[2.09264], sequence:[0], isInPoolRatio:[0.97], optActionSelectedRatio:[0.93], optActionInPoolButNotSelected:[0.03], random actions:[46], eInit:[0.1775], init state:[ 5  6 33  0  0  0  0  0], end state:[ 0  6 33  0  0  0  0  0]
INFO:Reinforcement.Functions:episode: 174, score:[2788.00], loss:[1.69372], sequence:[1], isInPoolRatio:[0.99], optActionSelectedRatio:[0.95], optActionInPoolButNotSelected:[0.03], random actions:[42], eInit:[0.1757], init state:[4 4 1 0 0 0 0 0], end state:[6 4 1 0 0 0 0 0]
INFO:Reinforcement.Functions:episode: 175, score:[2799.20], loss:[1.92772], sequence:[2], isInPoolRatio:[0.99], optActionSelectedRatio:[0.96], optActionInPoolButNotSelected:[0.02], random actions:[37], eInit:[0.1740], init state:[ 0  8 17  1  0  0  0  0], end state:[ 2  8 17  1  0  0  0  0]
INFO:Reinforcement.Functions:episode: 176, score:[2779.20], loss:[1.70118], sequence:[3], isInPoolRatio:[0.99], optActionSelectedRatio:[0.94], optActionInPoolButNotSelected:[0.03], random actions:[35], eInit:[0.1722], init state:[ 6 15 49  0  0  0  0  0], end state:[ 1 15 49  0  0  0  0  0]
INFO:Reinforcement.Functions:episode: 177, score:[2752.40], loss:[1.77715], sequence:[4], isInPoolRatio:[0.98], optActionSelectedRatio:[0.94], optActionInPoolButNotSelected:[0.03], random actions:[40], eInit:[0.1705], init state:[ 4  1 45  0  0  0  0  0], end state:[ 6  1 45  0  0  0  0  0]
INFO:Reinforcement.Functions:episode: 178, score:[2756.00], loss:[1.99204], sequence:[5], isInPoolRatio:[0.99], optActionSelectedRatio:[0.94], optActionInPoolButNotSelected:[0.04], random actions:[48], eInit:[0.1688], init state:[ 6  8 17  1  0  0  0  0], end state:[ 1  8 17  1  0  0  0  0]
INFO:Reinforcement.Functions:episode: 179, score:[2789.20], loss:[1.61277], sequence:[6], isInPoolRatio:[0.99], optActionSelectedRatio:[0.96], optActionInPoolButNotSelected:[0.02], random actions:[48], eInit:[0.1671], init state:[ 1 16  0  0  0  0  0  0], end state:[ 3 16  0  0  0  0  0  0]
INFO:Reinforcement.Functions:episode: 180, score:[2766.40], loss:[1.78353], sequence:[7], isInPoolRatio:[0.99], optActionSelectedRatio:[0.94], optActionInPoolButNotSelected:[0.04], random actions:[41], eInit:[0.1655], init state:[ 6  1 29  0  0  0  0  0], end state:[ 1  1 29  0  0  0  0  0]
INFO:Reinforcement.Functions:episode: 181, score:[2793.60], loss:[1.79323], sequence:[8], isInPoolRatio:[0.99], optActionSelectedRatio:[0.95], optActionInPoolButNotSelected:[0.03], random actions:[42], eInit:[0.1638], init state:[ 6 13 18  0  0  0  0  0], end state:[ 1 13 18  0  0  0  0  0]
INFO:Reinforcement.Functions:episode: 182, score:[2749.60], loss:[1.63574], sequence:[9], isInPoolRatio:[0.99], optActionSelectedRatio:[0.94], optActionInPoolButNotSelected:[0.04], random actions:[41], eInit:[0.1622], init state:[ 2 15 31  0  0  0  0  0], end state:[ 4 15 31  0  0  0  0  0]
INFO:Reinforcement.Functions:episode: 183, score:[2761.20], loss:[1.74403], sequence:[10], isInPoolRatio:[0.99], optActionSelectedRatio:[0.94], optActionInPoolButNotSelected:[0.04], random actions:[46], eInit:[0.1605], init state:[ 3 15  8  0  0  0  0  0], end state:[ 5 15  8  0  0  0  0  0]
INFO:Reinforcement.Functions:episode: 184, score:[2737.60], loss:[1.89023], sequence:[11], isInPoolRatio:[0.99], optActionSelectedRatio:[0.92], optActionInPoolButNotSelected:[0.05], random actions:[41], eInit:[0.1589], init state:[ 5  9 53  0  0  0  0  0], end state:[ 0  9 53  0  0  0  0  0]
INFO:Reinforcement.Functions:episode: 185, score:[2784.80], loss:[1.92399], sequence:[12], isInPoolRatio:[0.99], optActionSelectedRatio:[0.95], optActionInPoolButNotSelected:[0.03], random actions:[37], eInit:[0.1574], init state:[ 6 20 13  0  0  0  0  0], end state:[ 1 20 13  0  0  0  1  0]
INFO:Reinforcement.Functions:episode: 186, score:[2756.00], loss:[1.90886], sequence:[13], isInPoolRatio:[0.99], optActionSelectedRatio:[0.94], optActionInPoolButNotSelected:[0.03], random actions:[47], eInit:[0.1558], init state:[ 1 15 19  0  0  0  0  0], end state:[ 3 15 19  0  0  0  0  0]
INFO:Reinforcement.Functions:episode: 187, score:[2790.00], loss:[1.75012], sequence:[14], isInPoolRatio:[0.99], optActionSelectedRatio:[0.96], optActionInPoolButNotSelected:[0.02], random actions:[49], eInit:[0.1542], init state:[ 1  7 17  0  0  0  0  0], end state:[ 3  7 17  0  0  0  0  0]
INFO:Reinforcement.Functions:episode: 188, score:[2766.80], loss:[1.96920], sequence:[15], isInPoolRatio:[0.99], optActionSelectedRatio:[0.95], optActionInPoolButNotSelected:[0.03], random actions:[40], eInit:[0.1527], init state:[ 6  4 56  0  0  0  0  0], end state:[ 1  4 56  0  0  0  0  0]
INFO:Reinforcement.Functions:episode: 189, score:[2809.60], loss:[1.79744], sequence:[16], isInPoolRatio:[1.00], optActionSelectedRatio:[0.96], optActionInPoolButNotSelected:[0.02], random actions:[36], eInit:[0.1512], init state:[ 6 21 55  1  0  0  0  0], end state:[ 1 21 55  1  0  0  0  0]
INFO:Reinforcement.Functions:episode: 190, score:[2671.20], loss:[2.00873], sequence:[0], isInPoolRatio:[0.97], optActionSelectedRatio:[0.89], optActionInPoolButNotSelected:[0.08], random actions:[37], eInit:[0.1496], init state:[ 4 10 58  1  1  0  1  0], end state:[ 6 10 58  0  0  0  0  0]
INFO:Reinforcement.Functions:episode: 191, score:[2735.60], loss:[2.09388], sequence:[0], isInPoolRatio:[0.98], optActionSelectedRatio:[0.92], optActionInPoolButNotSelected:[0.05], random actions:[30], eInit:[0.1481], init state:[ 4  4 17  0  0  0  0  0], end state:[ 6  4 17  0  0  0  0  0]
INFO:Reinforcement.Functions:episode: 192, score:[2767.20], loss:[2.18741], sequence:[1], isInPoolRatio:[0.99], optActionSelectedRatio:[0.95], optActionInPoolButNotSelected:[0.03], random actions:[41], eInit:[0.1467], init state:[ 6  7 11  0  0  0  0  0], end state:[ 1  7 11  0  0  0  0  0]
INFO:Reinforcement.Functions:episode: 193, score:[2738.40], loss:[2.40977], sequence:[2], isInPoolRatio:[0.98], optActionSelectedRatio:[0.93], optActionInPoolButNotSelected:[0.04], random actions:[48], eInit:[0.1452], init state:[ 4 14 38  0  0  0  0  0], end state:[ 6 14 38  0  0  0  0  0]
INFO:Reinforcement.Functions:episode: 194, score:[2733.60], loss:[2.20917], sequence:[0], isInPoolRatio:[0.98], optActionSelectedRatio:[0.92], optActionInPoolButNotSelected:[0.05], random actions:[42], eInit:[0.1437], init state:[ 4  3 46  0  0  0  0  0], end state:[ 6  3 46  0  0  0  0  0]
INFO:Reinforcement.Functions:episode: 195, score:[2700.80], loss:[2.16828], sequence:[0], isInPoolRatio:[0.97], optActionSelectedRatio:[0.89], optActionInPoolButNotSelected:[0.07], random actions:[39], eInit:[0.1423], init state:[ 2 23 23  1  0  0  1  0], end state:[ 4 23 23  0  0  0  0  0]
INFO:Reinforcement.Functions:episode: 196, score:[2776.40], loss:[2.12252], sequence:[1], isInPoolRatio:[0.98], optActionSelectedRatio:[0.94], optActionInPoolButNotSelected:[0.03], random actions:[35], eInit:[0.1409], init state:[ 3 22 25  1  0  0  0  0], end state:[ 5 22 25  1  0  0  1  0]
INFO:Reinforcement.Functions:episode: 197, score:[2706.80], loss:[2.24256], sequence:[0], isInPoolRatio:[0.96], optActionSelectedRatio:[0.91], optActionInPoolButNotSelected:[0.04], random actions:[38], eInit:[0.1395], init state:[ 3 17 17  0  0  0  0  0], end state:[ 5 17 17  0  0  0  0  0]
INFO:Reinforcement.Functions:episode: 198, score:[2781.20], loss:[1.99505], sequence:[1], isInPoolRatio:[0.99], optActionSelectedRatio:[0.95], optActionInPoolButNotSelected:[0.03], random actions:[38], eInit:[0.1381], init state:[ 5  3 35  0  0  0  0  0], end state:[ 0  3 35  0  0  0  0  0]
INFO:Reinforcement.Functions:episode: 199, score:[2789.60], loss:[2.00351], sequence:[2], isInPoolRatio:[1.00], optActionSelectedRatio:[0.96], optActionInPoolButNotSelected:[0.02], random actions:[49], eInit:[0.1367], init state:[ 4 15 36  0  0  0  0  0], end state:[ 6 15 36  0  0  0  0  0]
INFO:Reinforcement.Functions:episode: 200, score:[2766.40], loss:[1.93073], sequence:[3], isInPoolRatio:[0.99], optActionSelectedRatio:[0.94], optActionInPoolButNotSelected:[0.05], random actions:[41], eInit:[0.1353], init state:[ 5  7 16  0  0  0  0  0], end state:[ 0  7 16  0  0  0  0  0]
INFO:Reinforcement.Functions:Saving [Actor] main model as [results/D-22-3-H-14-19-41/Actor-main-model-1.h5]
INFO:Reinforcement.Functions:Saving [Actor] target model as [results/D-22-3-H-14-19-41/Actor-target-model-1.h5]
INFO:Reinforcement.Functions:Saving [Critic] main model as [results/D-22-3-H-14-19-41/Critic-main-model-1.h5]
INFO:Reinforcement.Functions:Saving [Critic] target model as [results/D-22-3-H-14-19-41/Critic-target-model-1.h5]
INFO:Reinforcement.Functions:maxScore:(2809.5999999999954, [189]) , maxSequence:(16, [189])
INFO:Reinforcement.Functions:episode: 201, score:[2761.20], loss:[2.05230], sequence:[4], isInPoolRatio:[0.99], optActionSelectedRatio:[0.93], optActionInPoolButNotSelected:[0.05], random actions:[45], eInit:[0.1340], init state:[ 5 12  7  0  0  0  0  0], end state:[ 0 12  7  0  0  0  0  0]
INFO:Reinforcement.Functions:episode: 202, score:[2773.60], loss:[2.01262], sequence:[5], isInPoolRatio:[0.99], optActionSelectedRatio:[0.94], optActionInPoolButNotSelected:[0.04], random actions:[39], eInit:[0.1326], init state:[ 6  9 57  0  0  0  0  0], end state:[ 1  9 57  0  0  0  0  0]
INFO:Reinforcement.Functions:episode: 203, score:[2806.40], loss:[1.83465], sequence:[6], isInPoolRatio:[1.00], optActionSelectedRatio:[0.96], optActionInPoolButNotSelected:[0.03], random actions:[35], eInit:[0.1313], init state:[ 1 21 36  1  0  0  0  0], end state:[ 3 21 36  1  0  0  0  0]
INFO:Reinforcement.Functions:episode: 204, score:[2763.20], loss:[2.02117], sequence:[7], isInPoolRatio:[1.00], optActionSelectedRatio:[0.94], optActionInPoolButNotSelected:[0.04], random actions:[39], eInit:[0.1300], init state:[ 6  4 18  0  0  0  0  0], end state:[ 1  4 18  0  0  0  0  0]
INFO:Reinforcement.Functions:episode: 205, score:[2760.40], loss:[1.98049], sequence:[8], isInPoolRatio:[0.99], optActionSelectedRatio:[0.94], optActionInPoolButNotSelected:[0.04], random actions:[36], eInit:[0.1287], init state:[ 4  7 31  0  0  0  0  0], end state:[ 6  7 31  0  0  0  0  0]
INFO:Reinforcement.Functions:episode: 206, score:[2770.40], loss:[2.02830], sequence:[9], isInPoolRatio:[0.99], optActionSelectedRatio:[0.95], optActionInPoolButNotSelected:[0.02], random actions:[46], eInit:[0.1274], init state:[ 1 15 55  0  0  0  0  0], end state:[ 3 15 55  0  0  0  0  0]
INFO:Reinforcement.Functions:episode: 207, score:[2751.60], loss:[1.95393], sequence:[10], isInPoolRatio:[0.99], optActionSelectedRatio:[0.93], optActionInPoolButNotSelected:[0.04], random actions:[36], eInit:[0.1261], init state:[ 3  8 22  1  0  0  0  0], end state:[ 5  8 22  0  0  0  0  0]
INFO:Reinforcement.Functions:episode: 208, score:[2783.20], loss:[1.78522], sequence:[11], isInPoolRatio:[0.99], optActionSelectedRatio:[0.95], optActionInPoolButNotSelected:[0.04], random actions:[21], eInit:[0.1249], init state:[ 6  1 15  0  0  0  0  0], end state:[ 1  1 15  0  0  0  0  0]
INFO:Reinforcement.Functions:episode: 209, score:[2781.20], loss:[1.74661], sequence:[12], isInPoolRatio:[0.99], optActionSelectedRatio:[0.95], optActionInPoolButNotSelected:[0.03], random actions:[37], eInit:[0.1236], init state:[6 0 5 1 0 0 0 0], end state:[1 0 5 1 0 0 0 0]
INFO:Reinforcement.Functions:episode: 210, score:[2692.00], loss:[2.06206], sequence:[0], isInPoolRatio:[0.98], optActionSelectedRatio:[0.90], optActionInPoolButNotSelected:[0.07], random actions:[46], eInit:[0.1224], init state:[ 4 21 28  0  0  0  0  0], end state:[ 6 21 28  1  0  0  0  0]
INFO:Reinforcement.Functions:episode: 211, score:[2718.00], loss:[2.11598], sequence:[0], isInPoolRatio:[0.98], optActionSelectedRatio:[0.92], optActionInPoolButNotSelected:[0.05], random actions:[37], eInit:[0.1212], init state:[4 3 6 0 0 0 0 0], end state:[6 3 6 0 0 0 0 0]
INFO:Reinforcement.Functions:episode: 212, score:[2742.00], loss:[1.96460], sequence:[1], isInPoolRatio:[0.99], optActionSelectedRatio:[0.92], optActionInPoolButNotSelected:[0.06], random actions:[49], eInit:[0.1200], init state:[6 2 5 0 0 0 0 0], end state:[1 2 5 0 0 0 0 0]
INFO:Reinforcement.Functions:episode: 213, score:[2751.20], loss:[1.94678], sequence:[2], isInPoolRatio:[0.99], optActionSelectedRatio:[0.93], optActionInPoolButNotSelected:[0.05], random actions:[39], eInit:[0.1188], init state:[ 5  6 45  0  0  0  0  0], end state:[ 0  6 45  0  0  0  0  0]
INFO:Reinforcement.Functions:episode: 214, score:[2816.80], loss:[1.91738], sequence:[3], isInPoolRatio:[0.99], optActionSelectedRatio:[0.97], optActionInPoolButNotSelected:[0.02], random actions:[24], eInit:[0.1176], init state:[ 1  5 25  0  0  0  0  0], end state:[ 3  5 25  0  0  0  0  0]
INFO:Reinforcement.Functions:episode: 215, score:[2759.60], loss:[1.93658], sequence:[4], isInPoolRatio:[0.99], optActionSelectedRatio:[0.94], optActionInPoolButNotSelected:[0.03], random actions:[41], eInit:[0.1164], init state:[ 3  6 44  0  0  0  0  0], end state:[ 5  6 44  0  0  0  0  0]
INFO:Reinforcement.Functions:episode: 216, score:[2762.80], loss:[1.89860], sequence:[5], isInPoolRatio:[1.00], optActionSelectedRatio:[0.94], optActionInPoolButNotSelected:[0.04], random actions:[55], eInit:[0.1152], init state:[ 5  5 21  0  0  0  0  0], end state:[ 0  5 21  0  0  0  0  0]
INFO:Reinforcement.Functions:episode: 217, score:[2766.80], loss:[1.77333], sequence:[6], isInPoolRatio:[1.00], optActionSelectedRatio:[0.94], optActionInPoolButNotSelected:[0.05], random actions:[35], eInit:[0.1141], init state:[ 5 23  1  1  0  0  1  0], end state:[ 0 23  1  1  0  0  0  0]
INFO:Reinforcement.Functions:episode: 218, score:[2780.00], loss:[1.70971], sequence:[7], isInPoolRatio:[1.00], optActionSelectedRatio:[0.95], optActionInPoolButNotSelected:[0.04], random actions:[42], eInit:[0.1129], init state:[ 5  6 58  0  0  0  0  0], end state:[ 0  6 58  0  0  0  0  0]
INFO:Reinforcement.Functions:episode: 219, score:[2794.40], loss:[1.74227], sequence:[8], isInPoolRatio:[0.99], optActionSelectedRatio:[0.96], optActionInPoolButNotSelected:[0.02], random actions:[43], eInit:[0.1118], init state:[ 6 13 42  0  0  0  0  0], end state:[ 1 13 42  0  0  0  0  0]
INFO:Reinforcement.Functions:episode: 220, score:[2799.60], loss:[1.64996], sequence:[9], isInPoolRatio:[1.00], optActionSelectedRatio:[0.95], optActionInPoolButNotSelected:[0.03], random actions:[34], eInit:[0.1107], init state:[ 3 21 34  1  0  0  0  0], end state:[ 5 21 34  1  0  0  1  1]
INFO:Reinforcement.Functions:episode: 221, score:[2721.20], loss:[1.85821], sequence:[0], isInPoolRatio:[0.98], optActionSelectedRatio:[0.91], optActionInPoolButNotSelected:[0.06], random actions:[45], eInit:[0.1096], init state:[ 2 18 10  0  0  0  0  0], end state:[ 4 18 10  0  0  0  0  0]
INFO:Reinforcement.Functions:episode: 222, score:[2792.80], loss:[1.62841], sequence:[1], isInPoolRatio:[0.99], optActionSelectedRatio:[0.96], optActionInPoolButNotSelected:[0.03], random actions:[40], eInit:[0.1085], init state:[ 1 22  3  1  0  0  0  0], end state:[ 3 22  3  1  0  0  0  0]
INFO:Reinforcement.Functions:episode: 223, score:[2810.00], loss:[1.56802], sequence:[2], isInPoolRatio:[1.00], optActionSelectedRatio:[0.96], optActionInPoolButNotSelected:[0.02], random actions:[39], eInit:[0.1074], init state:[ 1  1 31  0  0  0  0  0], end state:[ 3  1 31  0  0  0  0  0]
INFO:Reinforcement.Functions:episode: 224, score:[2765.60], loss:[1.57574], sequence:[3], isInPoolRatio:[0.99], optActionSelectedRatio:[0.95], optActionInPoolButNotSelected:[0.04], random actions:[33], eInit:[0.1063], init state:[ 0 18 56  0  0  0  0  0], end state:[ 2 18 56  0  0  0  0  0]
INFO:Reinforcement.Functions:episode: 225, score:[2805.60], loss:[1.48890], sequence:[4], isInPoolRatio:[1.00], optActionSelectedRatio:[0.96], optActionInPoolButNotSelected:[0.03], random actions:[29], eInit:[0.1053], init state:[ 6 18 11  0  0  0  0  0], end state:[ 1 18 11  0  0  0  0  0]
INFO:Reinforcement.Functions:episode: 226, score:[2783.60], loss:[1.51903], sequence:[5], isInPoolRatio:[0.99], optActionSelectedRatio:[0.96], optActionInPoolButNotSelected:[0.02], random actions:[37], eInit:[0.1042], init state:[ 4  2 50  0  0  0  0  0], end state:[ 6  2 50  0  0  0  0  0]
INFO:Reinforcement.Functions:episode: 227, score:[2785.60], loss:[1.56237], sequence:[6], isInPoolRatio:[0.99], optActionSelectedRatio:[0.95], optActionInPoolButNotSelected:[0.03], random actions:[38], eInit:[0.1032], init state:[ 1  2 50  0  0  0  0  0], end state:[ 3  2 50  0  0  0  0  0]
